2016-03-03 02:34:12.711259, training on 4193 reactions...


=== Attribute Selection on all input data ===

Search Method:
	Attribute ranking.

Attribute Evaluator (supervised, Class (nominal): 1 boolean_crystallisation_outcome_manual_0):
	Information Gain Ranking Filter

Ranked attributes:
 0.06216       4 reaction_time_manual_0
 0.0551      220 Solv_amount_molarity_drp_0.02
 0.05299      25 O_mols_drp_0.02
 0.04043     138 Org_amount_molarity_drp_0.02
 0.03901      18 Na_mols_drp_0.02
 0.03608      52 H_mols_drp_0.02
 0.0354       68 C_mols_drp_0.02
 0.03311      57 V_mols_drp_0.02
 0.0324       97 N_mols_drp_0.02
 0.03211     199 Inorg_amount_molarity_drp_0.02
 0.02225     292 Ox_amount_molarity_drp_0.02
 0.02052      85 Se_mols_drp_0.02
 0.01928     226 Inorg_amount_count_drp_0.02
 0.01722     309 Solv_amount_count_drp_0.02
 0.0171      378 Org_amount_count_drp_0.02
 0.0171        3 reaction_temperature_manual_0
 0.01638     229 Org_drpInorgAtomElectronAffinity_geom_unw_drp_0.02_gmean_molarity_drp_DRP
 0.01638     343 Org_drpInorgAtomPearsonElectronegativity_max_drp_0.02_gmean_molarity_drp_DRP
 0.01638     409 Org_drpInorgAtomAtomicRadius_max_drp_0.02_gmean_molarity_drp_DRP
 0.01638     370 Org_drpInorgAtomPaulingElectronegativity_geom_unw_drp_0.02_gmean_molarity_drp_DRP
 0.01638     372 Org_drpInorgAtomIonizationEnergy_geom_stoich_drp_0.02_gmean_molarity_drp_DRP
 0.01638     354 Org_drpInorgAtomIonizationEnergy_range_drp_0.02_gmean_molarity_drp_DRP
 0.01638     160 Org_drpInorgAtomElectronAffinity_geom_stoich_drp_0.02_gmean_molarity_drp_DRP
 0.01638     156 Org_drpInorgAtomElectronAffinity_range_drp_0.02_gmean_molarity_drp_DRP
 0.01638     300 Org_drpInorgAtomHardness_max_drp_0.02_gmean_molarity_drp_DRP
 0.01638     258 Org_drpInorgAtomPearsonElectronegativity_geom_unw_drp_0.02_gmean_molarity_drp_DRP
 0.01638     272 Org_drpInorgAtomAtomicRadius_geom_stoich_drp_0.02_gmean_molarity_drp_DRP
 0.01638     263 Org_drpInorgAtomPearsonElectronegativity_geom_stoich_drp_0.02_gmean_molarity_drp_DRP
 0.01638     284 Org_drpInorgAtomPaulingElectronegativity_max_drp_0.02_gmean_molarity_drp_DRP
 0.01638     244 Org_drpInorgAtomPaulingElectronegativity_geom_stoich_drp_0.02_gmean_molarity_drp_DRP
 0.01638     231 Org_drpInorgAtomPearsonElectronegativity_range_drp_0.02_gmean_molarity_drp_DRP
 0.01638     143 Org_drpInorgAtomPaulingElectronegativity_range_drp_0.02_gmean_molarity_drp_DRP
 0.01638     303 Org_drpInorgAtomAtomicRadius_range_drp_0.02_gmean_molarity_drp_DRP
 0.01638     319 Org_drpInorgAtomHardness_range_drp_0.02_gmean_molarity_drp_DRP
 0.01638     255 Org_drpInorgAtomHardness_geom_unw_drp_0.02_gmean_molarity_drp_DRP
 0.01638     386 Org_drpInorgAtomHardness_geom_stoich_drp_0.02_gmean_molarity_drp_DRP
 0.01638     400 Org_drpInorgAtomAtomicRadius_geom_unw_drp_0.02_gmean_molarity_drp_DRP
 0.01638     189 Org_drpInorgAtomIonizationEnergy_geom_unw_drp_0.02_gmean_molarity_drp_DRP
 0.01638     374 Org_drpInorgAtomIonizationEnergy_max_drp_0.02_gmean_molarity_drp_DRP
 0.01638     174 Org_drpInorgAtomElectronAffinity_max_drp_0.02_gmean_molarity_drp_DRP
 0.01638     196 Org_mw_drprdkit_0_gmean_molarity_drp_DRP
 0.01592     237 Org_drpInorgAtomPearsonElectronegativity_geom_unw_drp_0.02_gmean_count_drp_DRP
 0.01592     223 Org_drpInorgAtomElectronAffinity_geom_stoich_drp_0.02_gmean_count_drp_DRP
 0.01592     308 Org_drpInorgAtomPaulingElectronegativity_geom_stoich_drp_0.02_gmean_count_drp_DRP
 0.01592     391 Org_drpInorgAtomPearsonElectronegativity_range_drp_0.02_gmean_count_drp_DRP
 0.01592     184 Org_drpInorgAtomElectronAffinity_geom_unw_drp_0.02_gmean_count_drp_DRP
 0.01592     254 Org_drpInorgAtomElectronAffinity_range_drp_0.02_gmean_count_drp_DRP
 0.01592     173 Org_mw_drprdkit_0_gmean_count_drp_DRP
 0.01592     188 Org_drpInorgAtomAtomicRadius_max_drp_0.02_gmean_count_drp_DRP
 0.01592     333 Org_drpInorgAtomPaulingElectronegativity_geom_unw_drp_0.02_gmean_count_drp_DRP
 0.01592     186 Org_drpInorgAtomIonizationEnergy_geom_stoich_drp_0.02_gmean_count_drp_DRP
 0.01592     383 Org_drpInorgAtomIonizationEnergy_geom_unw_drp_0.02_gmean_count_drp_DRP
 0.01592     260 Org_drpInorgAtomPaulingElectronegativity_range_drp_0.02_gmean_count_drp_DRP
 0.01592     340 Org_drpInorgAtomHardness_geom_stoich_drp_0.02_gmean_count_drp_DRP
 0.01592     227 Org_drpInorgAtomIonizationEnergy_max_drp_0.02_gmean_count_drp_DRP
 0.01592     208 Org_drpInorgAtomAtomicRadius_geom_unw_drp_0.02_gmean_count_drp_DRP
 0.01592     242 Org_drpInorgAtomPaulingElectronegativity_max_drp_0.02_gmean_count_drp_DRP
 0.01592     105 Org_drpInorgAtomPearsonElectronegativity_geom_stoich_drp_0.02_gmean_count_drp_DRP
 0.01592     134 Org_drpInorgAtomHardness_range_drp_0.02_gmean_count_drp_DRP
 0.01592     275 Org_drpInorgAtomPearsonElectronegativity_max_drp_0.02_gmean_count_drp_DRP
 0.01592     389 Org_drpInorgAtomAtomicRadius_range_drp_0.02_gmean_count_drp_DRP
 0.01592     271 Org_drpInorgAtomAtomicRadius_geom_stoich_drp_0.02_gmean_count_drp_DRP
 0.01592     216 Org_drpInorgAtomIonizationEnergy_range_drp_0.02_gmean_count_drp_DRP
 0.01592     212 Org_drpInorgAtomHardness_max_drp_0.02_gmean_count_drp_DRP
 0.01592     265 Org_drpInorgAtomHardness_geom_unw_drp_0.02_gmean_count_drp_DRP
 0.01592     266 Org_drpInorgAtomElectronAffinity_max_drp_0.02_gmean_count_drp_DRP
 0.01009      26 Cl_mols_drp_0.02
 0.00799       5 reaction_pH_manual_0
 0.00483      96 Ga_mols_drp_0.02
 0.00369      88 S_mols_drp_0.02
 0.00221     222 Ox_amount_count_drp_0.02
 0.00164      50 Cr_mols_drp_0.02
 0           126 Ox_drpInorgAtomPearsonElectronegativity_geom_unw_drp_0.02_gmean_count_drp_DRP
 0           130 Ox_drpInorgAtomIonizationEnergy_range_drp_0.02_gmean_molarity_drp_DRP
 0           127 Solv_drpInorgAtomHardness_geom_stoich_drp_0.02_Range_drp_DRP
 0           129 Ox_drpInorgAtomElectronAffinity_range_drp_0.02_gmean_count_drp_DRP
 0           128 Solv_drpInorgAtomPaulingElectronegativity_range_drp_0.02_gmean_molarity_drp_DRP
 0           118 Solv_drpInorgAtomIonizationEnergy_max_drp_0.02_Range_drp_DRP
 0           180 Ox_mw_drprdkit_0_Range_drp_DRP
 0           120 Ox_drpInorgAtomPaulingElectronegativity_range_drp_0.02_gmean_molarity_drp_DRP
 0           119 Solv_drpInorgAtomPearsonElectronegativity_range_drp_0.02_gmean_count_drp_DRP
 0           115 Org_drpInorgAtomElectronAffinity_max_drp_0.02_Range_drp_DRP
 0           114 Solv_drpInorgAtomElectronAffinity_geom_stoich_drp_0.02_gmean_count_drp_DRP
 0           117 Org_drpInorgAtomAtomicRadius_max_drp_0.02_Range_drp_DRP
 0           116 Solv_drpInorgAtomAtomicRadius_geom_stoich_drp_0.02_gmean_count_drp_DRP
 0           177 Solv_drpInorgAtomPearsonElectronegativity_max_drp_0.02_Range_drp_DRP
 0           124 Ox_drpInorgAtomHardness_range_drp_0.02_gmean_molarity_drp_DRP
 0           176 Solv_mw_drprdkit_0_Range_drp_DRP
 0           125 Org_drpInorgAtomPaulingElectronegativity_geom_stoich_drp_0.02_Max_drp_DRP
 0           179 Ox_mw_drprdkit_0_Max_drp_DRP
 0           121 Ox_drpInorgAtomPaulingElectronegativity_geom_stoich_drp_0.02_gmean_molarity_drp_DRP
 0           123 Ox_drpInorgAtomIonizationEnergy_max_drp_0.02_Range_drp_DRP
 0           178 Ox_drpInorgAtomPaulingElectronegativity_geom_unw_drp_0.02_Range_drp_DRP
 0           122 Ox_drpInorgAtomPearsonElectronegativity_range_drp_0.02_Max_drp_DRP
 0           155 Ox_drpInorgAtomHardness_range_drp_0.02_gmean_count_drp_DRP
 0           154 Solv_drpInorgAtomHardness_range_drp_0.02_gmean_molarity_drp_DRP
 0           158 Org_mw_drprdkit_0_Max_drp_DRP
 0           157 Org_drpInorgAtomPearsonElectronegativity_geom_stoich_drp_0.02_Range_drp_DRP
 0           151 Solv_drpInorgAtomAtomicRadius_max_drp_0.02_Max_drp_DRP
 0           171 Ox_drpInorgAtomPearsonElectronegativity_geom_unw_drp_0.02_gmean_molarity_drp_DRP
 0           170 Ox_drpInorgAtomIonizationEnergy_max_drp_0.02_Max_drp_DRP
 0           152 Ox_drpInorgAtomHardness_geom_stoich_drp_0.02_gmean_molarity_drp_DRP
 0           153 Ox_drpInorgAtomPaulingElectronegativity_max_drp_0.02_Max_drp_DRP
 0           169 Solv_drpInorgAtomAtomicRadius_geom_unw_drp_0.02_Max_drp_DRP
 0           165 Ox_drpInorgAtomPearsonElectronegativity_geom_unw_drp_0.02_Range_drp_DRP
 0           167 Solv_drpInorgAtomPaulingElectronegativity_geom_unw_drp_0.02_Range_drp_DRP
 0           166 Solv_drpInorgAtomPaulingElectronegativity_geom_stoich_drp_0.02_Range_drp_DRP
 0           168 Org_drpInorgAtomPearsonElectronegativity_geom_stoich_drp_0.02_Max_drp_DRP
 0           161 Org_drpInorgAtomHardness_max_drp_0.02_Max_drp_DRP
 0           159 Solv_drpInorgAtomIonizationEnergy_max_drp_0.02_gmean_molarity_drp_DRP
 0           164 Org_drpInorgAtomIonizationEnergy_max_drp_0.02_Max_drp_DRP
 0           162 Solv_drpInorgAtomElectronAffinity_range_drp_0.02_gmean_molarity_drp_DRP
 0           163 Ox_drpInorgAtomHardness_geom_stoich_drp_0.02_Range_drp_DRP
 0           137 Ox_drpInorgAtomIonizationEnergy_range_drp_0.02_gmean_count_drp_DRP
 0           136 Ox_drpInorgAtomElectronAffinity_range_drp_0.02_Range_drp_DRP
 0           140 Solv_drpInorgAtomPaulingElectronegativity_max_drp_0.02_gmean_molarity_drp_DRP
 0             2 teflon_pouch_manual_0
 0           139 Solv_drpInorgAtomAtomicRadius_geom_unw_drp_0.02_Range_drp_DRP
 0           132 Solv_drpInorgAtomAtomicRadius_range_drp_0.02_Range_drp_DRP
 0           131 Solv_drpInorgAtomPaulingElectronegativity_max_drp_0.02_Max_drp_DRP
 0           175 Ox_drpInorgAtomAtomicRadius_geom_stoich_drp_0.02_Max_drp_DRP
 0           133 Solv_drpInorgAtomAtomicRadius_range_drp_0.02_gmean_molarity_drp_DRP
 0           135 Ox_drpInorgAtomAtomicRadius_geom_stoich_drp_0.02_gmean_count_drp_DRP
 0           172 Ox_drpInorgAtomElectronAffinity_max_drp_0.02_Range_drp_DRP
 0           147 Org_drpInorgAtomElectronAffinity_geom_unw_drp_0.02_Max_drp_DRP
 0           150 Org_drpInorgAtomPearsonElectronegativity_max_drp_0.02_Max_drp_DRP
 0           148 Org_drpInorgAtomPaulingElectronegativity_geom_unw_drp_0.02_Max_drp_DRP
 0           149 Solv_drpInorgAtomHardness_geom_stoich_drp_0.02_gmean_molarity_drp_DRP
 0           142 Ox_drpInorgAtomPearsonElectronegativity_max_drp_0.02_gmean_count_drp_DRP
 0           141 Solv_drpInorgAtomIonizationEnergy_geom_unw_drp_0.02_Range_drp_DRP
 0           146 Org_drpInorgAtomPaulingElectronegativity_max_drp_0.02_Range_drp_DRP
 0           144 Solv_drpInorgAtomElectronAffinity_geom_stoich_drp_0.02_Max_drp_DRP
 0           145 Org_drpInorgAtomAtomicRadius_range_drp_0.02_Max_drp_DRP
 0            43 At_mols_drp_0.02
 0            41 Ti_mols_drp_0.02
 0            42 Np_mols_drp_0.02
 0            46 La_mols_drp_0.02
 0            44 Cd_mols_drp_0.02
 0            45 Al_mols_drp_0.02
 0            37 Br_mols_drp_0.02
 0            35 Ta_mols_drp_0.02
 0            36 Pa_mols_drp_0.02
 0            40 Nd_mols_drp_0.02
 0            38 Y_mols_drp_0.02
 0            39 Nb_mols_drp_0.02
 0            56 Zr_mols_drp_0.02
 0            54 U_mols_drp_0.02
 0            55 Sb_mols_drp_0.02
 0            59 B_mols_drp_0.02
 0             6 pre_heat_standing_manual_0
 0            58 Ag_mols_drp_0.02
 0            49 W_mols_drp_0.02
 0            47 Th_mols_drp_0.02
 0            48 Ca_mols_drp_0.02
 0            53 Ac_mols_drp_0.02
 0            51 Re_mols_drp_0.02
 0             7 K_mols_drp_0.02
 0             9 As_mols_drp_0.02
 0            16 Rb_mols_drp_0.02
 0            17 Ba_mols_drp_0.02
 0            21 Ir_mols_drp_0.02
 0            19 Po_mols_drp_0.02
 0            20 F_mols_drp_0.02
 0            12 Hg_mols_drp_0.02
 0            10 Xe_mols_drp_0.02
 0            11 Ar_mols_drp_0.02
 0            15 Si_mols_drp_0.02
 0            13 Co_mols_drp_0.02
 0            14 Pb_mols_drp_0.02
 0            31 Mn_mols_drp_0.02
 0            29 He_mols_drp_0.02
 0            30 Ni_mols_drp_0.02
 0            34 Sm_mols_drp_0.02
 0            32 Ho_mols_drp_0.02
 0            33 Cu_mols_drp_0.02
 0            24 Os_mols_drp_0.02
 0            22 Eu_mols_drp_0.02
 0            23 Sn_mols_drp_0.02
 0            28 Mo_mols_drp_0.02
 0             8 Yb_mols_drp_0.02
 0            27 Au_mols_drp_0.02
 0            95 Cs_mols_drp_0.02
 0            93 Am_mols_drp_0.02
 0            94 Ce_mols_drp_0.02
 0           100 Fe_mols_drp_0.02
 0            98 Zn_mols_drp_0.02
 0            99 Sc_mols_drp_0.02
 0            89 Er_mols_drp_0.02
 0            86 Ne_mols_drp_0.02
 0            87 Ge_mols_drp_0.02
 0            92 Pd_mols_drp_0.02
 0            90 Gd_mols_drp_0.02
 0            91 Pu_mols_drp_0.02
 0           110 Solv_drpInorgAtomPaulingElectronegativity_geom_stoich_drp_0.02_Max_drp_DRP
 0           108 Org_drpInorgAtomHardness_geom_stoich_drp_0.02_Range_drp_DRP
 0           109 Solv_drpInorgAtomHardness_geom_unw_drp_0.02_Max_drp_DRP
 0           113 Ox_drpInorgAtomPearsonElectronegativity_max_drp_0.02_Max_drp_DRP
 0           111 Org_drpInorgAtomHardness_geom_stoich_drp_0.02_Max_drp_DRP
 0           112 Solv_drpInorgAtomElectronAffinity_geom_stoich_drp_0.02_gmean_molarity_drp_DRP
 0           103 Ox_drpInorgAtomHardness_range_drp_0.02_Max_drp_DRP
 0           101 Bi_mols_drp_0.02
 0           102 Solv_drpInorgAtomIonizationEnergy_range_drp_0.02_Max_drp_DRP
 0           107 Ox_drpInorgAtomIonizationEnergy_geom_unw_drp_0.02_Range_drp_DRP
 0           104 Solv_drpInorgAtomIonizationEnergy_range_drp_0.02_gmean_count_drp_DRP
 0           106 Ox_drpInorgAtomPaulingElectronegativity_geom_unw_drp_0.02_gmean_count_drp_DRP
 0            69 P_mols_drp_0.02
 0            66 Kr_mols_drp_0.02
 0            67 Fr_mols_drp_0.02
 0            72 In_mols_drp_0.02
 0            70 Pr_mols_drp_0.02
 0            71 Tc_mols_drp_0.02
 0            62 Pt_mols_drp_0.02
 0            60 Mg_mols_drp_0.02
 0            61 Dy_mols_drp_0.02
 0            65 Tm_mols_drp_0.02
 0            63 Ra_mols_drp_0.02
 0            64 Rh_mols_drp_0.02
 0            81 Sr_mols_drp_0.02
 0            79 Tl_mols_drp_0.02
 0            80 Pm_mols_drp_0.02
 0            84 Tb_mols_drp_0.02
 0            82 Lu_mols_drp_0.02
 0            83 Li_mols_drp_0.02
 0            75 Te_mols_drp_0.02
 0            73 Be_mols_drp_0.02
 0            74 Rn_mols_drp_0.02
 0            78 Hf_mols_drp_0.02
 0            76 Ru_mols_drp_0.02
 0            77 I_mols_drp_0.02
 0           337 Solv_drpInorgAtomIonizationEnergy_max_drp_0.02_gmean_count_drp_DRP
 0           336 Ox_drpInorgAtomElectronAffinity_geom_unw_drp_0.02_Max_drp_DRP
 0           341 Solv_drpInorgAtomIonizationEnergy_range_drp_0.02_gmean_molarity_drp_DRP
 0           338 Org_drpInorgAtomIonizationEnergy_geom_unw_drp_0.02_Max_drp_DRP
 0           339 Solv_drpInorgAtomHardness_geom_unw_drp_0.02_Range_drp_DRP
 0           331 Solv_drpInorgAtomHardness_max_drp_0.02_gmean_count_drp_DRP
 0           329 Org_drpInorgAtomPearsonElectronegativity_geom_unw_drp_0.02_Range_drp_DRP
 0           330 Ox_drpInorgAtomPearsonElectronegativity_geom_stoich_drp_0.02_gmean_molarity_drp_DRP
 0           335 Ox_drpInorgAtomAtomicRadius_range_drp_0.02_gmean_molarity_drp_DRP
 0           332 Solv_drpInorgAtomElectronAffinity_geom_unw_drp_0.02_Max_drp_DRP
 0           334 Solv_drpInorgAtomIonizationEnergy_range_drp_0.02_Range_drp_DRP
 0           350 Solv_drpInorgAtomElectronAffinity_max_drp_0.02_gmean_molarity_drp_DRP
 0           349 Ox_drpInorgAtomAtomicRadius_geom_unw_drp_0.02_gmean_molarity_drp_DRP
 0           353 Ox_drpInorgAtomPearsonElectronegativity_max_drp_0.02_gmean_molarity_drp_DRP
 0           351 Solv_drpInorgAtomElectronAffinity_geom_unw_drp_0.02_gmean_count_drp_DRP
 0           352 Ox_drpInorgAtomAtomicRadius_max_drp_0.02_gmean_molarity_drp_DRP
 0           345 Org_drpInorgAtomElectronAffinity_range_drp_0.02_Range_drp_DRP
 0           342 Ox_drpInorgAtomIonizationEnergy_geom_stoich_drp_0.02_Range_drp_DRP
 0           344 Solv_drpInorgAtomPearsonElectronegativity_max_drp_0.02_gmean_molarity_drp_DRP
 0           348 Ox_drpInorgAtomIonizationEnergy_geom_stoich_drp_0.02_gmean_count_drp_DRP
 0           346 Org_drpInorgAtomElectronAffinity_range_drp_0.02_Max_drp_DRP
 0           347 Ox_drpInorgAtomElectronAffinity_range_drp_0.02_Max_drp_DRP
 0           313 Ox_drpInorgAtomPaulingElectronegativity_range_drp_0.02_Range_drp_DRP
 0           312 Solv_drpInorgAtomHardness_max_drp_0.02_Range_drp_DRP
 0           316 Ox_drpInorgAtomElectronAffinity_geom_stoich_drp_0.02_Range_drp_DRP
 0           314 Org_drpInorgAtomHardness_max_drp_0.02_Range_drp_DRP
 0           315 Ox_drpInorgAtomHardness_max_drp_0.02_Range_drp_DRP
 0           306 Org_drpInorgAtomIonizationEnergy_range_drp_0.02_Max_drp_DRP
 0           304 Solv_drpInorgAtomIonizationEnergy_geom_unw_drp_0.02_gmean_molarity_drp_DRP
 0           305 Org_drpInorgAtomIonizationEnergy_range_drp_0.02_Range_drp_DRP
 0           311 Ox_drpInorgAtomElectronAffinity_geom_unw_drp_0.02_gmean_count_drp_DRP
 0           307 Solv_drpInorgAtomPearsonElectronegativity_range_drp_0.02_Max_drp_DRP
 0           310 Solv_drpInorgAtomAtomicRadius_geom_stoich_drp_0.02_Max_drp_DRP
 0           325 Solv_drpInorgAtomElectronAffinity_max_drp_0.02_gmean_count_drp_DRP
 0           324 Ox_drpInorgAtomHardness_geom_unw_drp_0.02_gmean_molarity_drp_DRP
 0           328 Ox_drpInorgAtomAtomicRadius_geom_unw_drp_0.02_Max_drp_DRP
 0           326 Ox_drpInorgAtomHardness_max_drp_0.02_gmean_molarity_drp_DRP
 0           327 Org_drpInorgAtomIonizationEnergy_geom_stoich_drp_0.02_Max_drp_DRP
 0           320 Solv_drpInorgAtomPaulingElectronegativity_max_drp_0.02_gmean_count_drp_DRP
 0           317 Solv_drpInorgAtomPaulingElectronegativity_range_drp_0.02_Range_drp_DRP
 0           318 Org_drpInorgAtomElectronAffinity_geom_unw_drp_0.02_Range_drp_DRP
 0           323 Ox_drpInorgAtomHardness_geom_unw_drp_0.02_Range_drp_DRP
 0           321 Org_drpInorgAtomHardness_geom_unw_drp_0.02_Max_drp_DRP
 0           322 Org_drpInorgAtomAtomicRadius_range_drp_0.02_Range_drp_DRP
 0           393 Org_drpInorgAtomAtomicRadius_geom_unw_drp_0.02_Max_drp_DRP
 0           392 Solv_drpInorgAtomHardness_range_drp_0.02_Range_drp_DRP
 0           396 Solv_drpInorgAtomHardness_geom_stoich_drp_0.02_gmean_count_drp_DRP
 0           394 Solv_drpInorgAtomIonizationEnergy_geom_unw_drp_0.02_Max_drp_DRP
 0           395 Solv_mw_drprdkit_0_Max_drp_DRP
 0           385 Ox_drpInorgAtomIonizationEnergy_range_drp_0.02_Range_drp_DRP
 0           382 Solv_drpInorgAtomPearsonElectronegativity_geom_unw_drp_0.02_gmean_count_drp_DRP
 0           384 Ox_mw_drprdkit_0_gmean_molarity_drp_DRP
 0           390 Org_drpInorgAtomHardness_range_drp_0.02_Max_drp_DRP
 0           387 Solv_drpInorgAtomElectronAffinity_geom_unw_drp_0.02_Range_drp_DRP
 0           388 Solv_drpInorgAtomHardness_range_drp_0.02_Max_drp_DRP
 0           405 Ox_drpInorgAtomAtomicRadius_range_drp_0.02_Range_drp_DRP
 0           404 Solv_drpInorgAtomPearsonElectronegativity_range_drp_0.02_Range_drp_DRP
 0           408 Ox_drpInorgAtomAtomicRadius_geom_stoich_drp_0.02_Range_drp_DRP
 0           406 Solv_drpInorgAtomElectronAffinity_range_drp_0.02_gmean_count_drp_DRP
 0           407 Ox_drpInorgAtomPearsonElectronegativity_range_drp_0.02_gmean_count_drp_DRP
 0           399 Ox_drpInorgAtomIonizationEnergy_geom_stoich_drp_0.02_gmean_molarity_drp_DRP
 0           397 Ox_drpInorgAtomPaulingElectronegativity_geom_unw_drp_0.02_gmean_molarity_drp_DRP
 0           398 Solv_drpInorgAtomPearsonElectronegativity_geom_stoich_drp_0.02_Range_drp_DRP
 0           403 Ox_drpInorgAtomPearsonElectronegativity_range_drp_0.02_Range_drp_DRP
 0           401 Solv_drpInorgAtomElectronAffinity_max_drp_0.02_Max_drp_DRP
 0           402 Ox_drpInorgAtomElectronAffinity_geom_stoich_drp_0.02_gmean_molarity_drp_DRP
 0           362 Ox_drpInorgAtomIonizationEnergy_max_drp_0.02_gmean_molarity_drp_DRP
 0           361 Ox_drpInorgAtomPearsonElectronegativity_geom_stoich_drp_0.02_Range_drp_DRP
 0           365 Solv_drpInorgAtomPaulingElectronegativity_max_drp_0.02_Range_drp_DRP
 0           363 Ox_drpInorgAtomPaulingElectronegativity_geom_stoich_drp_0.02_gmean_count_drp_DRP
 0           364 Solv_drpInorgAtomPaulingElectronegativity_range_drp_0.02_Max_drp_DRP
 0           357 Ox_drpInorgAtomIonizationEnergy_geom_unw_drp_0.02_gmean_count_drp_DRP
 0           355 Solv_drpInorgAtomAtomicRadius_range_drp_0.02_Max_drp_DRP
 0           356 Solv_drpInorgAtomElectronAffinity_geom_stoich_drp_0.02_Range_drp_DRP
 0           360 Ox_drpInorgAtomHardness_geom_unw_drp_0.02_gmean_count_drp_DRP
 0           358 Ox_drpInorgAtomElectronAffinity_max_drp_0.02_gmean_count_drp_DRP
 0           359 Org_drpInorgAtomAtomicRadius_geom_stoich_drp_0.02_Max_drp_DRP
 0           377 Org_drpInorgAtomPearsonElectronegativity_range_drp_0.02_Max_drp_DRP
 0           375 Ox_drpInorgAtomAtomicRadius_max_drp_0.02_gmean_count_drp_DRP
 0           376 Org_mw_drprdkit_0_Range_drp_DRP
 0           381 Ox_drpInorgAtomElectronAffinity_geom_unw_drp_0.02_gmean_molarity_drp_DRP
 0           379 Org_drpInorgAtomPaulingElectronegativity_range_drp_0.02_Max_drp_DRP
 0           380 Solv_drpInorgAtomPearsonElectronegativity_geom_stoich_drp_0.02_gmean_count_drp_DRP
 0           368 Org_drpInorgAtomHardness_range_drp_0.02_Range_drp_DRP
 0           366 Org_drpInorgAtomElectronAffinity_geom_stoich_drp_0.02_Max_drp_DRP
 0           367 Solv_mw_drprdkit_0_gmean_molarity_drp_DRP
 0           373 Ox_drpInorgAtomIonizationEnergy_range_drp_0.02_Max_drp_DRP
 0           369 Solv_drpInorgAtomAtomicRadius_geom_stoich_drp_0.02_Range_drp_DRP
 0           371 Solv_drpInorgAtomPearsonElectronegativity_geom_stoich_drp_0.02_gmean_molarity_drp_DRP
 0           221 Ox_drpInorgAtomHardness_range_drp_0.02_Range_drp_DRP
 0           219 Solv_drpInorgAtomElectronAffinity_max_drp_0.02_Range_drp_DRP
 0           228 Org_drpInorgAtomPaulingElectronegativity_geom_stoich_drp_0.02_Range_drp_DRP
 0           224 Solv_drpInorgAtomAtomicRadius_max_drp_0.02_gmean_molarity_drp_DRP
 0           225 Solv_drpInorgAtomPearsonElectronegativity_geom_unw_drp_0.02_Range_drp_DRP
 0           214 Solv_drpInorgAtomPearsonElectronegativity_max_drp_0.02_Max_drp_DRP
 0           211 Solv_drpInorgAtomHardness_geom_unw_drp_0.02_gmean_count_drp_DRP
 0           213 Solv_drpInorgAtomPearsonElectronegativity_range_drp_0.02_gmean_molarity_drp_DRP
 0           218 Org_drpInorgAtomHardness_geom_unw_drp_0.02_Range_drp_DRP
 0           215 Org_drpInorgAtomIonizationEnergy_max_drp_0.02_Range_drp_DRP
 0           217 Solv_drpInorgAtomElectronAffinity_range_drp_0.02_Max_drp_DRP
 0           239 Org_drpInorgAtomAtomicRadius_max_drp_0.02_Max_drp_DRP
 0           238 Solv_drpInorgAtomPaulingElectronegativity_range_drp_0.02_gmean_count_drp_DRP
 0           243 Ox_drpInorgAtomPaulingElectronegativity_max_drp_0.02_gmean_count_drp_DRP
 0           240 Solv_drpInorgAtomPearsonElectronegativity_geom_unw_drp_0.02_Max_drp_DRP
 0           241 Org_drpInorgAtomElectronAffinity_geom_stoich_drp_0.02_Range_drp_DRP
 0           233 Solv_drpInorgAtomAtomicRadius_geom_unw_drp_0.02_gmean_count_drp_DRP
 0           230 Ox_drpInorgAtomAtomicRadius_geom_unw_drp_0.02_Range_drp_DRP
 0           232 Ox_drpInorgAtomPaulingElectronegativity_range_drp_0.02_gmean_count_drp_DRP
 0           236 Ox_drpInorgAtomElectronAffinity_max_drp_0.02_gmean_molarity_drp_DRP
 0           234 Ox_drpInorgAtomPearsonElectronegativity_geom_unw_drp_0.02_Max_drp_DRP
 0           235 Solv_drpInorgAtomIonizationEnergy_geom_stoich_drp_0.02_gmean_molarity_drp_DRP
 0           192 Ox_drpInorgAtomElectronAffinity_geom_stoich_drp_0.02_gmean_count_drp_DRP
 0           191 Org_drpInorgAtomIonizationEnergy_geom_unw_drp_0.02_Range_drp_DRP
 0           195 Ox_drpInorgAtomIonizationEnergy_geom_unw_drp_0.02_Max_drp_DRP
 0           193 Solv_drpInorgAtomHardness_max_drp_0.02_Max_drp_DRP
 0           194 Org_drpInorgAtomAtomicRadius_geom_stoich_drp_0.02_Range_drp_DRP
 0           183 Org_drpInorgAtomPaulingElectronegativity_range_drp_0.02_Range_drp_DRP
 0           181 Solv_drpInorgAtomIonizationEnergy_geom_unw_drp_0.02_gmean_count_drp_DRP
 0           182 Solv_drpInorgAtomIonizationEnergy_max_drp_0.02_Max_drp_DRP
 0           190 Org_drpInorgAtomAtomicRadius_geom_unw_drp_0.02_Range_drp_DRP
 0           185 Solv_drpInorgAtomIonizationEnergy_geom_stoich_drp_0.02_Range_drp_DRP
 0           187 Solv_drpInorgAtomPearsonElectronegativity_max_drp_0.02_gmean_count_drp_DRP
 0           206 Solv_drpInorgAtomIonizationEnergy_geom_stoich_drp_0.02_Max_drp_DRP
 0           204 Solv_drpInorgAtomAtomicRadius_geom_stoich_drp_0.02_gmean_molarity_drp_DRP
 0           205 Org_drpInorgAtomIonizationEnergy_geom_stoich_drp_0.02_Range_drp_DRP
 0           210 Ox_drpInorgAtomPaulingElectronegativity_range_drp_0.02_Max_drp_DRP
 0           207 Solv_drpInorgAtomAtomicRadius_max_drp_0.02_Range_drp_DRP
 0           209 Ox_drpInorgAtomIonizationEnergy_geom_unw_drp_0.02_gmean_molarity_drp_DRP
 0           200 Solv_mw_drprdkit_0_gmean_count_drp_DRP
 0           197 Ox_drpInorgAtomPaulingElectronegativity_geom_stoich_drp_0.02_Max_drp_DRP
 0           198 Org_drpInorgAtomElectronAffinity_max_drp_0.02_Max_drp_DRP
 0           203 Solv_drpInorgAtomAtomicRadius_geom_unw_drp_0.02_gmean_molarity_drp_DRP
 0           201 Solv_drpInorgAtomAtomicRadius_range_drp_0.02_gmean_count_drp_DRP
 0           202 Solv_drpInorgAtomPaulingElectronegativity_geom_stoich_drp_0.02_gmean_molarity_drp_DRP
 0           286 Solv_drpInorgAtomHardness_geom_unw_drp_0.02_gmean_molarity_drp_DRP
 0           285 Solv_drpInorgAtomHardness_range_drp_0.02_gmean_count_drp_DRP
 0           289 Ox_mw_drprdkit_0_gmean_count_drp_DRP
 0           287 Solv_drpInorgAtomPaulingElectronegativity_geom_unw_drp_0.02_gmean_count_drp_DRP
 0           288 Ox_drpInorgAtomElectronAffinity_geom_stoich_drp_0.02_Max_drp_DRP
 0           280 Ox_drpInorgAtomIonizationEnergy_max_drp_0.02_gmean_count_drp_DRP
 0           278 Org_drpInorgAtomPearsonElectronegativity_max_drp_0.02_Range_drp_DRP
 0           279 Solv_drpInorgAtomElectronAffinity_range_drp_0.02_Range_drp_DRP
 0           283 Ox_drpInorgAtomPearsonElectronegativity_geom_stoich_drp_0.02_gmean_count_drp_DRP
 0           281 Ox_drpInorgAtomIonizationEnergy_geom_stoich_drp_0.02_Max_drp_DRP
 0           282 Ox_drpInorgAtomPearsonElectronegativity_range_drp_0.02_gmean_molarity_drp_DRP
 0           298 Ox_drpInorgAtomElectronAffinity_geom_unw_drp_0.02_Range_drp_DRP
 0           297 Ox_drpInorgAtomHardness_geom_unw_drp_0.02_Max_drp_DRP
 0           302 Solv_drpInorgAtomIonizationEnergy_geom_stoich_drp_0.02_gmean_count_drp_DRP
 0           299 Solv_drpInorgAtomPaulingElectronegativity_geom_stoich_drp_0.02_gmean_count_drp_DRP
 0           301 Ox_drpInorgAtomAtomicRadius_geom_unw_drp_0.02_gmean_count_drp_DRP
 0           293 Ox_drpInorgAtomAtomicRadius_geom_stoich_drp_0.02_gmean_molarity_drp_DRP
 0           290 Ox_drpInorgAtomPaulingElectronegativity_geom_stoich_drp_0.02_Range_drp_DRP
 0           291 Org_drpInorgAtomPearsonElectronegativity_range_drp_0.02_Range_drp_DRP
 0           296 Ox_drpInorgAtomAtomicRadius_max_drp_0.02_Range_drp_DRP
 0           294 Ox_drpInorgAtomHardness_geom_stoich_drp_0.02_gmean_count_drp_DRP
 0           295 Solv_drpInorgAtomHardness_geom_stoich_drp_0.02_Max_drp_DRP
 0           252 Org_drpInorgAtomPaulingElectronegativity_geom_unw_drp_0.02_Range_drp_DRP
 0           251 Solv_drpInorgAtomPearsonElectronegativity_geom_unw_drp_0.02_gmean_molarity_drp_DRP
 0           257 Solv_drpInorgAtomPearsonElectronegativity_geom_stoich_drp_0.02_Max_drp_DRP
 0           253 Ox_drpInorgAtomHardness_max_drp_0.02_Max_drp_DRP
 0           256 Solv_drpInorgAtomHardness_max_drp_0.02_gmean_molarity_drp_DRP
 0           247 Org_drpInorgAtomPaulingElectronegativity_max_drp_0.02_Max_drp_DRP
 0           245 Solv_drpInorgAtomAtomicRadius_max_drp_0.02_gmean_count_drp_DRP
 0           246 Ox_drpInorgAtomAtomicRadius_max_drp_0.02_Max_drp_DRP
 0           250 Ox_drpInorgAtomAtomicRadius_range_drp_0.02_Max_drp_DRP
 0           248 Solv_drpInorgAtomPaulingElectronegativity_geom_unw_drp_0.02_gmean_molarity_drp_DRP
 0           249 Ox_drpInorgAtomPearsonElectronegativity_max_drp_0.02_Range_drp_DRP
 0           273 Org_drpInorgAtomPearsonElectronegativity_geom_unw_drp_0.02_Max_drp_DRP
 0           269 Ox_drpInorgAtomPaulingElectronegativity_geom_unw_drp_0.02_Max_drp_DRP
 0           270 Solv_drpInorgAtomElectronAffinity_geom_unw_drp_0.02_gmean_molarity_drp_DRP
 0           277 Ox_drpInorgAtomHardness_geom_stoich_drp_0.02_Max_drp_DRP
 0           274 Ox_drpInorgAtomAtomicRadius_range_drp_0.02_gmean_count_drp_DRP
 0           276 Ox_drpInorgAtomPaulingElectronegativity_max_drp_0.02_Range_drp_DRP
 0           262 Solv_drpInorgAtomPaulingElectronegativity_geom_unw_drp_0.02_Max_drp_DRP
 0           259 Ox_drpInorgAtomHardness_max_drp_0.02_gmean_count_drp_DRP
 0           261 Ox_drpInorgAtomElectronAffinity_range_drp_0.02_gmean_molarity_drp_DRP
 0           268 Ox_drpInorgAtomPearsonElectronegativity_geom_stoich_drp_0.02_Max_drp_DRP
 0           264 Ox_drpInorgAtomElectronAffinity_max_drp_0.02_Max_drp_DRP
 0           267 Ox_drpInorgAtomPaulingElectronegativity_max_drp_0.02_gmean_molarity_drp_DRP

Selected attributes: 4,220,25,138,18,52,68,57,97,199,292,85,226,309,378,3,229,343,409,370,372,354,160,156,300,258,272,263,284,244,231,143,303,319,255,386,400,189,374,174,196,237,223,308,391,184,254,173,188,333,186,383,260,340,227,208,242,105,134,275,389,271,216,212,265,266,26,5,96,88,222,50,126,130,127,129,128,118,180,120,119,115,114,117,116,177,124,176,125,179,121,123,178,122,155,154,158,157,151,171,170,152,153,169,165,167,166,168,161,159,164,162,163,137,136,140,2,139,132,131,175,133,135,172,147,150,148,149,142,141,146,144,145,43,41,42,46,44,45,37,35,36,40,38,39,56,54,55,59,6,58,49,47,48,53,51,7,9,16,17,21,19,20,12,10,11,15,13,14,31,29,30,34,32,33,24,22,23,28,8,27,95,93,94,100,98,99,89,86,87,92,90,91,110,108,109,113,111,112,103,101,102,107,104,106,69,66,67,72,70,71,62,60,61,65,63,64,81,79,80,84,82,83,75,73,74,78,76,77,337,336,341,338,339,331,329,330,335,332,334,350,349,353,351,352,345,342,344,348,346,347,313,312,316,314,315,306,304,305,311,307,310,325,324,328,326,327,320,317,318,323,321,322,393,392,396,394,395,385,382,384,390,387,388,405,404,408,406,407,399,397,398,403,401,402,362,361,365,363,364,357,355,356,360,358,359,377,375,376,381,379,380,368,366,367,373,369,371,221,219,228,224,225,214,211,213,218,215,217,239,238,243,240,241,233,230,232,236,234,235,192,191,195,193,194,183,181,182,190,185,187,206,204,205,210,207,209,200,197,198,203,201,202,286,285,289,287,288,280,278,279,283,281,282,298,297,302,299,301,293,290,291,296,294,295,252,251,257,253,256,247,245,246,250,248,249,273,269,270,277,274,276,262,259,261,268,264,267 : 408


	...Trained. Finished at 2016-03-03 02:46:00.589646.
