Starting building at 2016-04-01 21:27:00.965846
Splitting using MutualInfoSplitter
Split into train (2181), test (961)
Split into train (2184), test (958)
Split into train (2172), test (970)
Split into train (2182), test (960)
Split into train (2179), test (963)
Split into train (2198), test (944)
Split into train (2192), test (950)
Split into train (2197), test (945)
Split into train (2189), test (953)
Split into train (2187), test (955)
Split into train (2197), test (945)
Split into train (2198), test (944)
Split into train (2190), test (952)
Split into train (2171), test (971)
Split into train (2199), test (943)
2016-04-01 21:28:08.490977 statsModel 1369, saving to /home/gmartinn/DRP_main/DRP_repo/models/266_1369_weka_J48.model, training...
Writing arff to /home/gmartinn/DRP_main/DRP_repo/tmp/1369_74d7c63b-5143-44c7-a991-94f729ffacf0.arff
Running in Shell:
export CLASSPATH=$CLASSPATH:/usr/share/java/weka.jar; java weka.classifiers.meta.CostSensitiveClassifier -cost-matrix "[0.0 1.34546576188; 3.89464285714 0.0]" -W weka.classifiers.trees.J48 -t /home/gmartinn/DRP_main/DRP_repo/tmp/1369_74d7c63b-5143-44c7-a991-94f729ffacf0.arff -d /home/gmartinn/DRP_main/DRP_repo/models/266_1369_weka_J48.model -p 0 -c 6 -- 
	...Trained. Finished at 2016-04-01 21:28:48.400911. Saving statsModel... saved
Predicting test set...
Writing arff to /home/gmartinn/DRP_main/DRP_repo/tmp/1369_565b6ed6-d6d1-440f-beb2-050953255ec7.arff
Writing results to /home/gmartinn/DRP_main/DRP_repo/tmp/1369_428e0124-1646-4948-b5c5-5c0165ea78eb.out
Running in Shell:
export CLASSPATH=$CLASSPATH:/usr/share/java/weka.jar; java weka.classifiers.trees.J48 -T /home/gmartinn/DRP_main/DRP_repo/tmp/1369_565b6ed6-d6d1-440f-beb2-050953255ec7.arff -l /home/gmartinn/DRP_main/DRP_repo/models/266_1369_weka_J48.model -p 0 -c 6 1> /home/gmartinn/DRP_main/DRP_repo/tmp/1369_428e0124-1646-4948-b5c5-5c0165ea78eb.out
	...finished predicting. Storing predictions... predictions stored.
Confusion matrix for boolean_outcome_legacy_prediction_266_component_1369:
      False  True 
False  145   114  
 True  121   581  
Accuracy: 0.755
BCR: 0.691
2016-04-01 21:29:09.789458. 1 of 15 models built.
Elapsed model building time: 0:01:01.716328. Expected completion time: 2016-04-01 21:43:33.818050
2016-04-01 21:29:09.816087 statsModel 1373, saving to /home/gmartinn/DRP_main/DRP_repo/models/266_1373_weka_J48.model, training...
Writing arff to /home/gmartinn/DRP_main/DRP_repo/tmp/1373_9e168887-8865-451b-b662-f1a6cb1bece0.arff
Running in Shell:
export CLASSPATH=$CLASSPATH:/usr/share/java/weka.jar; java weka.classifiers.meta.CostSensitiveClassifier -cost-matrix "[0.0 1.35064935065; 3.85185185185 0.0]" -W weka.classifiers.trees.J48 -t /home/gmartinn/DRP_main/DRP_repo/tmp/1373_9e168887-8865-451b-b662-f1a6cb1bece0.arff -d /home/gmartinn/DRP_main/DRP_repo/models/266_1373_weka_J48.model -p 0 -c 6 -- 
	...Trained. Finished at 2016-04-01 21:29:53.455452. Saving statsModel... saved
Predicting test set...
Writing arff to /home/gmartinn/DRP_main/DRP_repo/tmp/1373_87c642d8-5403-441f-ba19-4a324e3899b7.arff
Writing results to /home/gmartinn/DRP_main/DRP_repo/tmp/1373_5d9b79bd-9efd-493f-b421-341fa72ddd00.out
Running in Shell:
export CLASSPATH=$CLASSPATH:/usr/share/java/weka.jar; java weka.classifiers.trees.J48 -T /home/gmartinn/DRP_main/DRP_repo/tmp/1373_87c642d8-5403-441f-ba19-4a324e3899b7.arff -l /home/gmartinn/DRP_main/DRP_repo/models/266_1373_weka_J48.model -p 0 -c 6 1> /home/gmartinn/DRP_main/DRP_repo/tmp/1373_5d9b79bd-9efd-493f-b421-341fa72ddd00.out
	...finished predicting. Storing predictions... predictions stored.
Confusion matrix for boolean_outcome_legacy_prediction_266_component_1373:
      False  True 
False  182   144  
 True   77   555  
Accuracy: 0.769
BCR: 0.748
2016-04-01 21:30:23.213281. 2 of 15 models built.
Elapsed model building time: 0:02:15.140151. Expected completion time: 2016-04-01 21:45:01.624262
2016-04-01 21:30:23.258932 statsModel 1379, saving to /home/gmartinn/DRP_main/DRP_repo/models/266_1379_weka_J48.model, training...
Writing arff to /home/gmartinn/DRP_main/DRP_repo/tmp/1379_b10a6ed3-22b1-453d-8a6a-5626c58b98db.arff
Running in Shell:
export CLASSPATH=$CLASSPATH:/usr/share/java/weka.jar; java weka.classifiers.meta.CostSensitiveClassifier -cost-matrix "[0.0 1.39230769231; 3.54901960784 0.0]" -W weka.classifiers.trees.J48 -t /home/gmartinn/DRP_main/DRP_repo/tmp/1379_b10a6ed3-22b1-453d-8a6a-5626c58b98db.arff -d /home/gmartinn/DRP_main/DRP_repo/models/266_1379_weka_J48.model -p 0 -c 6 -- 
	...Trained. Finished at 2016-04-01 21:30:57.948397. Saving statsModel... saved
Predicting test set...
Writing arff to /home/gmartinn/DRP_main/DRP_repo/tmp/1379_af24e3d2-a534-4325-8b82-01e3792bd916.arff
Writing results to /home/gmartinn/DRP_main/DRP_repo/tmp/1379_0f584923-9cf5-43c2-8d09-ddbc210b3a81.out
Running in Shell:
export CLASSPATH=$CLASSPATH:/usr/share/java/weka.jar; java weka.classifiers.trees.J48 -T /home/gmartinn/DRP_main/DRP_repo/tmp/1379_af24e3d2-a534-4325-8b82-01e3792bd916.arff -l /home/gmartinn/DRP_main/DRP_repo/models/266_1379_weka_J48.model -p 0 -c 6 1> /home/gmartinn/DRP_main/DRP_repo/tmp/1379_0f584923-9cf5-43c2-8d09-ddbc210b3a81.out
	...finished predicting. Storing predictions... predictions stored.
Confusion matrix for boolean_outcome_legacy_prediction_266_component_1379:
      False  True 
False  118   111  
 True   96   645  
Accuracy: 0.787
BCR: 0.702
2016-04-01 21:31:25.990529. 3 of 15 models built.
Elapsed model building time: 0:03:17.917399. Expected completion time: 2016-04-01 21:44:37.660125
2016-04-01 21:31:26.025399 statsModel 1384, saving to /home/gmartinn/DRP_main/DRP_repo/models/266_1384_weka_J48.model, training...
Writing arff to /home/gmartinn/DRP_main/DRP_repo/tmp/1384_0ecd8d78-aeed-4743-8c28-7e84b33ae1e6.arff
Running in Shell:
export CLASSPATH=$CLASSPATH:/usr/share/java/weka.jar; java weka.classifiers.meta.CostSensitiveClassifier -cost-matrix "[0.0 1.39335887612; 3.54220779221 0.0]" -W weka.classifiers.trees.J48 -t /home/gmartinn/DRP_main/DRP_repo/tmp/1384_0ecd8d78-aeed-4743-8c28-7e84b33ae1e6.arff -d /home/gmartinn/DRP_main/DRP_repo/models/266_1384_weka_J48.model -p 0 -c 6 -- 
	...Trained. Finished at 2016-04-01 21:31:59.101159. Saving statsModel... saved
Predicting test set...
Writing arff to /home/gmartinn/DRP_main/DRP_repo/tmp/1384_f9c9d1a2-4847-4895-9bcf-4c9b12fc9f6d.arff
Writing results to /home/gmartinn/DRP_main/DRP_repo/tmp/1384_13b13df1-60ef-4e50-a0ce-ee6d2ee5613f.out
Running in Shell:
export CLASSPATH=$CLASSPATH:/usr/share/java/weka.jar; java weka.classifiers.trees.J48 -T /home/gmartinn/DRP_main/DRP_repo/tmp/1384_f9c9d1a2-4847-4895-9bcf-4c9b12fc9f6d.arff -l /home/gmartinn/DRP_main/DRP_repo/models/266_1384_weka_J48.model -p 0 -c 6 1> /home/gmartinn/DRP_main/DRP_repo/tmp/1384_13b13df1-60ef-4e50-a0ce-ee6d2ee5613f.out
	...finished predicting. Storing predictions... predictions stored.
Confusion matrix for boolean_outcome_legacy_prediction_266_component_1384:
      False  True 
False  148   154  
 True   62   596  
Accuracy: 0.775
BCR: 0.75
2016-04-01 21:32:26.695311. 4 of 15 models built.
Elapsed model building time: 0:04:18.622181. Expected completion time: 2016-04-01 21:44:17.906309
2016-04-01 21:32:26.726361 statsModel 1390, saving to /home/gmartinn/DRP_main/DRP_repo/models/266_1390_weka_J48.model, training...
Writing arff to /home/gmartinn/DRP_main/DRP_repo/tmp/1390_92174c5a-d2c6-47b1-9a56-4171d0036e84.arff
Running in Shell:
export CLASSPATH=$CLASSPATH:/usr/share/java/weka.jar; java weka.classifiers.meta.CostSensitiveClassifier -cost-matrix "[0.0 1.35678704857; 3.80279232112 0.0]" -W weka.classifiers.trees.J48 -t /home/gmartinn/DRP_main/DRP_repo/tmp/1390_92174c5a-d2c6-47b1-9a56-4171d0036e84.arff -d /home/gmartinn/DRP_main/DRP_repo/models/266_1390_weka_J48.model -p 0 -c 6 -- 
	...Trained. Finished at 2016-04-01 21:33:01.438841. Saving statsModel... saved
Predicting test set...
Writing arff to /home/gmartinn/DRP_main/DRP_repo/tmp/1390_0e6e2a0b-bf07-4da1-b63c-58c9331a1109.arff
Writing results to /home/gmartinn/DRP_main/DRP_repo/tmp/1390_93999ffb-daef-4753-92b2-5b4e5e321fdc.out
Running in Shell:
export CLASSPATH=$CLASSPATH:/usr/share/java/weka.jar; java weka.classifiers.trees.J48 -T /home/gmartinn/DRP_main/DRP_repo/tmp/1390_0e6e2a0b-bf07-4da1-b63c-58c9331a1109.arff -l /home/gmartinn/DRP_main/DRP_repo/models/266_1390_weka_J48.model -p 0 -c 6 1> /home/gmartinn/DRP_main/DRP_repo/tmp/1390_93999ffb-daef-4753-92b2-5b4e5e321fdc.out
	...finished predicting. Storing predictions... predictions stored.
Confusion matrix for boolean_outcome_legacy_prediction_266_component_1390:
      False  True 
False  183   141  
 True   70   569  
Accuracy: 0.781
BCR: 0.762
2016-04-01 21:33:32.714410. 5 of 15 models built.
Elapsed model building time: 0:05:24.641280. Expected completion time: 2016-04-01 21:44:21.996970
2016-04-01 21:33:32.753854 statsModel 1395, saving to /home/gmartinn/DRP_main/DRP_repo/models/266_1395_weka_J48.model, training...
Writing arff to /home/gmartinn/DRP_main/DRP_repo/tmp/1395_95ab227c-0400-45f5-9b32-1f071ff8a5af.arff
Running in Shell:
export CLASSPATH=$CLASSPATH:/usr/share/java/weka.jar; java weka.classifiers.meta.CostSensitiveClassifier -cost-matrix "[0.0 1.33942717855; 3.94614003591 0.0]" -W weka.classifiers.trees.J48 -t /home/gmartinn/DRP_main/DRP_repo/tmp/1395_95ab227c-0400-45f5-9b32-1f071ff8a5af.arff -d /home/gmartinn/DRP_main/DRP_repo/models/266_1395_weka_J48.model -p 0 -c 6 -- 
	...Trained. Finished at 2016-04-01 21:34:02.989251. Saving statsModel... saved
Predicting test set...
Writing arff to /home/gmartinn/DRP_main/DRP_repo/tmp/1395_4eb75a64-f42a-43e5-b5b9-6c2e8b71036f.arff
Writing results to /home/gmartinn/DRP_main/DRP_repo/tmp/1395_0b56e5a7-1e1c-46ed-8c59-57ee54f01ba9.out
Running in Shell:
export CLASSPATH=$CLASSPATH:/usr/share/java/weka.jar; java weka.classifiers.trees.J48 -T /home/gmartinn/DRP_main/DRP_repo/tmp/1395_4eb75a64-f42a-43e5-b5b9-6c2e8b71036f.arff -l /home/gmartinn/DRP_main/DRP_repo/models/266_1395_weka_J48.model -p 0 -c 6 1> /home/gmartinn/DRP_main/DRP_repo/tmp/1395_0b56e5a7-1e1c-46ed-8c59-57ee54f01ba9.out
	...finished predicting. Storing predictions... predictions stored.
Confusion matrix for boolean_outcome_legacy_prediction_266_component_1395:
      False  True 
False  173   137  
 True   96   538  
Accuracy: 0.753
BCR: 0.72
2016-04-01 21:34:31.276007. 6 of 15 models built.
Elapsed model building time: 0:06:23.202877. Expected completion time: 2016-04-01 21:44:06.080322
2016-04-01 21:34:31.309913 statsModel 1400, saving to /home/gmartinn/DRP_main/DRP_repo/models/266_1400_weka_J48.model, training...
Writing arff to /home/gmartinn/DRP_main/DRP_repo/tmp/1400_74e2a42b-e045-4371-9a55-e831bbe3d5d9.arff
Running in Shell:
export CLASSPATH=$CLASSPATH:/usr/share/java/weka.jar; java weka.classifiers.meta.CostSensitiveClassifier -cost-matrix "[0.0 1.35141800247; 3.84561403509 0.0]" -W weka.classifiers.trees.J48 -t /home/gmartinn/DRP_main/DRP_repo/tmp/1400_74e2a42b-e045-4371-9a55-e831bbe3d5d9.arff -d /home/gmartinn/DRP_main/DRP_repo/models/266_1400_weka_J48.model -p 0 -c 6 -- 
	...Trained. Finished at 2016-04-01 21:35:05.129328. Saving statsModel... saved
Predicting test set...
Writing arff to /home/gmartinn/DRP_main/DRP_repo/tmp/1400_1a407bc6-80ec-4d83-9191-88f6eab6a903.arff
Writing results to /home/gmartinn/DRP_main/DRP_repo/tmp/1400_2b68ae52-32c9-402f-8c7e-c3ace9b3e03b.out
Running in Shell:
export CLASSPATH=$CLASSPATH:/usr/share/java/weka.jar; java weka.classifiers.trees.J48 -T /home/gmartinn/DRP_main/DRP_repo/tmp/1400_1a407bc6-80ec-4d83-9191-88f6eab6a903.arff -l /home/gmartinn/DRP_main/DRP_repo/models/266_1400_weka_J48.model -p 0 -c 6 1> /home/gmartinn/DRP_main/DRP_repo/tmp/1400_2b68ae52-32c9-402f-8c7e-c3ace9b3e03b.out
	...finished predicting. Storing predictions... predictions stored.
Confusion matrix for boolean_outcome_legacy_prediction_266_component_1400:
      False  True 
False  148   130  
 True  108   564  
Accuracy: 0.749
BCR: 0.695
2016-04-01 21:35:32.416412. 7 of 15 models built.
Elapsed model building time: 0:07:24.343282. Expected completion time: 2016-04-01 21:44:00.237306
2016-04-01 21:35:32.453012 statsModel 1405, saving to /home/gmartinn/DRP_main/DRP_repo/models/266_1405_weka_J48.model, training...
Writing arff to /home/gmartinn/DRP_main/DRP_repo/tmp/1405_cd3a9706-f9aa-423a-ad57-74cd4b12799a.arff
Running in Shell:
export CLASSPATH=$CLASSPATH:/usr/share/java/weka.jar; java weka.classifiers.meta.CostSensitiveClassifier -cost-matrix "[0.0 1.35033804548; 3.85438596491 0.0]" -W weka.classifiers.trees.J48 -t /home/gmartinn/DRP_main/DRP_repo/tmp/1405_cd3a9706-f9aa-423a-ad57-74cd4b12799a.arff -d /home/gmartinn/DRP_main/DRP_repo/models/266_1405_weka_J48.model -p 0 -c 6 -- 
	...Trained. Finished at 2016-04-01 21:36:05.002377. Saving statsModel... saved
Predicting test set...
Writing arff to /home/gmartinn/DRP_main/DRP_repo/tmp/1405_dfcc656c-9ab3-46fe-b0d9-4bd01b51f6a9.arff
Writing results to /home/gmartinn/DRP_main/DRP_repo/tmp/1405_a3f6f328-b7aa-450d-9c21-eb9eb71f641c.out
Running in Shell:
export CLASSPATH=$CLASSPATH:/usr/share/java/weka.jar; java weka.classifiers.trees.J48 -T /home/gmartinn/DRP_main/DRP_repo/tmp/1405_dfcc656c-9ab3-46fe-b0d9-4bd01b51f6a9.arff -l /home/gmartinn/DRP_main/DRP_repo/models/266_1405_weka_J48.model -p 0 -c 6 1> /home/gmartinn/DRP_main/DRP_repo/tmp/1405_a3f6f328-b7aa-450d-9c21-eb9eb71f641c.out
	...finished predicting. Storing predictions... predictions stored.
Confusion matrix for boolean_outcome_legacy_prediction_266_component_1405:
      False  True 
False  135   121  
 True  121   568  
Accuracy: 0.744
BCR: 0.676
2016-04-01 21:36:31.788040. 8 of 15 models built.
Elapsed model building time: 0:08:23.714910. Expected completion time: 2016-04-01 21:43:52.538586
2016-04-01 21:36:31.830553 statsModel 1410, saving to /home/gmartinn/DRP_main/DRP_repo/models/266_1410_weka_J48.model, training...
Writing arff to /home/gmartinn/DRP_main/DRP_repo/tmp/1410_699762ad-6615-492c-a033-f9038ae8943d.arff
Running in Shell:
export CLASSPATH=$CLASSPATH:/usr/share/java/weka.jar; java weka.classifiers.meta.CostSensitiveClassifier -cost-matrix "[0.0 1.37672955975; 3.65442404007 0.0]" -W weka.classifiers.trees.J48 -t /home/gmartinn/DRP_main/DRP_repo/tmp/1410_699762ad-6615-492c-a033-f9038ae8943d.arff -d /home/gmartinn/DRP_main/DRP_repo/models/266_1410_weka_J48.model -p 0 -c 6 -- 
	...Trained. Finished at 2016-04-01 21:37:05.529331. Saving statsModel... saved
Predicting test set...
Writing arff to /home/gmartinn/DRP_main/DRP_repo/tmp/1410_60f3f66b-57e8-48ca-8276-40a257672b18.arff
Writing results to /home/gmartinn/DRP_main/DRP_repo/tmp/1410_2ca6f09d-9461-4351-b10a-d015800e8df5.out
Running in Shell:
export CLASSPATH=$CLASSPATH:/usr/share/java/weka.jar; java weka.classifiers.trees.J48 -T /home/gmartinn/DRP_main/DRP_repo/tmp/1410_60f3f66b-57e8-48ca-8276-40a257672b18.arff -l /home/gmartinn/DRP_main/DRP_repo/models/266_1410_weka_J48.model -p 0 -c 6 1> /home/gmartinn/DRP_main/DRP_repo/tmp/1410_2ca6f09d-9461-4351-b10a-d015800e8df5.out
	...finished predicting. Storing predictions... predictions stored.
Confusion matrix for boolean_outcome_legacy_prediction_266_component_1410:
      False  True 
False  121   132  
 True  106   594  
Accuracy: 0.75
BCR: 0.676
2016-04-01 21:37:36.045714. 9 of 15 models built.
Elapsed model building time: 0:09:27.972584. Expected completion time: 2016-04-01 21:43:54.694103
2016-04-01 21:37:36.076765 statsModel 1415, saving to /home/gmartinn/DRP_main/DRP_repo/models/266_1415_weka_J48.model, training...
Writing arff to /home/gmartinn/DRP_main/DRP_repo/tmp/1415_52b8152d-e464-438f-86b9-acfda31037b9.arff
Running in Shell:
export CLASSPATH=$CLASSPATH:/usr/share/java/weka.jar; java weka.classifiers.meta.CostSensitiveClassifier -cost-matrix "[0.0 1.36346633416; 3.7512864494 0.0]" -W weka.classifiers.trees.J48 -t /home/gmartinn/DRP_main/DRP_repo/tmp/1415_52b8152d-e464-438f-86b9-acfda31037b9.arff -d /home/gmartinn/DRP_main/DRP_repo/models/266_1415_weka_J48.model -p 0 -c 6 -- 
	...Trained. Finished at 2016-04-01 21:38:05.568016. Saving statsModel... saved
Predicting test set...
Writing arff to /home/gmartinn/DRP_main/DRP_repo/tmp/1415_768612dd-2faf-4e45-b20b-49cfb52addd4.arff
Writing results to /home/gmartinn/DRP_main/DRP_repo/tmp/1415_c2f1efdf-4a62-4c7e-8577-3840455b0f87.out
Running in Shell:
export CLASSPATH=$CLASSPATH:/usr/share/java/weka.jar; java weka.classifiers.trees.J48 -T /home/gmartinn/DRP_main/DRP_repo/tmp/1415_768612dd-2faf-4e45-b20b-49cfb52addd4.arff -l /home/gmartinn/DRP_main/DRP_repo/models/266_1415_weka_J48.model -p 0 -c 6 1> /home/gmartinn/DRP_main/DRP_repo/tmp/1415_c2f1efdf-4a62-4c7e-8577-3840455b0f87.out
	...finished predicting. Storing predictions... predictions stored.
Confusion matrix for boolean_outcome_legacy_prediction_266_component_1415:
      False  True 
False  138   187  
 True  105   525  
Accuracy: 0.694
BCR: 0.653
2016-04-01 21:38:23.686548. 10 of 15 models built.
Elapsed model building time: 0:10:15.613418. Expected completion time: 2016-04-01 21:43:31.493257
2016-04-01 21:38:24.076037 statsModel 1419, saving to /home/gmartinn/DRP_main/DRP_repo/models/266_1419_weka_J48.model, training...
Writing arff to /home/gmartinn/DRP_main/DRP_repo/tmp/1419_0878d2b9-2f40-4425-b6d9-ba22200bf2e8.arff
Running in Shell:
export CLASSPATH=$CLASSPATH:/usr/share/java/weka.jar; java weka.classifiers.meta.CostSensitiveClassifier -cost-matrix "[0.0 1.35366605052; 3.8275261324 0.0]" -W weka.classifiers.trees.J48 -t /home/gmartinn/DRP_main/DRP_repo/tmp/1419_0878d2b9-2f40-4425-b6d9-ba22200bf2e8.arff -d /home/gmartinn/DRP_main/DRP_repo/models/266_1419_weka_J48.model -p 0 -c 6 -- 
	...Trained. Finished at 2016-04-01 21:39:04.297661. Saving statsModel... saved
Predicting test set...
Writing arff to /home/gmartinn/DRP_main/DRP_repo/tmp/1419_66e36dd6-7922-4202-8f22-0eac03c38718.arff
Writing results to /home/gmartinn/DRP_main/DRP_repo/tmp/1419_94cf6bee-d657-4dcf-91b1-75d168db6d21.out
Running in Shell:
export CLASSPATH=$CLASSPATH:/usr/share/java/weka.jar; java weka.classifiers.trees.J48 -T /home/gmartinn/DRP_main/DRP_repo/tmp/1419_66e36dd6-7922-4202-8f22-0eac03c38718.arff -l /home/gmartinn/DRP_main/DRP_repo/models/266_1419_weka_J48.model -p 0 -c 6 1> /home/gmartinn/DRP_main/DRP_repo/tmp/1419_94cf6bee-d657-4dcf-91b1-75d168db6d21.out
	...finished predicting. Storing predictions... predictions stored.
Confusion matrix for boolean_outcome_legacy_prediction_266_component_1419:
      False  True 
False  166   150  
 True   86   543  
Accuracy: 0.75
BCR: 0.721
2016-04-01 21:39:22.267304. 11 of 15 models built.
Elapsed model building time: 0:11:14.194174. Expected completion time: 2016-04-01 21:43:27.428822
2016-04-01 21:39:22.375721 statsModel 1424, saving to /home/gmartinn/DRP_main/DRP_repo/models/266_1424_weka_J48.model, training...
Writing arff to /home/gmartinn/DRP_main/DRP_repo/tmp/1424_586cef1f-e48d-40e7-a639-5c26acd8bc2e.arff
Running in Shell:
export CLASSPATH=$CLASSPATH:/usr/share/java/weka.jar; java weka.classifiers.meta.CostSensitiveClassifier -cost-matrix "[0.0 1.34106162294; 3.93202146691 0.0]" -W weka.classifiers.trees.J48 -t /home/gmartinn/DRP_main/DRP_repo/tmp/1424_586cef1f-e48d-40e7-a639-5c26acd8bc2e.arff -d /home/gmartinn/DRP_main/DRP_repo/models/266_1424_weka_J48.model -p 0 -c 6 -- 
	...Trained. Finished at 2016-04-01 21:40:03.787298. Saving statsModel... saved
Predicting test set...
Writing arff to /home/gmartinn/DRP_main/DRP_repo/tmp/1424_e38890bb-90b8-4d20-8036-44a61890e667.arff
Writing results to /home/gmartinn/DRP_main/DRP_repo/tmp/1424_ac4aff59-8d3e-46bb-b2c4-c107f45fe50f.out
Running in Shell:
export CLASSPATH=$CLASSPATH:/usr/share/java/weka.jar; java weka.classifiers.trees.J48 -T /home/gmartinn/DRP_main/DRP_repo/tmp/1424_e38890bb-90b8-4d20-8036-44a61890e667.arff -l /home/gmartinn/DRP_main/DRP_repo/models/266_1424_weka_J48.model -p 0 -c 6 1> /home/gmartinn/DRP_main/DRP_repo/tmp/1424_ac4aff59-8d3e-46bb-b2c4-c107f45fe50f.out
	...finished predicting. Storing predictions... predictions stored.
Confusion matrix for boolean_outcome_legacy_prediction_266_component_1424:
      False  True 
False  183   177  
 True   84   500  
Accuracy: 0.724
BCR: 0.712
2016-04-01 21:40:21.762616. 12 of 15 models built.
Elapsed model building time: 0:12:13.689486. Expected completion time: 2016-04-01 21:43:25.184988
2016-04-01 21:40:21.807627 statsModel 1428, saving to /home/gmartinn/DRP_main/DRP_repo/models/266_1428_weka_J48.model, training...
Writing arff to /home/gmartinn/DRP_main/DRP_repo/tmp/1428_4077fb33-22c8-4f5c-ad87-d9946fa23344.arff
Running in Shell:
export CLASSPATH=$CLASSPATH:/usr/share/java/weka.jar; java weka.classifiers.meta.CostSensitiveClassifier -cost-matrix "[0.0 1.34355828221; 3.91071428571 0.0]" -W weka.classifiers.trees.J48 -t /home/gmartinn/DRP_main/DRP_repo/tmp/1428_4077fb33-22c8-4f5c-ad87-d9946fa23344.arff -d /home/gmartinn/DRP_main/DRP_repo/models/266_1428_weka_J48.model -p 0 -c 6 -- 
	...Trained. Finished at 2016-04-01 21:40:57.724162. Saving statsModel... saved
Predicting test set...
Writing arff to /home/gmartinn/DRP_main/DRP_repo/tmp/1428_8a609a0a-7410-4a50-a239-2c5df91d373f.arff
Writing results to /home/gmartinn/DRP_main/DRP_repo/tmp/1428_5125d325-dfdd-4506-a9e8-668c364eb315.out
Running in Shell:
export CLASSPATH=$CLASSPATH:/usr/share/java/weka.jar; java weka.classifiers.trees.J48 -T /home/gmartinn/DRP_main/DRP_repo/tmp/1428_8a609a0a-7410-4a50-a239-2c5df91d373f.arff -l /home/gmartinn/DRP_main/DRP_repo/models/266_1428_weka_J48.model -p 0 -c 6 1> /home/gmartinn/DRP_main/DRP_repo/tmp/1428_5125d325-dfdd-4506-a9e8-668c364eb315.out
	...finished predicting. Storing predictions... predictions stored.
Confusion matrix for boolean_outcome_legacy_prediction_266_component_1428:
      False  True 
False  148   137  
 True  118   549  
Accuracy: 0.732
BCR: 0.678
2016-04-01 21:41:20.612504. 13 of 15 models built.
Elapsed model building time: 0:13:12.539374. Expected completion time: 2016-04-01 21:43:22.541638
2016-04-01 21:41:20.662371 statsModel 1433, saving to /home/gmartinn/DRP_main/DRP_repo/models/266_1433_weka_J48.model, training...
Writing arff to /home/gmartinn/DRP_main/DRP_repo/tmp/1433_7e967837-4988-4282-bb1a-d6ea4c3cd9d8.arff
Running in Shell:
export CLASSPATH=$CLASSPATH:/usr/share/java/weka.jar; java weka.classifiers.meta.CostSensitiveClassifier -cost-matrix "[0.0 1.32620647526; 4.06554307116 0.0]" -W weka.classifiers.trees.J48 -t /home/gmartinn/DRP_main/DRP_repo/tmp/1433_7e967837-4988-4282-bb1a-d6ea4c3cd9d8.arff -d /home/gmartinn/DRP_main/DRP_repo/models/266_1433_weka_J48.model -p 0 -c 6 -- 
	...Trained. Finished at 2016-04-01 21:41:58.824674. Saving statsModel... saved
Predicting test set...
Writing arff to /home/gmartinn/DRP_main/DRP_repo/tmp/1433_df3f1b76-612a-49d7-a94a-69c0c4d9450d.arff
Writing results to /home/gmartinn/DRP_main/DRP_repo/tmp/1433_f7ceb2c9-82e7-43c6-b36e-ca0bea4d0072.out
Running in Shell:
export CLASSPATH=$CLASSPATH:/usr/share/java/weka.jar; java weka.classifiers.trees.J48 -T /home/gmartinn/DRP_main/DRP_repo/tmp/1433_df3f1b76-612a-49d7-a94a-69c0c4d9450d.arff -l /home/gmartinn/DRP_main/DRP_repo/models/266_1433_weka_J48.model -p 0 -c 6 1> /home/gmartinn/DRP_main/DRP_repo/tmp/1433_f7ceb2c9-82e7-43c6-b36e-ca0bea4d0072.out
	...finished predicting. Storing predictions... predictions stored.
Confusion matrix for boolean_outcome_legacy_prediction_266_component_1433:
      False  True 
False  206   167  
 True   86   512  
Accuracy: 0.739
BCR: 0.73
2016-04-01 21:42:26.826218. 14 of 15 models built.
Elapsed model building time: 0:14:18.753088. Expected completion time: 2016-04-01 21:43:28.165724
2016-04-01 21:42:26.862430 statsModel 1439, saving to /home/gmartinn/DRP_main/DRP_repo/models/266_1439_weka_J48.model, training...
Writing arff to /home/gmartinn/DRP_main/DRP_repo/tmp/1439_c4ab0aa5-6c15-4b15-ae6e-5303f24f8efb.arff
Running in Shell:
export CLASSPATH=$CLASSPATH:/usr/share/java/weka.jar; java weka.classifiers.meta.CostSensitiveClassifier -cost-matrix "[0.0 1.34167175107; 3.92678571429 0.0]" -W weka.classifiers.trees.J48 -t /home/gmartinn/DRP_main/DRP_repo/tmp/1439_c4ab0aa5-6c15-4b15-ae6e-5303f24f8efb.arff -d /home/gmartinn/DRP_main/DRP_repo/models/266_1439_weka_J48.model -p 0 -c 6 -- 
	...Trained. Finished at 2016-04-01 21:43:00.097943. Saving statsModel... saved
Predicting test set...
Writing arff to /home/gmartinn/DRP_main/DRP_repo/tmp/1439_178535d8-0365-431c-bcb1-910b396e97ed.arff
Writing results to /home/gmartinn/DRP_main/DRP_repo/tmp/1439_a8823da3-e66d-4ec0-8cd9-73ea36f2d9f4.out
Running in Shell:
export CLASSPATH=$CLASSPATH:/usr/share/java/weka.jar; java weka.classifiers.trees.J48 -T /home/gmartinn/DRP_main/DRP_repo/tmp/1439_178535d8-0365-431c-bcb1-910b396e97ed.arff -l /home/gmartinn/DRP_main/DRP_repo/models/266_1439_weka_J48.model -p 0 -c 6 1> /home/gmartinn/DRP_main/DRP_repo/tmp/1439_a8823da3-e66d-4ec0-8cd9-73ea36f2d9f4.out
	...finished predicting. Storing predictions... predictions stored.
Confusion matrix for boolean_outcome_legacy_prediction_266_component_1439:
      False  True 
False  165   120  
 True  101   557  
Accuracy: 0.766
BCR: 0.722
2016-04-01 21:43:20.122704. 15 of 15 models built.
Elapsed model building time: 0:15:12.049574. Expected completion time: 2016-04-01 21:43:20.122704
Storing overall model predictions... Predictions stored
Finished at 2016-04-01 21:43:29.566319
Confusion matrix for boolean_outcome_legacy_prediction_266_summative__:
      False  True 
False  346   227  
 True  194   1236 
Accuracy: 0.79
BCR: 0.743
Confusion matrix for boolean_outcome_legacy_prediction_266_component_1369__:
      False  True 
False  145   114  
 True  121   581  
Accuracy: 0.755
BCR: 0.691
Confusion matrix for boolean_outcome_legacy_prediction_266_component_1373__:
      False  True 
False  182   144  
 True   77   555  
Accuracy: 0.769
BCR: 0.748
Confusion matrix for boolean_outcome_legacy_prediction_266_component_1379__:
      False  True 
False  118   111  
 True   96   645  
Accuracy: 0.787
BCR: 0.702
Confusion matrix for boolean_outcome_legacy_prediction_266_component_1384__:
      False  True 
False  148   154  
 True   62   596  
Accuracy: 0.775
BCR: 0.75
Confusion matrix for boolean_outcome_legacy_prediction_266_component_1390__:
      False  True 
False  183   141  
 True   70   569  
Accuracy: 0.781
BCR: 0.762
Confusion matrix for boolean_outcome_legacy_prediction_266_component_1395__:
      False  True 
False  173   137  
 True   96   538  
Accuracy: 0.753
BCR: 0.72
Confusion matrix for boolean_outcome_legacy_prediction_266_component_1400__:
      False  True 
False  148   130  
 True  108   564  
Accuracy: 0.749
BCR: 0.695
Confusion matrix for boolean_outcome_legacy_prediction_266_component_1405__:
      False  True 
False  135   121  
 True  121   568  
Accuracy: 0.744
BCR: 0.676
Confusion matrix for boolean_outcome_legacy_prediction_266_component_1410__:
      False  True 
False  121   132  
 True  106   594  
Accuracy: 0.75
BCR: 0.676
Confusion matrix for boolean_outcome_legacy_prediction_266_component_1415__:
      False  True 
False  138   187  
 True  105   525  
Accuracy: 0.694
BCR: 0.653
Confusion matrix for boolean_outcome_legacy_prediction_266_component_1419__:
      False  True 
False  166   150  
 True   86   543  
Accuracy: 0.75
BCR: 0.721
Confusion matrix for boolean_outcome_legacy_prediction_266_component_1424__:
      False  True 
False  183   177  
 True   84   500  
Accuracy: 0.724
BCR: 0.712
Confusion matrix for boolean_outcome_legacy_prediction_266_component_1428__:
      False  True 
False  148   137  
 True  118   549  
Accuracy: 0.732
BCR: 0.678
Confusion matrix for boolean_outcome_legacy_prediction_266_component_1433__:
      False  True 
False  206   167  
 True   86   512  
Accuracy: 0.739
BCR: 0.73
Confusion matrix for boolean_outcome_legacy_prediction_266_component_1439__:
      False  True 
False  165   120  
 True  101   557  
Accuracy: 0.766
BCR: 0.722
Average accuracy: 0.751
Average BCR: 0.709
