Starting building at 2016-03-31 13:04:23.274172
Splitting using MutualInfoSplitter
Split into train (2191), test (951)
Split into train (2198), test (944)
Split into train (2199), test (943)
Split into train (2191), test (951)
Split into train (2191), test (951)
Split into train (2175), test (967)
Split into train (2178), test (964)
Split into train (2192), test (950)
Split into train (2195), test (947)
Split into train (2174), test (968)
Split into train (2192), test (950)
Split into train (2194), test (948)
Split into train (2197), test (945)
Split into train (2199), test (943)
Split into train (2188), test (954)
2016-03-31 13:05:58.694764 statsModel 921, saving to /home/gmartinn/DRP_main/DRP_repo/models/236_921_weka_NaiveBayes.model, training...
Writing arff to /home/gmartinn/DRP_main/DRP_repo/tmp/921_261df61b-7e2f-4a52-9d3c-4eea2f84c82b.arff
Running in Shell:
export CLASSPATH=$CLASSPATH:/usr/share/java/weka.jar; java weka.classifiers.bayes.NaiveBayes -t /home/gmartinn/DRP_main/DRP_repo/tmp/921_261df61b-7e2f-4a52-9d3c-4eea2f84c82b.arff -d /home/gmartinn/DRP_main/DRP_repo/models/236_921_weka_NaiveBayes.model -p 0 -c 6
	...Trained. Finished at 2016-03-31 13:06:53.667518. Saving statsModel... saved
Predicting test set...
Writing arff to /home/gmartinn/DRP_main/DRP_repo/tmp/921_a2dd9269-05f8-4903-b2e3-95832859c656.arff
Writing results to /home/gmartinn/DRP_main/DRP_repo/tmp/921_8a2b09f6-bb68-449a-a9e5-fe05c433d92f.out
Running in Shell:
export CLASSPATH=$CLASSPATH:/usr/share/java/weka.jar; java weka.classifiers.bayes.NaiveBayes -T /home/gmartinn/DRP_main/DRP_repo/tmp/921_a2dd9269-05f8-4903-b2e3-95832859c656.arff -l /home/gmartinn/DRP_main/DRP_repo/models/236_921_weka_NaiveBayes.model -p 0 -c 6 1> /home/gmartinn/DRP_main/DRP_repo/tmp/921_8a2b09f6-bb68-449a-a9e5-fe05c433d92f.out
	...finished predicting. Storing predictions... predictions stored.
Confusion matrix for boolean_outcome_legacy_prediction_236_component_921:
      False  True 
False   97   291  
 True  112   451  
Accuracy: 0.576
BCR: 0.536
2016-03-31 13:07:23.479161. 1 of 15 models built.
Elapsed model building time: 0:01:24.877618. Expected completion time: 2016-03-31 13:27:11.765813
2016-03-31 13:07:23.527564 statsModel 923, saving to /home/gmartinn/DRP_main/DRP_repo/models/236_923_weka_NaiveBayes.model, training...
Writing arff to /home/gmartinn/DRP_main/DRP_repo/tmp/923_e44b8989-0041-43d4-b079-047a62394e21.arff
Running in Shell:
export CLASSPATH=$CLASSPATH:/usr/share/java/weka.jar; java weka.classifiers.bayes.NaiveBayes -t /home/gmartinn/DRP_main/DRP_repo/tmp/923_e44b8989-0041-43d4-b079-047a62394e21.arff -d /home/gmartinn/DRP_main/DRP_repo/models/236_923_weka_NaiveBayes.model -p 0 -c 6
	...Trained. Finished at 2016-03-31 13:08:21.202115. Saving statsModel... saved
Predicting test set...
Writing arff to /home/gmartinn/DRP_main/DRP_repo/tmp/923_09072ce9-f36e-47ef-961a-b4e6b5c2ef06.arff
Writing results to /home/gmartinn/DRP_main/DRP_repo/tmp/923_ee8b3a89-da42-4b70-be42-4e333954ed26.out
Running in Shell:
export CLASSPATH=$CLASSPATH:/usr/share/java/weka.jar; java weka.classifiers.bayes.NaiveBayes -T /home/gmartinn/DRP_main/DRP_repo/tmp/923_09072ce9-f36e-47ef-961a-b4e6b5c2ef06.arff -l /home/gmartinn/DRP_main/DRP_repo/models/236_923_weka_NaiveBayes.model -p 0 -c 6 1> /home/gmartinn/DRP_main/DRP_repo/tmp/923_ee8b3a89-da42-4b70-be42-4e333954ed26.out
	...finished predicting. Storing predictions... predictions stored.
Confusion matrix for boolean_outcome_legacy_prediction_236_component_923:
      False  True 
False  102   344  
 True  132   366  
Accuracy: 0.496
BCR: 0.476
2016-03-31 13:08:48.159552. 2 of 15 models built.
Elapsed model building time: 0:02:49.558009. Expected completion time: 2016-03-31 13:27:10.286611
2016-03-31 13:08:48.293723 statsModel 928, saving to /home/gmartinn/DRP_main/DRP_repo/models/236_928_weka_NaiveBayes.model, training...
Writing arff to /home/gmartinn/DRP_main/DRP_repo/tmp/928_917abb9a-3387-48a0-9a35-e95c86396300.arff
Running in Shell:
export CLASSPATH=$CLASSPATH:/usr/share/java/weka.jar; java weka.classifiers.bayes.NaiveBayes -t /home/gmartinn/DRP_main/DRP_repo/tmp/928_917abb9a-3387-48a0-9a35-e95c86396300.arff -d /home/gmartinn/DRP_main/DRP_repo/models/236_928_weka_NaiveBayes.model -p 0 -c 6
	...Trained. Finished at 2016-03-31 13:09:32.844296. Saving statsModel... saved
Predicting test set...
Writing arff to /home/gmartinn/DRP_main/DRP_repo/tmp/928_6cb1c9b3-ac4b-440e-b343-890007070aa8.arff
Writing results to /home/gmartinn/DRP_main/DRP_repo/tmp/928_198bb263-5366-4791-8219-dc8f078fe7e0.out
Running in Shell:
export CLASSPATH=$CLASSPATH:/usr/share/java/weka.jar; java weka.classifiers.bayes.NaiveBayes -T /home/gmartinn/DRP_main/DRP_repo/tmp/928_6cb1c9b3-ac4b-440e-b343-890007070aa8.arff -l /home/gmartinn/DRP_main/DRP_repo/models/236_928_weka_NaiveBayes.model -p 0 -c 6 1> /home/gmartinn/DRP_main/DRP_repo/tmp/928_198bb263-5366-4791-8219-dc8f078fe7e0.out
	...finished predicting. Storing predictions... predictions stored.
Confusion matrix for boolean_outcome_legacy_prediction_236_component_928:
      False  True 
False  161   406  
 True   86   290  
Accuracy: 0.478
BCR: 0.534
2016-03-31 13:10:04.199644. 3 of 15 models built.
Elapsed model building time: 0:04:05.598101. Expected completion time: 2016-03-31 13:26:26.592048
2016-03-31 13:10:04.235073 statsModel 929, saving to /home/gmartinn/DRP_main/DRP_repo/models/236_929_weka_NaiveBayes.model, training...
Writing arff to /home/gmartinn/DRP_main/DRP_repo/tmp/929_739826ee-a5ee-45b0-8632-428a6f57867d.arff
Running in Shell:
export CLASSPATH=$CLASSPATH:/usr/share/java/weka.jar; java weka.classifiers.bayes.NaiveBayes -t /home/gmartinn/DRP_main/DRP_repo/tmp/929_739826ee-a5ee-45b0-8632-428a6f57867d.arff -d /home/gmartinn/DRP_main/DRP_repo/models/236_929_weka_NaiveBayes.model -p 0 -c 6
	...Trained. Finished at 2016-03-31 13:10:58.589633. Saving statsModel... saved
Predicting test set...
Writing arff to /home/gmartinn/DRP_main/DRP_repo/tmp/929_541afa6a-7ae6-4da1-ba98-a64523a05f65.arff
Writing results to /home/gmartinn/DRP_main/DRP_repo/tmp/929_20838ee4-82cc-4cbf-b0d1-93233d75fb31.out
Running in Shell:
export CLASSPATH=$CLASSPATH:/usr/share/java/weka.jar; java weka.classifiers.bayes.NaiveBayes -T /home/gmartinn/DRP_main/DRP_repo/tmp/929_541afa6a-7ae6-4da1-ba98-a64523a05f65.arff -l /home/gmartinn/DRP_main/DRP_repo/models/236_929_weka_NaiveBayes.model -p 0 -c 6 1> /home/gmartinn/DRP_main/DRP_repo/tmp/929_20838ee4-82cc-4cbf-b0d1-93233d75fb31.out
	...finished predicting. Storing predictions... predictions stored.
Confusion matrix for boolean_outcome_legacy_prediction_236_component_929:
      False  True 
False  163   400  
 True   86   302  
Accuracy: 0.489
BCR: 0.542
2016-03-31 13:11:26.145124. 4 of 15 models built.
Elapsed model building time: 0:05:27.543581. Expected completion time: 2016-03-31 13:26:26.889972
2016-03-31 13:11:26.172240 statsModel 933, saving to /home/gmartinn/DRP_main/DRP_repo/models/236_933_weka_NaiveBayes.model, training...
Writing arff to /home/gmartinn/DRP_main/DRP_repo/tmp/933_da6dab6a-25ac-470b-a86b-f346481feb34.arff
Running in Shell:
export CLASSPATH=$CLASSPATH:/usr/share/java/weka.jar; java weka.classifiers.bayes.NaiveBayes -t /home/gmartinn/DRP_main/DRP_repo/tmp/933_da6dab6a-25ac-470b-a86b-f346481feb34.arff -d /home/gmartinn/DRP_main/DRP_repo/models/236_933_weka_NaiveBayes.model -p 0 -c 6
	...Trained. Finished at 2016-03-31 13:12:10.889276. Saving statsModel... saved
Predicting test set...
Writing arff to /home/gmartinn/DRP_main/DRP_repo/tmp/933_d2c29a82-25d0-4c8f-ac8a-2720151eeb91.arff
Writing results to /home/gmartinn/DRP_main/DRP_repo/tmp/933_c1137285-bea3-416c-b409-3951524f18d3.out
Running in Shell:
export CLASSPATH=$CLASSPATH:/usr/share/java/weka.jar; java weka.classifiers.bayes.NaiveBayes -T /home/gmartinn/DRP_main/DRP_repo/tmp/933_d2c29a82-25d0-4c8f-ac8a-2720151eeb91.arff -l /home/gmartinn/DRP_main/DRP_repo/models/236_933_weka_NaiveBayes.model -p 0 -c 6 1> /home/gmartinn/DRP_main/DRP_repo/tmp/933_c1137285-bea3-416c-b409-3951524f18d3.out
	...finished predicting. Storing predictions... predictions stored.
Confusion matrix for boolean_outcome_legacy_prediction_236_component_933:
      False  True 
False  198   429  
 True   63   261  
Accuracy: 0.483
BCR: 0.568
2016-03-31 13:12:44.802706. 5 of 15 models built.
Elapsed model building time: 0:06:46.201163. Expected completion time: 2016-03-31 13:26:17.205032
2016-03-31 13:12:44.829353 statsModel 936, saving to /home/gmartinn/DRP_main/DRP_repo/models/236_936_weka_NaiveBayes.model, training...
Writing arff to /home/gmartinn/DRP_main/DRP_repo/tmp/936_102aa276-fd9f-4960-bef4-ede7b75c6506.arff
Running in Shell:
export CLASSPATH=$CLASSPATH:/usr/share/java/weka.jar; java weka.classifiers.bayes.NaiveBayes -t /home/gmartinn/DRP_main/DRP_repo/tmp/936_102aa276-fd9f-4960-bef4-ede7b75c6506.arff -d /home/gmartinn/DRP_main/DRP_repo/models/236_936_weka_NaiveBayes.model -p 0 -c 6
	...Trained. Finished at 2016-03-31 13:13:46.217322. Saving statsModel... saved
Predicting test set...
Writing arff to /home/gmartinn/DRP_main/DRP_repo/tmp/936_2d648840-823b-4787-9f23-4a05bcddb554.arff
Writing results to /home/gmartinn/DRP_main/DRP_repo/tmp/936_9ef8104a-209e-4f8b-b078-b8ca7812af36.out
Running in Shell:
export CLASSPATH=$CLASSPATH:/usr/share/java/weka.jar; java weka.classifiers.bayes.NaiveBayes -T /home/gmartinn/DRP_main/DRP_repo/tmp/936_2d648840-823b-4787-9f23-4a05bcddb554.arff -l /home/gmartinn/DRP_main/DRP_repo/models/236_936_weka_NaiveBayes.model -p 0 -c 6 1> /home/gmartinn/DRP_main/DRP_repo/tmp/936_9ef8104a-209e-4f8b-b078-b8ca7812af36.out
	...finished predicting. Storing predictions... predictions stored.
Confusion matrix for boolean_outcome_legacy_prediction_236_component_936:
      False  True 
False  143   285  
 True  159   380  
Accuracy: 0.541
BCR: 0.522
2016-03-31 13:14:12.466637. 6 of 15 models built.
Elapsed model building time: 0:08:13.865094. Expected completion time: 2016-03-31 13:26:33.264278
2016-03-31 13:14:12.499062 statsModel 939, saving to /home/gmartinn/DRP_main/DRP_repo/models/236_939_weka_NaiveBayes.model, training...
Writing arff to /home/gmartinn/DRP_main/DRP_repo/tmp/939_01387d1e-1c99-4d46-85f0-77871601bd21.arff
Running in Shell:
export CLASSPATH=$CLASSPATH:/usr/share/java/weka.jar; java weka.classifiers.bayes.NaiveBayes -t /home/gmartinn/DRP_main/DRP_repo/tmp/939_01387d1e-1c99-4d46-85f0-77871601bd21.arff -d /home/gmartinn/DRP_main/DRP_repo/models/236_939_weka_NaiveBayes.model -p 0 -c 6
	...Trained. Finished at 2016-03-31 13:15:04.154002. Saving statsModel... saved
Predicting test set...
Writing arff to /home/gmartinn/DRP_main/DRP_repo/tmp/939_d201f46c-ed8c-4646-9f78-079c81eb4ae2.arff
Writing results to /home/gmartinn/DRP_main/DRP_repo/tmp/939_d5c7b368-53cf-4913-80bf-29e3425c1d45.out
Running in Shell:
export CLASSPATH=$CLASSPATH:/usr/share/java/weka.jar; java weka.classifiers.bayes.NaiveBayes -T /home/gmartinn/DRP_main/DRP_repo/tmp/939_d201f46c-ed8c-4646-9f78-079c81eb4ae2.arff -l /home/gmartinn/DRP_main/DRP_repo/models/236_939_weka_NaiveBayes.model -p 0 -c 6 1> /home/gmartinn/DRP_main/DRP_repo/tmp/939_d5c7b368-53cf-4913-80bf-29e3425c1d45.out
	...finished predicting. Storing predictions... predictions stored.
Confusion matrix for boolean_outcome_legacy_prediction_236_component_939:
      False  True 
False   95   229  
 True  148   492  
Accuracy: 0.609
BCR: 0.537
2016-03-31 13:15:35.789199. 7 of 15 models built.
Elapsed model building time: 0:09:37.187656. Expected completion time: 2016-03-31 13:26:35.432234
2016-03-31 13:15:35.828971 statsModel 944, saving to /home/gmartinn/DRP_main/DRP_repo/models/236_944_weka_NaiveBayes.model, training...
Writing arff to /home/gmartinn/DRP_main/DRP_repo/tmp/944_232d7734-55d0-44b0-953d-05059a7feed5.arff
Running in Shell:
export CLASSPATH=$CLASSPATH:/usr/share/java/weka.jar; java weka.classifiers.bayes.NaiveBayes -t /home/gmartinn/DRP_main/DRP_repo/tmp/944_232d7734-55d0-44b0-953d-05059a7feed5.arff -d /home/gmartinn/DRP_main/DRP_repo/models/236_944_weka_NaiveBayes.model -p 0 -c 6
	...Trained. Finished at 2016-03-31 13:16:31.729823. Saving statsModel... saved
Predicting test set...
Writing arff to /home/gmartinn/DRP_main/DRP_repo/tmp/944_f539fb93-2ecd-46e1-a59e-4b805f77259f.arff
Writing results to /home/gmartinn/DRP_main/DRP_repo/tmp/944_a08e2357-4919-442c-b904-290c6b11bb2e.out
Running in Shell:
export CLASSPATH=$CLASSPATH:/usr/share/java/weka.jar; java weka.classifiers.bayes.NaiveBayes -T /home/gmartinn/DRP_main/DRP_repo/tmp/944_f539fb93-2ecd-46e1-a59e-4b805f77259f.arff -l /home/gmartinn/DRP_main/DRP_repo/models/236_944_weka_NaiveBayes.model -p 0 -c 6 1> /home/gmartinn/DRP_main/DRP_repo/tmp/944_a08e2357-4919-442c-b904-290c6b11bb2e.out
	...finished predicting. Storing predictions... predictions stored.
Confusion matrix for boolean_outcome_legacy_prediction_236_component_944:
      False  True 
False  106   313  
 True  129   402  
Accuracy: 0.535
BCR: 0.507
2016-03-31 13:17:02.013307. 8 of 15 models built.
Elapsed model building time: 0:11:03.411764. Expected completion time: 2016-03-31 13:26:42.498600
2016-03-31 13:17:02.098226 statsModel 947, saving to /home/gmartinn/DRP_main/DRP_repo/models/236_947_weka_NaiveBayes.model, training...
Writing arff to /home/gmartinn/DRP_main/DRP_repo/tmp/947_64e5a293-4a12-4aae-8871-a304c846afdf.arff
Running in Shell:
export CLASSPATH=$CLASSPATH:/usr/share/java/weka.jar; java weka.classifiers.bayes.NaiveBayes -t /home/gmartinn/DRP_main/DRP_repo/tmp/947_64e5a293-4a12-4aae-8871-a304c846afdf.arff -d /home/gmartinn/DRP_main/DRP_repo/models/236_947_weka_NaiveBayes.model -p 0 -c 6
	...Trained. Finished at 2016-03-31 13:18:03.233150. Saving statsModel... saved
Predicting test set...
Writing arff to /home/gmartinn/DRP_main/DRP_repo/tmp/947_d6d8bd2d-ed74-4c37-948f-10ce8faef7da.arff
Writing results to /home/gmartinn/DRP_main/DRP_repo/tmp/947_1f02ef96-d333-4c34-b34c-4ce296589100.out
Running in Shell:
export CLASSPATH=$CLASSPATH:/usr/share/java/weka.jar; java weka.classifiers.bayes.NaiveBayes -T /home/gmartinn/DRP_main/DRP_repo/tmp/947_d6d8bd2d-ed74-4c37-948f-10ce8faef7da.arff -l /home/gmartinn/DRP_main/DRP_repo/models/236_947_weka_NaiveBayes.model -p 0 -c 6 1> /home/gmartinn/DRP_main/DRP_repo/tmp/947_1f02ef96-d333-4c34-b34c-4ce296589100.out
	...finished predicting. Storing predictions... predictions stored.
Confusion matrix for boolean_outcome_legacy_prediction_236_component_947:
      False  True 
False  119   347  
 True  138   343  
Accuracy: 0.488
BCR: 0.48
2016-03-31 13:18:31.152366. 9 of 15 models built.
Elapsed model building time: 0:12:32.550823. Expected completion time: 2016-03-31 13:26:52.852915
2016-03-31 13:18:31.196373 statsModel 951, saving to /home/gmartinn/DRP_main/DRP_repo/models/236_951_weka_NaiveBayes.model, training...
Writing arff to /home/gmartinn/DRP_main/DRP_repo/tmp/951_b1b1af3e-f7e2-44da-8645-285abe14489d.arff
Running in Shell:
export CLASSPATH=$CLASSPATH:/usr/share/java/weka.jar; java weka.classifiers.bayes.NaiveBayes -t /home/gmartinn/DRP_main/DRP_repo/tmp/951_b1b1af3e-f7e2-44da-8645-285abe14489d.arff -d /home/gmartinn/DRP_main/DRP_repo/models/236_951_weka_NaiveBayes.model -p 0 -c 6
	...Trained. Finished at 2016-03-31 13:19:32.909026. Saving statsModel... saved
Predicting test set...
Writing arff to /home/gmartinn/DRP_main/DRP_repo/tmp/951_6bcaf786-1a7b-4f12-815b-af385bb19351.arff
Writing results to /home/gmartinn/DRP_main/DRP_repo/tmp/951_aca8ec6d-b0ea-4ffb-9b7b-f34d792aaedf.out
Running in Shell:
export CLASSPATH=$CLASSPATH:/usr/share/java/weka.jar; java weka.classifiers.bayes.NaiveBayes -T /home/gmartinn/DRP_main/DRP_repo/tmp/951_6bcaf786-1a7b-4f12-815b-af385bb19351.arff -l /home/gmartinn/DRP_main/DRP_repo/models/236_951_weka_NaiveBayes.model -p 0 -c 6 1> /home/gmartinn/DRP_main/DRP_repo/tmp/951_aca8ec6d-b0ea-4ffb-9b7b-f34d792aaedf.out
	...finished predicting. Storing predictions... predictions stored.
Confusion matrix for boolean_outcome_legacy_prediction_236_component_951:
      False  True 
False  103   224  
 True  173   468  
Accuracy: 0.59
BCR: 0.525
2016-03-31 13:20:02.717746. 10 of 15 models built.
Elapsed model building time: 0:14:04.116203. Expected completion time: 2016-03-31 13:27:04.775848
2016-03-31 13:20:02.760650 statsModel 955, saving to /home/gmartinn/DRP_main/DRP_repo/models/236_955_weka_NaiveBayes.model, training...
Writing arff to /home/gmartinn/DRP_main/DRP_repo/tmp/955_1b701c24-3a66-4da1-ada4-564bcffb1d7e.arff
Running in Shell:
export CLASSPATH=$CLASSPATH:/usr/share/java/weka.jar; java weka.classifiers.bayes.NaiveBayes -t /home/gmartinn/DRP_main/DRP_repo/tmp/955_1b701c24-3a66-4da1-ada4-564bcffb1d7e.arff -d /home/gmartinn/DRP_main/DRP_repo/models/236_955_weka_NaiveBayes.model -p 0 -c 6
	...Trained. Finished at 2016-03-31 13:20:52.153612. Saving statsModel... saved
Predicting test set...
Writing arff to /home/gmartinn/DRP_main/DRP_repo/tmp/955_53eba033-7943-4b9d-a21f-4982c1dabf88.arff
Writing results to /home/gmartinn/DRP_main/DRP_repo/tmp/955_bbe22cd2-577f-4ad1-a240-27f31b9b390f.out
Running in Shell:
export CLASSPATH=$CLASSPATH:/usr/share/java/weka.jar; java weka.classifiers.bayes.NaiveBayes -T /home/gmartinn/DRP_main/DRP_repo/tmp/955_53eba033-7943-4b9d-a21f-4982c1dabf88.arff -l /home/gmartinn/DRP_main/DRP_repo/models/236_955_weka_NaiveBayes.model -p 0 -c 6 1> /home/gmartinn/DRP_main/DRP_repo/tmp/955_bbe22cd2-577f-4ad1-a240-27f31b9b390f.out
	...finished predicting. Storing predictions... predictions stored.
Confusion matrix for boolean_outcome_legacy_prediction_236_component_955:
      False  True 
False  180   366  
 True   76   328  
Accuracy: 0.535
BCR: 0.588
2016-03-31 13:21:24.999954. 11 of 15 models built.
Elapsed model building time: 0:15:26.398411. Expected completion time: 2016-03-31 13:27:01.872103
2016-03-31 13:21:25.041697 statsModel 958, saving to /home/gmartinn/DRP_main/DRP_repo/models/236_958_weka_NaiveBayes.model, training...
Writing arff to /home/gmartinn/DRP_main/DRP_repo/tmp/958_9d3710d3-d31d-40cd-a4de-2586fbcb6b16.arff
Running in Shell:
export CLASSPATH=$CLASSPATH:/usr/share/java/weka.jar; java weka.classifiers.bayes.NaiveBayes -t /home/gmartinn/DRP_main/DRP_repo/tmp/958_9d3710d3-d31d-40cd-a4de-2586fbcb6b16.arff -d /home/gmartinn/DRP_main/DRP_repo/models/236_958_weka_NaiveBayes.model -p 0 -c 6
	...Trained. Finished at 2016-03-31 13:22:19.756193. Saving statsModel... saved
Predicting test set...
Writing arff to /home/gmartinn/DRP_main/DRP_repo/tmp/958_4cabae37-cbed-49af-aed6-5357fdb6d2d2.arff
Writing results to /home/gmartinn/DRP_main/DRP_repo/tmp/958_b998327c-512c-4e06-abf4-97f1b080908c.out
Running in Shell:
export CLASSPATH=$CLASSPATH:/usr/share/java/weka.jar; java weka.classifiers.bayes.NaiveBayes -T /home/gmartinn/DRP_main/DRP_repo/tmp/958_4cabae37-cbed-49af-aed6-5357fdb6d2d2.arff -l /home/gmartinn/DRP_main/DRP_repo/models/236_958_weka_NaiveBayes.model -p 0 -c 6 1> /home/gmartinn/DRP_main/DRP_repo/tmp/958_b998327c-512c-4e06-abf4-97f1b080908c.out
	...finished predicting. Storing predictions... predictions stored.
Confusion matrix for boolean_outcome_legacy_prediction_236_component_958:
      False  True 
False  162   427  
 True   66   293  
Accuracy: 0.48
BCR: 0.559
2016-03-31 13:22:49.769444. 12 of 15 models built.
Elapsed model building time: 0:16:51.167901. Expected completion time: 2016-03-31 13:27:02.561419
2016-03-31 13:22:49.804634 statsModel 962, saving to /home/gmartinn/DRP_main/DRP_repo/models/236_962_weka_NaiveBayes.model, training...
Writing arff to /home/gmartinn/DRP_main/DRP_repo/tmp/962_be8ed8a8-7ace-4fbb-9729-add897783f4c.arff
Running in Shell:
export CLASSPATH=$CLASSPATH:/usr/share/java/weka.jar; java weka.classifiers.bayes.NaiveBayes -t /home/gmartinn/DRP_main/DRP_repo/tmp/962_be8ed8a8-7ace-4fbb-9729-add897783f4c.arff -d /home/gmartinn/DRP_main/DRP_repo/models/236_962_weka_NaiveBayes.model -p 0 -c 6
	...Trained. Finished at 2016-03-31 13:23:41.313419. Saving statsModel... saved
Predicting test set...
Writing arff to /home/gmartinn/DRP_main/DRP_repo/tmp/962_a1bac808-5eee-4fff-bf22-64d6a4c92e66.arff
Writing results to /home/gmartinn/DRP_main/DRP_repo/tmp/962_40ea740c-4f14-4a94-b141-a32821b62b5b.out
Running in Shell:
export CLASSPATH=$CLASSPATH:/usr/share/java/weka.jar; java weka.classifiers.bayes.NaiveBayes -T /home/gmartinn/DRP_main/DRP_repo/tmp/962_a1bac808-5eee-4fff-bf22-64d6a4c92e66.arff -l /home/gmartinn/DRP_main/DRP_repo/models/236_962_weka_NaiveBayes.model -p 0 -c 6 1> /home/gmartinn/DRP_main/DRP_repo/tmp/962_40ea740c-4f14-4a94-b141-a32821b62b5b.out
	...finished predicting. Storing predictions... predictions stored.
Confusion matrix for boolean_outcome_legacy_prediction_236_component_962:
      False  True 
False  153   273  
 True  110   409  
Accuracy: 0.595
BCR: 0.591
2016-03-31 13:24:10.701228. 13 of 15 models built.
Elapsed model building time: 0:18:12.099685. Expected completion time: 2016-03-31 13:26:58.716564
2016-03-31 13:24:10.731589 statsModel 965, saving to /home/gmartinn/DRP_main/DRP_repo/models/236_965_weka_NaiveBayes.model, training...
Writing arff to /home/gmartinn/DRP_main/DRP_repo/tmp/965_ad00cb3d-a44e-49d8-a31f-499bec479985.arff
Running in Shell:
export CLASSPATH=$CLASSPATH:/usr/share/java/weka.jar; java weka.classifiers.bayes.NaiveBayes -t /home/gmartinn/DRP_main/DRP_repo/tmp/965_ad00cb3d-a44e-49d8-a31f-499bec479985.arff -d /home/gmartinn/DRP_main/DRP_repo/models/236_965_weka_NaiveBayes.model -p 0 -c 6
	...Trained. Finished at 2016-03-31 13:25:02.501287. Saving statsModel... saved
Predicting test set...
Writing arff to /home/gmartinn/DRP_main/DRP_repo/tmp/965_90d7ee43-6187-48b8-a11b-097dbb885e31.arff
Writing results to /home/gmartinn/DRP_main/DRP_repo/tmp/965_5f4fb896-8990-4dcf-8441-5c18417aab70.out
Running in Shell:
export CLASSPATH=$CLASSPATH:/usr/share/java/weka.jar; java weka.classifiers.bayes.NaiveBayes -T /home/gmartinn/DRP_main/DRP_repo/tmp/965_90d7ee43-6187-48b8-a11b-097dbb885e31.arff -l /home/gmartinn/DRP_main/DRP_repo/models/236_965_weka_NaiveBayes.model -p 0 -c 6 1> /home/gmartinn/DRP_main/DRP_repo/tmp/965_5f4fb896-8990-4dcf-8441-5c18417aab70.out
	...finished predicting. Storing predictions... predictions stored.
Confusion matrix for boolean_outcome_legacy_prediction_236_component_965:
      False  True 
False  116   243  
 True  142   442  
Accuracy: 0.592
BCR: 0.547
2016-03-31 13:25:33.920683. 14 of 15 models built.
Elapsed model building time: 0:19:35.319140. Expected completion time: 2016-03-31 13:26:57.872050
2016-03-31 13:25:33.965337 statsModel 969, saving to /home/gmartinn/DRP_main/DRP_repo/models/236_969_weka_NaiveBayes.model, training...
Writing arff to /home/gmartinn/DRP_main/DRP_repo/tmp/969_7b58b230-fba2-4e2d-a5e9-b70f5c2c9f8a.arff
Running in Shell:
export CLASSPATH=$CLASSPATH:/usr/share/java/weka.jar; java weka.classifiers.bayes.NaiveBayes -t /home/gmartinn/DRP_main/DRP_repo/tmp/969_7b58b230-fba2-4e2d-a5e9-b70f5c2c9f8a.arff -d /home/gmartinn/DRP_main/DRP_repo/models/236_969_weka_NaiveBayes.model -p 0 -c 6
	...Trained. Finished at 2016-03-31 13:26:35.081067. Saving statsModel... saved
Predicting test set...
Writing arff to /home/gmartinn/DRP_main/DRP_repo/tmp/969_7d04ce26-9ab0-4af1-ac38-8328a8875b0d.arff
Writing results to /home/gmartinn/DRP_main/DRP_repo/tmp/969_1be647f6-3fb0-4cca-aa50-2e2e5437f1c8.out
Running in Shell:
export CLASSPATH=$CLASSPATH:/usr/share/java/weka.jar; java weka.classifiers.bayes.NaiveBayes -T /home/gmartinn/DRP_main/DRP_repo/tmp/969_7d04ce26-9ab0-4af1-ac38-8328a8875b0d.arff -l /home/gmartinn/DRP_main/DRP_repo/models/236_969_weka_NaiveBayes.model -p 0 -c 6 1> /home/gmartinn/DRP_main/DRP_repo/tmp/969_1be647f6-3fb0-4cca-aa50-2e2e5437f1c8.out
	...finished predicting. Storing predictions... predictions stored.
Confusion matrix for boolean_outcome_legacy_prediction_236_component_969:
      False  True 
False  200   493  
 True   46   215  
Accuracy: 0.435
BCR: 0.558
2016-03-31 13:27:07.006578. 15 of 15 models built.
Elapsed model building time: 0:21:08.405035. Expected completion time: 2016-03-31 13:27:07.006578
Storing overall model predictions... Predictions stored
Finished at 2016-03-31 13:27:20.247710
Confusion matrix for boolean_outcome_legacy_prediction_236_summative__:
      False  True 
False  310   697  
 True  230   766  
Accuracy: 0.537
BCR: 0.549
Confusion matrix for boolean_outcome_legacy_prediction_236_component_921__:
      False  True 
False   97   291  
 True  112   451  
Accuracy: 0.576
BCR: 0.536
Confusion matrix for boolean_outcome_legacy_prediction_236_component_923__:
      False  True 
False  102   344  
 True  132   366  
Accuracy: 0.496
BCR: 0.476
Confusion matrix for boolean_outcome_legacy_prediction_236_component_928__:
      False  True 
False  161   406  
 True   86   290  
Accuracy: 0.478
BCR: 0.534
Confusion matrix for boolean_outcome_legacy_prediction_236_component_929__:
      False  True 
False  163   400  
 True   86   302  
Accuracy: 0.489
BCR: 0.542
Confusion matrix for boolean_outcome_legacy_prediction_236_component_933__:
      False  True 
False  198   429  
 True   63   261  
Accuracy: 0.483
BCR: 0.568
Confusion matrix for boolean_outcome_legacy_prediction_236_component_936__:
      False  True 
False  143   285  
 True  159   380  
Accuracy: 0.541
BCR: 0.522
Confusion matrix for boolean_outcome_legacy_prediction_236_component_939__:
      False  True 
False   95   229  
 True  148   492  
Accuracy: 0.609
BCR: 0.537
Confusion matrix for boolean_outcome_legacy_prediction_236_component_944__:
      False  True 
False  106   313  
 True  129   402  
Accuracy: 0.535
BCR: 0.507
Confusion matrix for boolean_outcome_legacy_prediction_236_component_947__:
      False  True 
False  119   347  
 True  138   343  
Accuracy: 0.488
BCR: 0.48
Confusion matrix for boolean_outcome_legacy_prediction_236_component_951__:
      False  True 
False  103   224  
 True  173   468  
Accuracy: 0.59
BCR: 0.525
Confusion matrix for boolean_outcome_legacy_prediction_236_component_955__:
      False  True 
False  180   366  
 True   76   328  
Accuracy: 0.535
BCR: 0.588
Confusion matrix for boolean_outcome_legacy_prediction_236_component_958__:
      False  True 
False  162   427  
 True   66   293  
Accuracy: 0.48
BCR: 0.559
Confusion matrix for boolean_outcome_legacy_prediction_236_component_962__:
      False  True 
False  153   273  
 True  110   409  
Accuracy: 0.595
BCR: 0.591
Confusion matrix for boolean_outcome_legacy_prediction_236_component_965__:
      False  True 
False  116   243  
 True  142   442  
Accuracy: 0.592
BCR: 0.547
Confusion matrix for boolean_outcome_legacy_prediction_236_component_969__:
      False  True 
False  200   493  
 True   46   215  
Accuracy: 0.435
BCR: 0.558
Average accuracy: 0.528
Average BCR: 0.538
