Starting building at 2016-03-15 15:52:17.034533
Splitting using MutualInfoSplitter
Split into train (2196), test (946)
Split into train (2178), test (964)
Split into train (2187), test (955)
Split into train (2194), test (948)
Split into train (2180), test (962)
Split into train (2197), test (945)
Split into train (2199), test (943)
Split into train (2176), test (966)
Split into train (2198), test (944)
Split into train (2173), test (969)
Split into train (2197), test (945)
Split into train (2195), test (947)
Split into train (2179), test (963)
Split into train (2198), test (944)
Split into train (2197), test (945)
2016-03-15 15:54:49.024914 statsModel 2040, saving to /home/gmartinn/DRP_main/DRP_repo/models/968_2040_weka_SVM_PUK_BCR.model, training...
	...Trained. Finished at 2016-03-15 16:00:42.560231. Saving statsModel... saved
Predicting test set...
Writing arff to /home/gmartinn/DRP_main/DRP_repo/tmp/2040_61b8c20f-7c34-4cf1-9328-89846842d4c2.arff
Writing results to /home/gmartinn/DRP_main/DRP_repo/tmp/2040_85f4e81a-1c95-4567-91e7-e2d2ebc0f69f.out
Running in Shell:
export CLASSPATH=$CLASSPATH:/usr/share/java/weka.jar; java weka.classifiers.functions.SMO -T /home/gmartinn/DRP_main/DRP_repo/tmp/2040_61b8c20f-7c34-4cf1-9328-89846842d4c2.arff -l /home/gmartinn/DRP_main/DRP_repo/models/968_2040_weka_SVM_PUK_BCR.model -p 0 -c 1 1> /home/gmartinn/DRP_main/DRP_repo/tmp/2040_85f4e81a-1c95-4567-91e7-e2d2ebc0f69f.out
	...finished predicting. Storing predictions... predictions stored.
2016-03-15 16:06:22.736761. 1 of 15 models built.
Elapsed model building time: 0:11:33.771359. Expected completion time: 2016-03-15 18:48:15.535787
2016-03-15 16:06:22.815339 statsModel 2047, saving to /home/gmartinn/DRP_main/DRP_repo/models/968_2047_weka_SVM_PUK_BCR.model, training...
	...Trained. Finished at 2016-03-15 16:11:03.205367. Saving statsModel... saved
Predicting test set...
Writing arff to /home/gmartinn/DRP_main/DRP_repo/tmp/2047_b7bca09f-c0b5-4d75-a767-f309fd840fba.arff
Writing results to /home/gmartinn/DRP_main/DRP_repo/tmp/2047_cfa704d4-b9d1-4ecb-96af-7b086fedf3d2.out
Running in Shell:
export CLASSPATH=$CLASSPATH:/usr/share/java/weka.jar; java weka.classifiers.functions.SMO -T /home/gmartinn/DRP_main/DRP_repo/tmp/2047_b7bca09f-c0b5-4d75-a767-f309fd840fba.arff -l /home/gmartinn/DRP_main/DRP_repo/models/968_2047_weka_SVM_PUK_BCR.model -p 0 -c 1 1> /home/gmartinn/DRP_main/DRP_repo/tmp/2047_cfa704d4-b9d1-4ecb-96af-7b086fedf3d2.out
	...finished predicting. Storing predictions... predictions stored.
2016-03-15 16:15:33.159347. 2 of 15 models built.
Elapsed model building time: 0:20:44.193945. Expected completion time: 2016-03-15 18:30:20.419990
2016-03-15 16:15:33.203316 statsModel 2054, saving to /home/gmartinn/DRP_main/DRP_repo/models/968_2054_weka_SVM_PUK_BCR.model, training...
	...Trained. Finished at 2016-03-15 16:20:22.105304. Saving statsModel... saved
Predicting test set...
Writing arff to /home/gmartinn/DRP_main/DRP_repo/tmp/2054_64366b75-88af-443d-b642-9efb912bdac7.arff
Writing results to /home/gmartinn/DRP_main/DRP_repo/tmp/2054_076f36c5-ec14-447c-97d4-e38e55502803.out
Running in Shell:
export CLASSPATH=$CLASSPATH:/usr/share/java/weka.jar; java weka.classifiers.functions.SMO -T /home/gmartinn/DRP_main/DRP_repo/tmp/2054_64366b75-88af-443d-b642-9efb912bdac7.arff -l /home/gmartinn/DRP_main/DRP_repo/models/968_2054_weka_SVM_PUK_BCR.model -p 0 -c 1 1> /home/gmartinn/DRP_main/DRP_repo/tmp/2054_076f36c5-ec14-447c-97d4-e38e55502803.out
	...finished predicting. Storing predictions... predictions stored.
2016-03-15 16:24:03.244569. 3 of 15 models built.
Elapsed model building time: 0:29:14.279167. Expected completion time: 2016-03-15 18:21:00.361237
2016-03-15 16:24:03.280863 statsModel 2061, saving to /home/gmartinn/DRP_main/DRP_repo/models/968_2061_weka_SVM_PUK_BCR.model, training...
	...Trained. Finished at 2016-03-15 16:28:48.963060. Saving statsModel... saved
Predicting test set...
Writing arff to /home/gmartinn/DRP_main/DRP_repo/tmp/2061_7dc9b573-5c9c-4415-b49e-8b804029d8fc.arff
Writing results to /home/gmartinn/DRP_main/DRP_repo/tmp/2061_efaa11d8-7cc3-4ef0-8a55-d8f190b370fe.out
Running in Shell:
export CLASSPATH=$CLASSPATH:/usr/share/java/weka.jar; java weka.classifiers.functions.SMO -T /home/gmartinn/DRP_main/DRP_repo/tmp/2061_7dc9b573-5c9c-4415-b49e-8b804029d8fc.arff -l /home/gmartinn/DRP_main/DRP_repo/models/968_2061_weka_SVM_PUK_BCR.model -p 0 -c 1 1> /home/gmartinn/DRP_main/DRP_repo/tmp/2061_efaa11d8-7cc3-4ef0-8a55-d8f190b370fe.out
	...finished predicting. Storing predictions... predictions stored.
2016-03-15 16:33:50.718296. 4 of 15 models built.
Elapsed model building time: 0:39:01.752894. Expected completion time: 2016-03-15 18:21:10.538755
2016-03-15 16:33:50.769645 statsModel 2066, saving to /home/gmartinn/DRP_main/DRP_repo/models/968_2066_weka_SVM_PUK_BCR.model, training...
	...Trained. Finished at 2016-03-15 16:38:13.793128. Saving statsModel... saved
Predicting test set...
Writing arff to /home/gmartinn/DRP_main/DRP_repo/tmp/2066_2c3a4d69-13f0-4252-ae35-3c851cee589b.arff
Writing results to /home/gmartinn/DRP_main/DRP_repo/tmp/2066_8fb03860-dd9d-44ac-abad-015eb72025e8.out
Running in Shell:
export CLASSPATH=$CLASSPATH:/usr/share/java/weka.jar; java weka.classifiers.functions.SMO -T /home/gmartinn/DRP_main/DRP_repo/tmp/2066_2c3a4d69-13f0-4252-ae35-3c851cee589b.arff -l /home/gmartinn/DRP_main/DRP_repo/models/968_2066_weka_SVM_PUK_BCR.model -p 0 -c 1 1> /home/gmartinn/DRP_main/DRP_repo/tmp/2066_8fb03860-dd9d-44ac-abad-015eb72025e8.out
	...finished predicting. Storing predictions... predictions stored.
2016-03-15 16:44:15.602145. 5 of 15 models built.
Elapsed model building time: 0:49:26.636743. Expected completion time: 2016-03-15 18:23:08.875631
2016-03-15 16:44:15.683377 statsModel 2069, saving to /home/gmartinn/DRP_main/DRP_repo/models/968_2069_weka_SVM_PUK_BCR.model, training...
	...Trained. Finished at 2016-03-15 16:48:31.156733. Saving statsModel... saved
Predicting test set...
Writing arff to /home/gmartinn/DRP_main/DRP_repo/tmp/2069_d07009a4-9712-4303-9673-a4ccfd7f1044.arff
Writing results to /home/gmartinn/DRP_main/DRP_repo/tmp/2069_d73b44ab-bd69-403b-a2c7-b2f4ed85f10b.out
Running in Shell:
export CLASSPATH=$CLASSPATH:/usr/share/java/weka.jar; java weka.classifiers.functions.SMO -T /home/gmartinn/DRP_main/DRP_repo/tmp/2069_d07009a4-9712-4303-9673-a4ccfd7f1044.arff -l /home/gmartinn/DRP_main/DRP_repo/models/968_2069_weka_SVM_PUK_BCR.model -p 0 -c 1 1> /home/gmartinn/DRP_main/DRP_repo/tmp/2069_d73b44ab-bd69-403b-a2c7-b2f4ed85f10b.out
	...finished predicting. Storing predictions... predictions stored.
2016-03-15 16:53:15.215846. 6 of 15 models built.
Elapsed model building time: 0:58:26.250444. Expected completion time: 2016-03-15 18:20:54.591512
2016-03-15 16:53:15.283504 statsModel 2071, saving to /home/gmartinn/DRP_main/DRP_repo/models/968_2071_weka_SVM_PUK_BCR.model, training...
	...Trained. Finished at 2016-03-15 16:57:27.478897. Saving statsModel... saved
Predicting test set...
Writing arff to /home/gmartinn/DRP_main/DRP_repo/tmp/2071_3d4cad82-3ad3-4c24-848f-8224fc3cfe21.arff
Writing results to /home/gmartinn/DRP_main/DRP_repo/tmp/2071_3c4aec84-bda5-4fc8-b25c-2a2bee878424.out
Running in Shell:
export CLASSPATH=$CLASSPATH:/usr/share/java/weka.jar; java weka.classifiers.functions.SMO -T /home/gmartinn/DRP_main/DRP_repo/tmp/2071_3d4cad82-3ad3-4c24-848f-8224fc3cfe21.arff -l /home/gmartinn/DRP_main/DRP_repo/models/968_2071_weka_SVM_PUK_BCR.model -p 0 -c 1 1> /home/gmartinn/DRP_main/DRP_repo/tmp/2071_3c4aec84-bda5-4fc8-b25c-2a2bee878424.out
	...finished predicting. Storing predictions... predictions stored.
2016-03-15 17:00:40.939651. 7 of 15 models built.
Elapsed model building time: 1:05:51.974249. Expected completion time: 2016-03-15 18:15:57.481650
2016-03-15 17:00:41.068902 statsModel 2073, saving to /home/gmartinn/DRP_main/DRP_repo/models/968_2073_weka_SVM_PUK_BCR.model, training...
	...Trained. Finished at 2016-03-15 17:04:42.574109. Saving statsModel... saved
Predicting test set...
Writing arff to /home/gmartinn/DRP_main/DRP_repo/tmp/2073_8ff0f7cd-02a2-48d2-9fd6-6eda67b90d75.arff
Writing results to /home/gmartinn/DRP_main/DRP_repo/tmp/2073_8c3ec938-cce1-4b7b-a2a2-187c5ef0ab93.out
Running in Shell:
export CLASSPATH=$CLASSPATH:/usr/share/java/weka.jar; java weka.classifiers.functions.SMO -T /home/gmartinn/DRP_main/DRP_repo/tmp/2073_8ff0f7cd-02a2-48d2-9fd6-6eda67b90d75.arff -l /home/gmartinn/DRP_main/DRP_repo/models/968_2073_weka_SVM_PUK_BCR.model -p 0 -c 1 1> /home/gmartinn/DRP_main/DRP_repo/tmp/2073_8c3ec938-cce1-4b7b-a2a2-187c5ef0ab93.out
	...finished predicting. Storing predictions... predictions stored.
2016-03-15 17:08:00.031055. 8 of 15 models built.
Elapsed model building time: 1:13:11.065653. Expected completion time: 2016-03-15 18:12:02.213501
2016-03-15 17:08:00.076191 statsModel 2075, saving to /home/gmartinn/DRP_main/DRP_repo/models/968_2075_weka_SVM_PUK_BCR.model, training...
	...Trained. Finished at 2016-03-15 17:12:08.530918. Saving statsModel... saved
Predicting test set...
Writing arff to /home/gmartinn/DRP_main/DRP_repo/tmp/2075_b3821885-de38-4bf1-8735-5bd3a6bd3e72.arff
Writing results to /home/gmartinn/DRP_main/DRP_repo/tmp/2075_0a9eb30b-7548-4a22-858d-ae3c7dd458e6.out
Running in Shell:
export CLASSPATH=$CLASSPATH:/usr/share/java/weka.jar; java weka.classifiers.functions.SMO -T /home/gmartinn/DRP_main/DRP_repo/tmp/2075_b3821885-de38-4bf1-8735-5bd3a6bd3e72.arff -l /home/gmartinn/DRP_main/DRP_repo/models/968_2075_weka_SVM_PUK_BCR.model -p 0 -c 1 1> /home/gmartinn/DRP_main/DRP_repo/tmp/2075_0a9eb30b-7548-4a22-858d-ae3c7dd458e6.out
	...finished predicting. Storing predictions... predictions stored.
2016-03-15 17:15:18.074093. 9 of 15 models built.
Elapsed model building time: 1:20:29.108691. Expected completion time: 2016-03-15 18:08:57.479887
2016-03-15 17:15:18.142261 statsModel 2077, saving to /home/gmartinn/DRP_main/DRP_repo/models/968_2077_weka_SVM_PUK_BCR.model, training...
	...Trained. Finished at 2016-03-15 17:19:22.920649. Saving statsModel... saved
Predicting test set...
Writing arff to /home/gmartinn/DRP_main/DRP_repo/tmp/2077_fb9b9471-abc8-45fd-bbf4-17f133e1dc46.arff
Writing results to /home/gmartinn/DRP_main/DRP_repo/tmp/2077_3b361ce0-d5da-4886-b5c4-87001f844ebc.out
Running in Shell:
export CLASSPATH=$CLASSPATH:/usr/share/java/weka.jar; java weka.classifiers.functions.SMO -T /home/gmartinn/DRP_main/DRP_repo/tmp/2077_fb9b9471-abc8-45fd-bbf4-17f133e1dc46.arff -l /home/gmartinn/DRP_main/DRP_repo/models/968_2077_weka_SVM_PUK_BCR.model -p 0 -c 1 1> /home/gmartinn/DRP_main/DRP_repo/tmp/2077_3b361ce0-d5da-4886-b5c4-87001f844ebc.out
	...finished predicting. Storing predictions... predictions stored.
2016-03-15 17:22:42.180050. 10 of 15 models built.
Elapsed model building time: 1:27:53.214648. Expected completion time: 2016-03-15 18:06:38.787374
2016-03-15 17:22:42.214960 statsModel 2079, saving to /home/gmartinn/DRP_main/DRP_repo/models/968_2079_weka_SVM_PUK_BCR.model, training...
	...Trained. Finished at 2016-03-15 17:26:47.311004. Saving statsModel... saved
Predicting test set...
Writing arff to /home/gmartinn/DRP_main/DRP_repo/tmp/2079_7d1bf1a7-bdeb-4e68-a7c9-7c3f7c0f357f.arff
Writing results to /home/gmartinn/DRP_main/DRP_repo/tmp/2079_629552b3-4e04-46ef-8caf-e931e7b07d1c.out
Running in Shell:
export CLASSPATH=$CLASSPATH:/usr/share/java/weka.jar; java weka.classifiers.functions.SMO -T /home/gmartinn/DRP_main/DRP_repo/tmp/2079_7d1bf1a7-bdeb-4e68-a7c9-7c3f7c0f357f.arff -l /home/gmartinn/DRP_main/DRP_repo/models/968_2079_weka_SVM_PUK_BCR.model -p 0 -c 1 1> /home/gmartinn/DRP_main/DRP_repo/tmp/2079_629552b3-4e04-46ef-8caf-e931e7b07d1c.out
	...finished predicting. Storing predictions... predictions stored.
2016-03-15 17:30:00.637212. 11 of 15 models built.
Elapsed model building time: 1:35:11.671810. Expected completion time: 2016-03-15 18:04:37.608779
2016-03-15 17:30:00.722901 statsModel 2081, saving to /home/gmartinn/DRP_main/DRP_repo/models/968_2081_weka_SVM_PUK_BCR.model, training...
	...Trained. Finished at 2016-03-15 17:34:08.984897. Saving statsModel... saved
Predicting test set...
Writing arff to /home/gmartinn/DRP_main/DRP_repo/tmp/2081_a4ebd6e8-27bb-480d-b321-c28caed8b60f.arff
Writing results to /home/gmartinn/DRP_main/DRP_repo/tmp/2081_3282b751-f1f1-4512-ad2b-a0f0e1f592a7.out
Running in Shell:
export CLASSPATH=$CLASSPATH:/usr/share/java/weka.jar; java weka.classifiers.functions.SMO -T /home/gmartinn/DRP_main/DRP_repo/tmp/2081_a4ebd6e8-27bb-480d-b321-c28caed8b60f.arff -l /home/gmartinn/DRP_main/DRP_repo/models/968_2081_weka_SVM_PUK_BCR.model -p 0 -c 1 1> /home/gmartinn/DRP_main/DRP_repo/tmp/2081_3282b751-f1f1-4512-ad2b-a0f0e1f592a7.out
	...finished predicting. Storing predictions... predictions stored.
2016-03-15 17:39:52.731415. 12 of 15 models built.
Elapsed model building time: 1:45:03.766013. Expected completion time: 2016-03-15 18:06:08.672918
2016-03-15 17:39:52.794006 statsModel 2082, saving to /home/gmartinn/DRP_main/DRP_repo/models/968_2082_weka_SVM_PUK_BCR.model, training...
	...Trained. Finished at 2016-03-15 17:43:44.247230. Saving statsModel... saved
Predicting test set...
Writing arff to /home/gmartinn/DRP_main/DRP_repo/tmp/2082_8e0be13e-2cc5-414f-bf9f-5b1aca4e705e.arff
Writing results to /home/gmartinn/DRP_main/DRP_repo/tmp/2082_f43788d8-4a65-48bc-9767-ae6c25da1a18.out
Running in Shell:
export CLASSPATH=$CLASSPATH:/usr/share/java/weka.jar; java weka.classifiers.functions.SMO -T /home/gmartinn/DRP_main/DRP_repo/tmp/2082_8e0be13e-2cc5-414f-bf9f-5b1aca4e705e.arff -l /home/gmartinn/DRP_main/DRP_repo/models/968_2082_weka_SVM_PUK_BCR.model -p 0 -c 1 1> /home/gmartinn/DRP_main/DRP_repo/tmp/2082_f43788d8-4a65-48bc-9767-ae6c25da1a18.out
	...finished predicting. Storing predictions... predictions stored.
2016-03-15 17:46:54.379539. 13 of 15 models built.
Elapsed model building time: 1:52:05.414137. Expected completion time: 2016-03-15 18:04:09.058637
2016-03-15 17:46:54.421738 statsModel 2083, saving to /home/gmartinn/DRP_main/DRP_repo/models/968_2083_weka_SVM_PUK_BCR.model, training...
	...Trained. Finished at 2016-03-15 17:50:49.483134. Saving statsModel... saved
Predicting test set...
Writing arff to /home/gmartinn/DRP_main/DRP_repo/tmp/2083_52aa6a04-b618-4b6d-b4c1-94b9e336a2c8.arff
Writing results to /home/gmartinn/DRP_main/DRP_repo/tmp/2083_0b8d4667-f461-47a5-8860-f4d2006aea5f.out
Running in Shell:
export CLASSPATH=$CLASSPATH:/usr/share/java/weka.jar; java weka.classifiers.functions.SMO -T /home/gmartinn/DRP_main/DRP_repo/tmp/2083_52aa6a04-b618-4b6d-b4c1-94b9e336a2c8.arff -l /home/gmartinn/DRP_main/DRP_repo/models/968_2083_weka_SVM_PUK_BCR.model -p 0 -c 1 1> /home/gmartinn/DRP_main/DRP_repo/tmp/2083_0b8d4667-f461-47a5-8860-f4d2006aea5f.out
	...finished predicting. Storing predictions... predictions stored.
2016-03-15 17:53:56.057708. 14 of 15 models built.
Elapsed model building time: 1:59:07.092306. Expected completion time: 2016-03-15 18:02:26.564301
2016-03-15 17:53:56.103662 statsModel 2084, saving to /home/gmartinn/DRP_main/DRP_repo/models/968_2084_weka_SVM_PUK_BCR.model, training...
	...Trained. Finished at 2016-03-15 17:57:47.999657. Saving statsModel... saved
Predicting test set...
Writing arff to /home/gmartinn/DRP_main/DRP_repo/tmp/2084_57144912-846f-4646-b1cf-fcbc7eb3b473.arff
Writing results to /home/gmartinn/DRP_main/DRP_repo/tmp/2084_fe883c06-58b4-4e54-9c7b-c05b7e5458a3.out
Running in Shell:
export CLASSPATH=$CLASSPATH:/usr/share/java/weka.jar; java weka.classifiers.functions.SMO -T /home/gmartinn/DRP_main/DRP_repo/tmp/2084_57144912-846f-4646-b1cf-fcbc7eb3b473.arff -l /home/gmartinn/DRP_main/DRP_repo/models/968_2084_weka_SVM_PUK_BCR.model -p 0 -c 1 1> /home/gmartinn/DRP_main/DRP_repo/tmp/2084_fe883c06-58b4-4e54-9c7b-c05b7e5458a3.out
	...finished predicting. Storing predictions... predictions stored.
2016-03-15 18:00:56.950185. 15 of 15 models built.
Elapsed model building time: 2:06:07.984783. Expected completion time: 2016-03-15 18:00:56.950185
Storing overall model predictions... Predictions stored
Finished at 2016-03-15 18:04:03.693672
Confusion matrix for boolean_outcome_legacy_prediction_968_summative__:
      False  True 
False  301   354  
 True  239   1109 
Accuracy: 0.704
BCR: 0.658
Confusion matrix for boolean_outcome_legacy_prediction_968_component_2040__:
      False  True 
False  128   156  
 True   97   565  
Accuracy: 0.733
BCR: 0.676
Confusion matrix for boolean_outcome_legacy_prediction_968_component_2047__:
      False  True 
False  180   197  
 True  109   478  
Accuracy: 0.683
BCR: 0.665
Confusion matrix for boolean_outcome_legacy_prediction_968_component_2054__:
      False  True 
False  115   179  
 True   85   576  
Accuracy: 0.724
BCR: 0.669
Confusion matrix for boolean_outcome_legacy_prediction_968_component_2061__:
      False  True 
False  164   232  
 True  120   432  
Accuracy: 0.629
BCR: 0.614
Confusion matrix for boolean_outcome_legacy_prediction_968_component_2066__:
      False  True 
False  170   197  
 True  143   452  
Accuracy: 0.647
BCR: 0.62
Confusion matrix for boolean_outcome_legacy_prediction_968_component_2069__:
      False  True 
False  177   219  
 True  121   428  
Accuracy: 0.64
BCR: 0.628
Confusion matrix for boolean_outcome_legacy_prediction_968_component_2071__:
      False  True 
False  148   138  
 True  116   541  
Accuracy: 0.731
BCR: 0.679
Confusion matrix for boolean_outcome_legacy_prediction_968_component_2073__:
      False  True 
False  178   226  
 True   84   478  
Accuracy: 0.679
BCR: 0.679
Confusion matrix for boolean_outcome_legacy_prediction_968_component_2075__:
      False  True 
False  125   129  
 True  155   535  
Accuracy: 0.699
BCR: 0.626
Confusion matrix for boolean_outcome_legacy_prediction_968_component_2077__:
      False  True 
False  118   237  
 True   84   530  
Accuracy: 0.669
BCR: 0.638
Confusion matrix for boolean_outcome_legacy_prediction_968_component_2079__:
      False  True 
False   70   125  
 True  129   621  
Accuracy: 0.731
BCR: 0.592
Confusion matrix for boolean_outcome_legacy_prediction_968_component_2081__:
      False  True 
False   86   182  
 True  142   537  
Accuracy: 0.658
BCR: 0.562
Confusion matrix for boolean_outcome_legacy_prediction_968_component_2082__:
      False  True 
False  170   227  
 True  124   442  
Accuracy: 0.636
BCR: 0.619
Confusion matrix for boolean_outcome_legacy_prediction_968_component_2083__:
      False  True 
False  104   163  
 True  120   557  
Accuracy: 0.7
BCR: 0.619
Confusion matrix for boolean_outcome_legacy_prediction_968_component_2084__:
      False  True 
False  117   152  
 True  133   543  
Accuracy: 0.698
BCR: 0.625
