Starting building at 2016-03-08 15:29:50.688996
Splitting using MutualInfoSplitter
Split into train (2726), test (1179)
Split into train (2730), test (1175)
Split into train (2719), test (1186)
Split into train (2730), test (1175)
Split into train (2724), test (1181)
Split into train (2732), test (1173)
Split into train (2732), test (1173)
Split into train (2720), test (1185)
Split into train (2733), test (1172)
Split into train (2723), test (1182)
Split into train (2721), test (1184)
Split into train (2729), test (1176)
Split into train (2717), test (1188)
Split into train (2730), test (1175)
Split into train (2727), test (1178)
2016-03-08 15:32:22.195502 statsModel 340, saving to /home/gmartinn/DRP_main/DRP_repo/models/134_340, training...
Writing arff to /home/gmartinn/DRP_main/DRP_repo/tmp/340_425f70c1-7186-4397-b47c-41f06d7414cd.arff
Running in Shell:
export CLASSPATH=$CLASSPATH:/usr/share/java/weka.jar; java weka.classifiers.functions.SMO -t /home/gmartinn/DRP_main/DRP_repo/tmp/340_425f70c1-7186-4397-b47c-41f06d7414cd.arff -d /home/gmartinn/DRP_main/DRP_repo/models/134_340 -K "weka.classifiers.functions.supportVector.Puk -O 0.5 -S 7.0" -p 0 -c 6
	...Trained. Finished at 2016-03-08 15:36:26.646035. Saving statsModel... saved
Predicting test set...
Writing results to /home/gmartinn/DRP_main/DRP_repo/tmp/340_61acddd8-0681-4ab8-ad9e-55682ebac9a3.out
	...finished predicting. Storing predictions... predictions stored.
2016-03-08 15:40:50.092108 statsModel 346, saving to /home/gmartinn/DRP_main/DRP_repo/models/134_346, training...
Writing arff to /home/gmartinn/DRP_main/DRP_repo/tmp/346_882670ef-d68f-4d0b-929c-598f8c257f51.arff
Running in Shell:
export CLASSPATH=$CLASSPATH:/usr/share/java/weka.jar; java weka.classifiers.functions.SMO -t /home/gmartinn/DRP_main/DRP_repo/tmp/346_882670ef-d68f-4d0b-929c-598f8c257f51.arff -d /home/gmartinn/DRP_main/DRP_repo/models/134_346 -K "weka.classifiers.functions.supportVector.Puk -O 0.5 -S 7.0" -p 0 -c 6
	...Trained. Finished at 2016-03-08 15:44:25.868905. Saving statsModel... saved
Predicting test set...
Writing results to /home/gmartinn/DRP_main/DRP_repo/tmp/346_681872f5-9a62-4993-bbc7-6f380c5ad574.out
	...finished predicting. Storing predictions... predictions stored.
2016-03-08 15:48:50.343899 statsModel 351, saving to /home/gmartinn/DRP_main/DRP_repo/models/134_351, training...
Writing arff to /home/gmartinn/DRP_main/DRP_repo/tmp/351_495c602f-5f67-4be2-8e3b-68b46a6b8115.arff
Running in Shell:
export CLASSPATH=$CLASSPATH:/usr/share/java/weka.jar; java weka.classifiers.functions.SMO -t /home/gmartinn/DRP_main/DRP_repo/tmp/351_495c602f-5f67-4be2-8e3b-68b46a6b8115.arff -d /home/gmartinn/DRP_main/DRP_repo/models/134_351 -K "weka.classifiers.functions.supportVector.Puk -O 0.5 -S 7.0" -p 0 -c 6
	...Trained. Finished at 2016-03-08 15:52:47.041033. Saving statsModel... saved
Predicting test set...
Writing results to /home/gmartinn/DRP_main/DRP_repo/tmp/351_0fb186e5-e9de-48a6-9ca6-3355e2c1b0c2.out
	...finished predicting. Storing predictions... predictions stored.
2016-03-08 15:57:19.124018 statsModel 358, saving to /home/gmartinn/DRP_main/DRP_repo/models/134_358, training...
Writing arff to /home/gmartinn/DRP_main/DRP_repo/tmp/358_f61ec5c2-4a86-4f83-9061-6488cd7b9143.arff
Running in Shell:
export CLASSPATH=$CLASSPATH:/usr/share/java/weka.jar; java weka.classifiers.functions.SMO -t /home/gmartinn/DRP_main/DRP_repo/tmp/358_f61ec5c2-4a86-4f83-9061-6488cd7b9143.arff -d /home/gmartinn/DRP_main/DRP_repo/models/134_358 -K "weka.classifiers.functions.supportVector.Puk -O 0.5 -S 7.0" -p 0 -c 6
	...Trained. Finished at 2016-03-08 16:01:21.026778. Saving statsModel... saved
Predicting test set...
Writing results to /home/gmartinn/DRP_main/DRP_repo/tmp/358_e7ccf547-66e5-4c83-806d-3417f1e9855d.out
	...finished predicting. Storing predictions... predictions stored.
2016-03-08 16:05:55.205918 statsModel 365, saving to /home/gmartinn/DRP_main/DRP_repo/models/134_365, training...
Writing arff to /home/gmartinn/DRP_main/DRP_repo/tmp/365_fb5dbbe2-54ba-44c9-b049-325f8d3f0a17.arff
Running in Shell:
export CLASSPATH=$CLASSPATH:/usr/share/java/weka.jar; java weka.classifiers.functions.SMO -t /home/gmartinn/DRP_main/DRP_repo/tmp/365_fb5dbbe2-54ba-44c9-b049-325f8d3f0a17.arff -d /home/gmartinn/DRP_main/DRP_repo/models/134_365 -K "weka.classifiers.functions.supportVector.Puk -O 0.5 -S 7.0" -p 0 -c 6
	...Trained. Finished at 2016-03-08 16:09:45.931918. Saving statsModel... saved
Predicting test set...
Writing results to /home/gmartinn/DRP_main/DRP_repo/tmp/365_37360f0a-f605-40d7-ae8f-21289c9175f5.out
	...finished predicting. Storing predictions... predictions stored.
2016-03-08 16:14:12.563808 statsModel 371, saving to /home/gmartinn/DRP_main/DRP_repo/models/134_371, training...
Writing arff to /home/gmartinn/DRP_main/DRP_repo/tmp/371_8444df01-2dc1-4d4b-8561-e26c5e19a9fc.arff
Running in Shell:
export CLASSPATH=$CLASSPATH:/usr/share/java/weka.jar; java weka.classifiers.functions.SMO -t /home/gmartinn/DRP_main/DRP_repo/tmp/371_8444df01-2dc1-4d4b-8561-e26c5e19a9fc.arff -d /home/gmartinn/DRP_main/DRP_repo/models/134_371 -K "weka.classifiers.functions.supportVector.Puk -O 0.5 -S 7.0" -p 0 -c 6
	...Trained. Finished at 2016-03-08 16:17:55.088201. Saving statsModel... saved
Predicting test set...
Writing results to /home/gmartinn/DRP_main/DRP_repo/tmp/371_2f1cd433-e1db-4c2f-a6c2-f36bd92dbe60.out
	...finished predicting. Storing predictions... predictions stored.
2016-03-08 16:22:23.520998 statsModel 376, saving to /home/gmartinn/DRP_main/DRP_repo/models/134_376, training...
Writing arff to /home/gmartinn/DRP_main/DRP_repo/tmp/376_afd1eefe-9736-489f-96fe-0dbda4c29b1d.arff
Running in Shell:
export CLASSPATH=$CLASSPATH:/usr/share/java/weka.jar; java weka.classifiers.functions.SMO -t /home/gmartinn/DRP_main/DRP_repo/tmp/376_afd1eefe-9736-489f-96fe-0dbda4c29b1d.arff -d /home/gmartinn/DRP_main/DRP_repo/models/134_376 -K "weka.classifiers.functions.supportVector.Puk -O 0.5 -S 7.0" -p 0 -c 6
	...Trained. Finished at 2016-03-08 16:26:08.337122. Saving statsModel... saved
Predicting test set...
Writing results to /home/gmartinn/DRP_main/DRP_repo/tmp/376_ab236144-30bd-455b-b80e-025bc33b3f3c.out
	...finished predicting. Storing predictions... predictions stored.
2016-03-08 16:30:32.722113 statsModel 382, saving to /home/gmartinn/DRP_main/DRP_repo/models/134_382, training...
Writing arff to /home/gmartinn/DRP_main/DRP_repo/tmp/382_e004b875-23b2-481f-b0f4-37efd0faff18.arff
Running in Shell:
export CLASSPATH=$CLASSPATH:/usr/share/java/weka.jar; java weka.classifiers.functions.SMO -t /home/gmartinn/DRP_main/DRP_repo/tmp/382_e004b875-23b2-481f-b0f4-37efd0faff18.arff -d /home/gmartinn/DRP_main/DRP_repo/models/134_382 -K "weka.classifiers.functions.supportVector.Puk -O 0.5 -S 7.0" -p 0 -c 6
	...Trained. Finished at 2016-03-08 16:34:41.353464. Saving statsModel... saved
Predicting test set...
Writing results to /home/gmartinn/DRP_main/DRP_repo/tmp/382_a8e10dd8-476e-47d8-a821-2fc51db7da94.out
	...finished predicting. Storing predictions... predictions stored.
2016-03-08 16:40:33.276798 statsModel 389, saving to /home/gmartinn/DRP_main/DRP_repo/models/134_389, training...
Writing arff to /home/gmartinn/DRP_main/DRP_repo/tmp/389_fcf0033d-efa6-43d8-9906-6500ef5c575e.arff
Running in Shell:
export CLASSPATH=$CLASSPATH:/usr/share/java/weka.jar; java weka.classifiers.functions.SMO -t /home/gmartinn/DRP_main/DRP_repo/tmp/389_fcf0033d-efa6-43d8-9906-6500ef5c575e.arff -d /home/gmartinn/DRP_main/DRP_repo/models/134_389 -K "weka.classifiers.functions.supportVector.Puk -O 0.5 -S 7.0" -p 0 -c 6
	...Trained. Finished at 2016-03-08 16:44:19.829172. Saving statsModel... saved
Predicting test set...
Writing results to /home/gmartinn/DRP_main/DRP_repo/tmp/389_84e7fbab-7ba2-4101-96b9-ee9f3b2f0689.out
	...finished predicting. Storing predictions... predictions stored.
2016-03-08 16:48:47.803569 statsModel 395, saving to /home/gmartinn/DRP_main/DRP_repo/models/134_395, training...
Writing arff to /home/gmartinn/DRP_main/DRP_repo/tmp/395_ee6cdbf6-2be3-4678-889c-8d4e113049c7.arff
Running in Shell:
export CLASSPATH=$CLASSPATH:/usr/share/java/weka.jar; java weka.classifiers.functions.SMO -t /home/gmartinn/DRP_main/DRP_repo/tmp/395_ee6cdbf6-2be3-4678-889c-8d4e113049c7.arff -d /home/gmartinn/DRP_main/DRP_repo/models/134_395 -K "weka.classifiers.functions.supportVector.Puk -O 0.5 -S 7.0" -p 0 -c 6
	...Trained. Finished at 2016-03-08 16:52:30.509845. Saving statsModel... saved
Predicting test set...
Writing results to /home/gmartinn/DRP_main/DRP_repo/tmp/395_7c537527-817e-47c5-abe2-b84214747b8e.out
	...finished predicting. Storing predictions... predictions stored.
2016-03-08 16:56:58.920306 statsModel 401, saving to /home/gmartinn/DRP_main/DRP_repo/models/134_401, training...
Writing arff to /home/gmartinn/DRP_main/DRP_repo/tmp/401_d756909f-91e5-43bb-86ed-b28301ed9c64.arff
Running in Shell:
export CLASSPATH=$CLASSPATH:/usr/share/java/weka.jar; java weka.classifiers.functions.SMO -t /home/gmartinn/DRP_main/DRP_repo/tmp/401_d756909f-91e5-43bb-86ed-b28301ed9c64.arff -d /home/gmartinn/DRP_main/DRP_repo/models/134_401 -K "weka.classifiers.functions.supportVector.Puk -O 0.5 -S 7.0" -p 0 -c 6
	...Trained. Finished at 2016-03-08 17:01:05.199562. Saving statsModel... saved
Predicting test set...
Writing results to /home/gmartinn/DRP_main/DRP_repo/tmp/401_ad021399-fbc1-4614-a2a6-5822210a9f9b.out
	...finished predicting. Storing predictions... predictions stored.
2016-03-08 17:05:13.299393 statsModel 406, saving to /home/gmartinn/DRP_main/DRP_repo/models/134_406, training...
Writing arff to /home/gmartinn/DRP_main/DRP_repo/tmp/406_380d3f95-ad97-4d70-91e2-6a3d4c7777ce.arff
Running in Shell:
export CLASSPATH=$CLASSPATH:/usr/share/java/weka.jar; java weka.classifiers.functions.SMO -t /home/gmartinn/DRP_main/DRP_repo/tmp/406_380d3f95-ad97-4d70-91e2-6a3d4c7777ce.arff -d /home/gmartinn/DRP_main/DRP_repo/models/134_406 -K "weka.classifiers.functions.supportVector.Puk -O 0.5 -S 7.0" -p 0 -c 6
	...Trained. Finished at 2016-03-08 17:08:56.850248. Saving statsModel... saved
Predicting test set...
Writing results to /home/gmartinn/DRP_main/DRP_repo/tmp/406_5efd06da-b296-43f4-87f1-350dd2edc8d7.out
	...finished predicting. Storing predictions... predictions stored.
2016-03-08 17:12:38.463788 statsModel 408, saving to /home/gmartinn/DRP_main/DRP_repo/models/134_408, training...
Writing arff to /home/gmartinn/DRP_main/DRP_repo/tmp/408_7994c44e-3cb5-4596-b660-923828b37dc9.arff
Running in Shell:
export CLASSPATH=$CLASSPATH:/usr/share/java/weka.jar; java weka.classifiers.functions.SMO -t /home/gmartinn/DRP_main/DRP_repo/tmp/408_7994c44e-3cb5-4596-b660-923828b37dc9.arff -d /home/gmartinn/DRP_main/DRP_repo/models/134_408 -K "weka.classifiers.functions.supportVector.Puk -O 0.5 -S 7.0" -p 0 -c 6
	...Trained. Finished at 2016-03-08 17:16:13.176419. Saving statsModel... saved
Predicting test set...
Writing results to /home/gmartinn/DRP_main/DRP_repo/tmp/408_26c73352-e62f-4de3-92bc-2a9614dac8fd.out
	...finished predicting. Storing predictions... predictions stored.
2016-03-08 17:20:12.560318 statsModel 410, saving to /home/gmartinn/DRP_main/DRP_repo/models/134_410, training...
Writing arff to /home/gmartinn/DRP_main/DRP_repo/tmp/410_2b824437-8834-4e08-97a6-21a53e464657.arff
Running in Shell:
export CLASSPATH=$CLASSPATH:/usr/share/java/weka.jar; java weka.classifiers.functions.SMO -t /home/gmartinn/DRP_main/DRP_repo/tmp/410_2b824437-8834-4e08-97a6-21a53e464657.arff -d /home/gmartinn/DRP_main/DRP_repo/models/134_410 -K "weka.classifiers.functions.supportVector.Puk -O 0.5 -S 7.0" -p 0 -c 6
	...Trained. Finished at 2016-03-08 17:23:53.899518. Saving statsModel... saved
Predicting test set...
Writing results to /home/gmartinn/DRP_main/DRP_repo/tmp/410_1196643e-7f75-48fb-a5c9-8730f20d0219.out
	...finished predicting. Storing predictions... predictions stored.
2016-03-08 17:27:02.508930 statsModel 412, saving to /home/gmartinn/DRP_main/DRP_repo/models/134_412, training...
Writing arff to /home/gmartinn/DRP_main/DRP_repo/tmp/412_c3d5e05e-fc8e-44c0-a01d-be89d06050b8.arff
Running in Shell:
export CLASSPATH=$CLASSPATH:/usr/share/java/weka.jar; java weka.classifiers.functions.SMO -t /home/gmartinn/DRP_main/DRP_repo/tmp/412_c3d5e05e-fc8e-44c0-a01d-be89d06050b8.arff -d /home/gmartinn/DRP_main/DRP_repo/models/134_412 -K "weka.classifiers.functions.supportVector.Puk -O 0.5 -S 7.0" -p 0 -c 6
	...Trained. Finished at 2016-03-08 17:30:30.917882. Saving statsModel... saved
Predicting test set...
Writing results to /home/gmartinn/DRP_main/DRP_repo/tmp/412_10990368-747b-4e25-a699-a37b4fd60dd8.out
	...finished predicting. Storing predictions... predictions stored.
Storing overall model predictions... predictions stored.
Finished at 2016-03-08 17:34:06.488293
Confusion matrix for boolean_outcome_legacy_prediction_134_summative__:
      False  True 
False  228   102  
 True  338   1405 
Accuracy: 0.788
BCR: 0.668
Confusion matrix for boolean_outcome_legacy_prediction_134_component_340__:
      False  True 
False  113    40  
 True  206   820  
Accuracy: 0.791
BCR: 0.654
Confusion matrix for boolean_outcome_legacy_prediction_134_component_346__:
      False  True 
False   92    75  
 True  193   815  
Accuracy: 0.772
BCR: 0.619
Confusion matrix for boolean_outcome_legacy_prediction_134_component_351__:
      False  True 
False  121    50  
 True  208   807  
Accuracy: 0.782
BCR: 0.655
Confusion matrix for boolean_outcome_legacy_prediction_134_component_358__:
      False  True 
False  122    50  
 True  162   841  
Accuracy: 0.82
BCR: 0.687
Confusion matrix for boolean_outcome_legacy_prediction_134_component_365__:
      False  True 
False   98    73  
 True  197   813  
Accuracy: 0.771
BCR: 0.625
Confusion matrix for boolean_outcome_legacy_prediction_134_component_371__:
      False  True 
False  106    55  
 True  177   835  
Accuracy: 0.802
BCR: 0.656
Confusion matrix for boolean_outcome_legacy_prediction_134_component_376__:
      False  True 
False  150    55  
 True  192   776  
Accuracy: 0.789
BCR: 0.686
Confusion matrix for boolean_outcome_legacy_prediction_134_component_382__:
      False  True 
False  111    45  
 True  224   805  
Accuracy: 0.773
BCR: 0.639
Confusion matrix for boolean_outcome_legacy_prediction_134_component_389__:
      False  True 
False  150    78  
 True  161   783  
Accuracy: 0.796
BCR: 0.696
Confusion matrix for boolean_outcome_legacy_prediction_134_component_395__:
      False  True 
False   93    45  
 True  232   812  
Accuracy: 0.766
BCR: 0.617
Confusion matrix for boolean_outcome_legacy_prediction_134_component_401__:
      False  True 
False  117    61  
 True  241   765  
Accuracy: 0.745
BCR: 0.626
Confusion matrix for boolean_outcome_legacy_prediction_134_component_406__:
      False  True 
False  164    83  
 True  137   792  
Accuracy: 0.813
BCR: 0.725
Confusion matrix for boolean_outcome_legacy_prediction_134_component_408__:
      False  True 
False  109    57  
 True  210   812  
Accuracy: 0.775
BCR: 0.638
Confusion matrix for boolean_outcome_legacy_prediction_134_component_410__:
      False  True 
False   92    86  
 True  202   795  
Accuracy: 0.755
BCR: 0.608
Confusion matrix for boolean_outcome_legacy_prediction_134_component_412__:
      False  True 
False   99    91  
 True  168   820  
Accuracy: 0.78
BCR: 0.635
