No splitter. Using given test and training sets.
2016-03-03 00:06:09.619638 statsModel 131, saving to /home/gmartinn/DRP_main/DRP_repo/models/117_131, training...
Writing arff to /home/gmartinn/DRP_main/DRP_repo/tmp/131_57d63f2c-3da6-4797-a770-4362ea7fa213.arff
Running in Shell:
export CLASSPATH=$CLASSPATH:/usr/share/java/weka.jar; java weka.classifiers.trees.J48 -t /home/gmartinn/DRP_main/DRP_repo/tmp/131_57d63f2c-3da6-4797-a770-4362ea7fa213.arff -d /home/gmartinn/DRP_main/DRP_repo/models/117_131 -p 0 -c 1
	...Trained. Finished at 2016-03-03 00:16:59.743595. Saving statsModel... saved
Predicting test set...
Writing results to java weka.classifiers.trees.J48 -T /home/gmartinn/DRP_main/DRP_repo/tmp/131_ef682000-97a6-4935-978b-09c611d66be8.arff -l /home/gmartinn/DRP_main/DRP_repo/models/117_131 -p 0 -c 1 1> /home/gmartinn/DRP_main/DRP_repo/tmp/131_5c417f37-d4ae-49b7-bbec-9efc7f73dccf.out
	...finished predicting. Storing predictions... predictions stored.
Storing overall model predictions... predictions stored.
Confusion matrix for boolean_crystallisation_outcome_prediction_117_summative__:
      False  True 
False  244   131  
 True  390   1300 
Accuracy: 0.748
BCR: 0.647
Confusion matrix for boolean_crystallisation_outcome_prediction_117_component_131__:
      False  True 
False  244   131  
 True  390   1300 
Accuracy: 0.748
BCR: 0.647
