Starting building at 2016-03-04 18:30:13.175225
No splitter. Using given test and training sets.
2016-03-04 18:30:14.011841 statsModel 192, saving to /home/gmartinn/DRP_main/DRP_repo/models/178_192, training...
Writing arff to /home/gmartinn/DRP_main/DRP_repo/tmp/192_11a0a224-9be3-4c67-9ef5-3b2304650c9e.arff
Running in Shell:
export CLASSPATH=$CLASSPATH:/usr/share/java/weka.jar; java weka.classifiers.functions.SMO -t /home/gmartinn/DRP_main/DRP_repo/tmp/192_11a0a224-9be3-4c67-9ef5-3b2304650c9e.arff -d /home/gmartinn/DRP_main/DRP_repo/models/178_192 -K "weka.classifiers.functions.supportVector.Puk -O 0.5 -S 7.0" -p 0 -c 1
	...Trained. Finished at 2016-03-04 18:42:23.263978. Saving statsModel... saved
Predicting test set...
Writing results to /home/gmartinn/DRP_main/DRP_repo/tmp/192_52fb77c6-62ff-4d5b-9a26-30238d963094.out
	...finished predicting. Storing predictions... predictions stored.
Storing overall model predictions... predictions stored.
Finished at 2016-03-04 18:46:35.538638
Confusion matrix for boolean_crystallisation_outcome_prediction_178_summative__:
      False  True 
False   0     0   
 True  634   1431 
Accuracy: 0.693
BCR: 0.5
Confusion matrix for boolean_crystallisation_outcome_prediction_178_component_192__:
      False  True 
False   0     0   
 True  634   1431 
Accuracy: 0.693
BCR: 0.5
