Starting building at 2016-03-04 12:25:15.159699
No splitter. Using given test and training sets.
2016-03-04 12:26:02.009373 statsModel 186, saving to /home/gmartinn/DRP_main/DRP_repo/models/174_186, training...
Writing arff to /home/gmartinn/DRP_main/DRP_repo/tmp/186_2b8aa647-b5bc-42c5-8a2b-fd249d73667e.arff
Running in Shell:
export CLASSPATH=$CLASSPATH:/usr/share/java/weka.jar; java weka.classifiers.functions.SMO -t /home/gmartinn/DRP_main/DRP_repo/tmp/186_2b8aa647-b5bc-42c5-8a2b-fd249d73667e.arff -d /home/gmartinn/DRP_main/DRP_repo/models/174_186 -K "weka.classifiers.functions.supportVector.Puk -O 0.5 -S 7.0" -p 0 -c 1
	...Trained. Finished at 2016-03-04 12:48:49.536048. Saving statsModel... saved
Predicting test set...
Writing results to /home/gmartinn/DRP_main/DRP_repo/tmp/186_64ebfab0-824e-4bc1-9fe0-86f292785b40.out
	...finished predicting. Storing predictions... predictions stored.
Storing overall model predictions... predictions stored.
Finished at 2016-03-04 12:53:05.690206
Confusion matrix for boolean_crystallisation_outcome_prediction_174_summative__:
      False  True 
False   0     2   
 True  634   1429 
Accuracy: 0.692
BCR: 0.499
Confusion matrix for boolean_crystallisation_outcome_prediction_174_component_186__:
      False  True 
False   0     2   
 True  634   1429 
Accuracy: 0.692
BCR: 0.499
