Starting building at 2016-03-03 23:21:34.487823
No splitter. Using given test and training sets.
2016-03-03 23:22:10.367208 statsModel 173, saving to /home/gmartinn/DRP_main/DRP_repo/models/159_173, training...
Writing arff to /home/gmartinn/DRP_main/DRP_repo/tmp/173_628f88f5-c568-4974-9dd6-4c5301991ae1.arff
Running in Shell:
export CLASSPATH=$CLASSPATH:/usr/share/java/weka.jar; java weka.classifiers.functions.SMO -t /home/gmartinn/DRP_main/DRP_repo/tmp/173_628f88f5-c568-4974-9dd6-4c5301991ae1.arff -d /home/gmartinn/DRP_main/DRP_repo/models/159_173 -K "weka.classifiers.functions.supportVector.Puk -O 0.5 -S 7.0" -p 0 -c 1
	...Trained. Finished at 2016-03-03 23:50:10.918427. Saving statsModel... saved
Predicting test set...
Writing results to /home/gmartinn/DRP_main/DRP_repo/tmp/173_fa2d11c9-7a88-48f2-9bb8-9fdb6964fff5.out
	...finished predicting. Storing predictions... predictions stored.
Storing overall model predictions... predictions stored.
Finished at 2016-03-03 23:54:09.095356
Confusion matrix for boolean_crystallisation_outcome_prediction_159_summative__:
      False  True 
False   0     0   
 True  634   1431 
Accuracy: 0.693
BCR: 0.5
Confusion matrix for boolean_crystallisation_outcome_prediction_159_component_173__:
      False  True 
False   0     0   
 True  634   1431 
Accuracy: 0.693
BCR: 0.5
