Starting building at 2016-03-03 16:21:18.510722
No splitter. Using given test and training sets.
2016-03-03 16:21:19.360176 statsModel 162, saving to /home/gmartinn/DRP_main/DRP_repo/models/149_162, training...
Writing arff to /home/gmartinn/DRP_main/DRP_repo/tmp/162_2853ea9d-df1f-4bb5-a384-ad7b2a730578.arff
Running in Shell:
export CLASSPATH=$CLASSPATH:/usr/share/java/weka.jar; java weka.classifiers.trees.J48 -t /home/gmartinn/DRP_main/DRP_repo/tmp/162_2853ea9d-df1f-4bb5-a384-ad7b2a730578.arff -d /home/gmartinn/DRP_main/DRP_repo/models/149_162 -p 0 -c 1
	...Trained. Finished at 2016-03-03 16:30:57.930761. Saving statsModel... saved
Predicting test set...
Writing results to /home/gmartinn/DRP_main/DRP_repo/tmp/162_7e35c210-2a65-461c-bc93-50210a117274.out
	...finished predicting. Storing predictions... predictions stored.
Storing overall model predictions... predictions stored.
Finished at 2016-03-03 16:36:31.306255
Confusion matrix for boolean_crystallisation_outcome_prediction_149_summative__:
      False  True 
False  206   105  
 True  428   1326 
Accuracy: 0.742
BCR: 0.626
Confusion matrix for boolean_crystallisation_outcome_prediction_149_component_162__:
      False  True 
False  206   105  
 True  428   1326 
Accuracy: 0.742
BCR: 0.626
