No splitter. Using given test and training sets.
2016-03-01 03:15:31.750983 statsModel 113, saving to /home/gmartinn/DRP_main/DRP_repo/models/99_113, training...
Writing arff to /home/gmartinn/DRP_main/DRP_repo/tmp/113_16bcafcb-ca4c-4ebe-aee2-feb00b68eebb.arff
Running in Shell:
export CLASSPATH=$CLASSPATH:/usr/share/java/weka.jar; java weka.classifiers.trees.J48 -t /home/gmartinn/DRP_main/DRP_repo/tmp/113_16bcafcb-ca4c-4ebe-aee2-feb00b68eebb.arff -d /home/gmartinn/DRP_main/DRP_repo/models/99_113 -p 0 -c 1
	...Trained. Finished at 2016-03-01 03:19:58.232945. Saving statsModel... saved
Predicting test set...
Writing results to java weka.classifiers.trees.J48 -T /home/gmartinn/DRP_main/DRP_repo/tmp/113_69019620-bf7f-49cb-9897-68341ce0fafe.arff -l /home/gmartinn/DRP_main/DRP_repo/models/99_113 -p 0 -c 1 1> /home/gmartinn/DRP_main/DRP_repo/tmp/113_ef38c13f-5e60-46f4-b674-10bc57582d2f.out
	...finished predicting. Storing predictions... predictions stored.
Storing overall model predictions... predictions stored.
Confusion matrix for boolean_crystallisation_outcome_prediction_99_summative__:
      False  True 
False  230   104  
 True  404   1327 
Accuracy: 0.754
BCR: 0.645
Confusion matrix for boolean_crystallisation_outcome_prediction_99_component_113__:
      False  True 
False  230   104  
 True  404   1327 
Accuracy: 0.754
BCR: 0.645
