Starting building at 2016-03-03 23:21:34.470770
No splitter. Using given test and training sets.
2016-03-03 23:22:10.278141 statsModel 171, saving to /home/gmartinn/DRP_main/DRP_repo/models/156_171, training...
Writing arff to /home/gmartinn/DRP_main/DRP_repo/tmp/171_2d7a1e92-b298-4b34-a722-86cfc7f06b13.arff
Running in Shell:
export CLASSPATH=$CLASSPATH:/usr/share/java/weka.jar; java weka.classifiers.lazy.IBk -t /home/gmartinn/DRP_main/DRP_repo/tmp/171_2d7a1e92-b298-4b34-a722-86cfc7f06b13.arff -d /home/gmartinn/DRP_main/DRP_repo/models/156_171 -p 0 -c 1
	...Trained. Finished at 2016-03-03 23:35:27.204426. Saving statsModel... saved
Predicting test set...
Writing results to /home/gmartinn/DRP_main/DRP_repo/tmp/171_37f37d3e-3e35-4dae-9927-597b4f8a63fe.out
	...finished predicting. Storing predictions... predictions stored.
Storing overall model predictions... predictions stored.
Finished at 2016-03-03 23:40:41.527911
Confusion matrix for boolean_crystallisation_outcome_prediction_156_summative__:
      False  True 
False  416   402  
 True  218   1029 
Accuracy: 0.7
BCR: 0.688
Confusion matrix for boolean_crystallisation_outcome_prediction_156_component_171__:
      False  True 
False  416   402  
 True  218   1029 
Accuracy: 0.7
BCR: 0.688
