Starting building at 2016-03-04 12:25:15.159645
No splitter. Using given test and training sets.
2016-03-04 12:26:02.098437 statsModel 188, saving to /home/gmartinn/DRP_main/DRP_repo/models/173_188, training...
Writing arff to /home/gmartinn/DRP_main/DRP_repo/tmp/188_0e3623aa-610a-4d3d-b7a3-335dff955ef2.arff
Running in Shell:
export CLASSPATH=$CLASSPATH:/usr/share/java/weka.jar; java weka.classifiers.lazy.IBk -t /home/gmartinn/DRP_main/DRP_repo/tmp/188_0e3623aa-610a-4d3d-b7a3-335dff955ef2.arff -d /home/gmartinn/DRP_main/DRP_repo/models/173_188 -p 0 -c 1
	...Trained. Finished at 2016-03-04 12:37:37.230378. Saving statsModel... saved
Predicting test set...
Writing results to /home/gmartinn/DRP_main/DRP_repo/tmp/188_b319b648-9e74-4f04-bb15-0460bfbbd117.out
	...finished predicting. Storing predictions... predictions stored.
Storing overall model predictions... predictions stored.
Finished at 2016-03-04 12:43:21.568988
Confusion matrix for boolean_crystallisation_outcome_prediction_173_summative__:
      False  True 
False  370   226  
 True  264   1205 
Accuracy: 0.763
BCR: 0.713
Confusion matrix for boolean_crystallisation_outcome_prediction_173_component_188__:
      False  True 
False  370   226  
 True  264   1205 
Accuracy: 0.763
BCR: 0.713
