Starting building at 2016-03-04 18:30:13.171702
No splitter. Using given test and training sets.
2016-03-04 18:30:14.011811 statsModel 190, saving to /home/gmartinn/DRP_main/DRP_repo/models/177_190, training...
Writing arff to /home/gmartinn/DRP_main/DRP_repo/tmp/190_6bde2796-136d-469f-98fe-df04387101a3.arff
Running in Shell:
export CLASSPATH=$CLASSPATH:/usr/share/java/weka.jar; java weka.classifiers.lazy.IBk -t /home/gmartinn/DRP_main/DRP_repo/tmp/190_6bde2796-136d-469f-98fe-df04387101a3.arff -d /home/gmartinn/DRP_main/DRP_repo/models/177_190 -p 0 -c 1
	...Trained. Finished at 2016-03-04 18:37:23.368780. Saving statsModel... saved
Predicting test set...
Writing results to /home/gmartinn/DRP_main/DRP_repo/tmp/190_abed5fd6-838c-4f6d-a165-2607da2c09e0.out
	...finished predicting. Storing predictions... predictions stored.
Storing overall model predictions... predictions stored.
Finished at 2016-03-04 18:43:05.564939
Confusion matrix for boolean_crystallisation_outcome_prediction_177_summative__:
      False  True 
False  244   162  
 True  390   1269 
Accuracy: 0.733
BCR: 0.636
Confusion matrix for boolean_crystallisation_outcome_prediction_177_component_190__:
      False  True 
False  244   162  
 True  390   1269 
Accuracy: 0.733
BCR: 0.636
