Confusion matrix for boolean_crystallisation_outcome_prediction_95_summative__:
      False  True 
False  2469  4170 
 True  489   1824 
Accuracy: 0.48
BCR: 0.569
Confusion matrix for boolean_crystallisation_outcome_prediction_95_component_85__:
      False  True 
False  578   879  
 True  164   617  
Accuracy: 0.534
BCR: 0.596
Confusion matrix for boolean_crystallisation_outcome_prediction_95_component_87__:
      False  True 
False  680   1187 
 True   85   286  
Accuracy: 0.432
BCR: 0.542
Confusion matrix for boolean_crystallisation_outcome_prediction_95_component_89__:
      False  True 
False  609   1057 
 True  118   454  
Accuracy: 0.475
BCR: 0.569
Confusion matrix for boolean_crystallisation_outcome_prediction_95_component_91__:
      False  True 
False  602   1047 
 True  122   467  
Accuracy: 0.478
BCR: 0.57
