No splitter. Using given test and training sets.
2016-03-02 15:32:39.861396 statsModel 121, saving to /home/gmartinn/DRP_main/DRP_repo/models/108_121, training...
Writing arff to /home/gmartinn/DRP_main/DRP_repo/tmp/121_69fe08e4-4cc5-4de2-9f6a-434d41a41b0a.arff
Running in Shell:
export CLASSPATH=$CLASSPATH:/usr/share/java/weka.jar; java weka.classifiers.bayes.NaiveBayes -t /home/gmartinn/DRP_main/DRP_repo/tmp/121_69fe08e4-4cc5-4de2-9f6a-434d41a41b0a.arff -d /home/gmartinn/DRP_main/DRP_repo/models/108_121 -p 0 -c 1
	...Trained. Finished at 2016-03-02 15:42:51.974854. Saving statsModel... saved
Predicting test set...
Writing results to java weka.classifiers.bayes.NaiveBayes -T /home/gmartinn/DRP_main/DRP_repo/tmp/121_c9b197e0-622d-4524-93d7-f4e2e982b05c.arff -l /home/gmartinn/DRP_main/DRP_repo/models/108_121 -p 0 -c 1 1> /home/gmartinn/DRP_main/DRP_repo/tmp/121_ccc541f3-3aaa-4101-bca6-0576cbd5ea89.out
	...finished predicting. Storing predictions... predictions stored.
Storing overall model predictions... predictions stored.
Confusion matrix for boolean_crystallisation_outcome_prediction_108_summative__:
      False  True 
False  533   1167 
 True  101   264  
Accuracy: 0.386
BCR: 0.513
Confusion matrix for boolean_crystallisation_outcome_prediction_108_component_121__:
      False  True 
False  533   1167 
 True  101   264  
Accuracy: 0.386
BCR: 0.513
