Starting building at 2016-03-04 22:12:01.641065
No splitter. Using given test and training sets.
2016-03-04 22:12:02.634214 statsModel 207, saving to /home/gmartinn/DRP_main/DRP_repo/models/191_207, training...
Writing arff to /home/gmartinn/DRP_main/DRP_repo/tmp/207_83bf916e-7f2f-427e-9021-073044822e1b.arff
Running in Shell:
export CLASSPATH=$CLASSPATH:/usr/share/java/weka.jar; java weka.classifiers.bayes.NaiveBayes -t /home/gmartinn/DRP_main/DRP_repo/tmp/207_83bf916e-7f2f-427e-9021-073044822e1b.arff -d /home/gmartinn/DRP_main/DRP_repo/models/191_207 -p 0 -c 1
	...Trained. Finished at 2016-03-04 22:22:33.706594. Saving statsModel... saved
Predicting test set...
Writing results to /home/gmartinn/DRP_main/DRP_repo/tmp/207_6754de27-8b0b-4fa4-a5f2-721dbe2fd65c.out
	...finished predicting. Storing predictions... predictions stored.
Storing overall model predictions... predictions stored.
Finished at 2016-03-04 22:27:58.915134
Confusion matrix for boolean_crystallisation_outcome_prediction_191_summative__:
      False  True 
False  480   948  
 True  154   483  
Accuracy: 0.466
BCR: 0.547
Confusion matrix for boolean_crystallisation_outcome_prediction_191_component_207__:
      False  True 
False  480   948  
 True  154   483  
Accuracy: 0.466
BCR: 0.547
