Starting building at 2016-03-03 16:21:18.510721
No splitter. Using given test and training sets.
2016-03-03 16:21:19.360176 statsModel 161, saving to /home/gmartinn/DRP_main/DRP_repo/models/148_161, training...
Writing arff to /home/gmartinn/DRP_main/DRP_repo/tmp/161_82840dde-845e-4c95-b6f6-371df464cb12.arff
Running in Shell:
export CLASSPATH=$CLASSPATH:/usr/share/java/weka.jar; java weka.classifiers.functions.SMO -t /home/gmartinn/DRP_main/DRP_repo/tmp/161_82840dde-845e-4c95-b6f6-371df464cb12.arff -d /home/gmartinn/DRP_main/DRP_repo/models/148_161 -K "weka.classifiers.functions.supportVector.Puk -O 0.5 -S 7.0" -p 0 -c 1
	...Trained. Finished at 2016-03-03 16:34:40.246294. Saving statsModel... saved
Predicting test set...
Writing results to /home/gmartinn/DRP_main/DRP_repo/tmp/161_cc11a256-13fa-4283-a39e-044c5a7c91cc.out
	...finished predicting. Storing predictions... predictions stored.
Storing overall model predictions... predictions stored.
Finished at 2016-03-03 16:39:07.834550
Confusion matrix for boolean_crystallisation_outcome_prediction_148_summative__:
      False  True 
False   0     0   
 True  634   1431 
Accuracy: 0.693
BCR: 0.5
Confusion matrix for boolean_crystallisation_outcome_prediction_148_component_161__:
      False  True 
False   0     0   
 True  634   1431 
Accuracy: 0.693
BCR: 0.5
