Starting building at 2016-03-04 22:12:01.638423
No splitter. Using given test and training sets.
2016-03-04 22:12:02.667676 statsModel 208, saving to /home/gmartinn/DRP_main/DRP_repo/models/194_208, training...
Writing arff to /home/gmartinn/DRP_main/DRP_repo/tmp/208_442579c4-9fb8-471b-a853-56200803cd1b.arff
Running in Shell:
export CLASSPATH=$CLASSPATH:/usr/share/java/weka.jar; java weka.classifiers.functions.SMO -t /home/gmartinn/DRP_main/DRP_repo/tmp/208_442579c4-9fb8-471b-a853-56200803cd1b.arff -d /home/gmartinn/DRP_main/DRP_repo/models/194_208 -K "weka.classifiers.functions.supportVector.Puk -O 0.5 -S 7.0" -p 0 -c 1
	...Trained. Finished at 2016-03-04 22:22:01.323044. Saving statsModel... saved
Predicting test set...
Writing results to /home/gmartinn/DRP_main/DRP_repo/tmp/208_2c6caecd-5738-43f4-8f26-64eb60b6c232.out
	...finished predicting. Storing predictions... predictions stored.
Storing overall model predictions... predictions stored.
Finished at 2016-03-04 22:27:38.355700
Confusion matrix for boolean_crystallisation_outcome_prediction_194_summative__:
      False  True 
False   0     0   
 True  634   1431 
Accuracy: 0.693
BCR: 0.5
Confusion matrix for boolean_crystallisation_outcome_prediction_194_component_208__:
      False  True 
False   0     0   
 True  634   1431 
Accuracy: 0.693
BCR: 0.5
