['-p', '@descs/legacy.dsc', '-r', 'boolean_outcome_legacy', '-mt', 'SVM_PUK', '-s', 'MutualInfoSplitter', '-v', '-d', 'recreation of legacy model. legacy reactions nonzero compound. 15 MI split. SVM PUK omega 0.5 sigma 7', '-rxn', 'valid_legacy_rxns_nonzero_compound', '-so', "{'num_splits': 15}", '-vo', "{'puk_sigma':7, 'puk_omega':0.5}"]
Namespace(description='recreation of legacy model. legacy reactions nonzero compound. 15 MI split. SVM PUK omega 0.5 sigma 7', model_library='weka', model_tool='SVM_PUK', predictor_headers=['IonizationMaxWeighted_legacy', 'EAMaxWeighted_legacy', 'EAMax_legacy', 'oxlikeminimalprojectionareaArithAvg_legacy', 'orgmolpolMin_legacy', 'orgmaximalprojectionareaArithAvg_legacy', 'oxlikeminimalprojectionsizeArithAvg_legacy', 'orgmaximalprojectionsizeArithAvg_legacy', 'oxlikeASA+GeomAvg_legacy', 'oxlikehbdamsdonMax_legacy', 'numberOxlike_legacy', 'hardnessMaxWeighted_legacy', 'orghbdamsdonMin_legacy', 'orgminimalprojectionsizeArithAvg_legacy', 'oxlikeASA+Max_legacy', 'oxlikeminimalprojectionradiusMin_legacy', 'oxlikeASA_HGeomAvg_legacy', 'orgpolarsurfaceareaGeomAvg_legacy', 'orgASAGeomAvg_legacy', 'orgmaximalprojectionradiusMin_legacy', 'G5_legacy', 'G4_legacy', 'G3_legacy', 'G2_legacy', 'G1_legacy', 'orgmolpolMax_legacy', 'oxlikevanderwaalsMin_legacy', 'oxlikeminimalprojectionareaMin_legacy', 'orgASA-ArithAvg_legacy', 'oxlikeminimalprojectionradiusMax_legacy', 'V3_legacy', 'oxlikemaximalprojectionsizeMax_legacy', 'Br_legacy', 'Na_legacy', 'oxlikehbdamsaccMin_legacy', 'hardnessMin_legacy', 'orgASA_HArithAvg_legacy', 'Cs_legacy', 'orgmaximalprojectionsizeMax_legacy', 'PearsonElectronegMax_legacy', 'oxlikehbdamsaccMax_legacy', 'oxlikeminimalprojectionsizeMax_legacy', 'oxlikeASA_HMin_legacy', 'AlkaliMetal_legacy', 'EAGeomWeighted_legacy', 'oxlikevanderwaalsMax_legacy', 'P_legacy', 'oxlikeASA-Min_legacy', 'oxlikeavgpolArithAvg_legacy', 'orgmaximalprojectionareaMin_legacy', 'orgmaximalprojectionradiusMax_legacy', 'oxlikehbdamsaccGeomAvg_legacy', 'oxlikeASA-Max_legacy', 'oxlikepolarsurfaceareaArithAvg_legacy', 'oxlikeavgpol_pHdependentArithAvg_legacy', 'EAMean_legacy', 'orgacc-waterdonratio_legacy', 'oxlikeASA_HMax_legacy', 'hardnessGeomWeighted_legacy', 'oxlikerefractivityMax_legacy', 'PearsonElectronegMin_legacy', 'oxlikevanderwaalsGeomAvg_legacy', 'oxlikemaximalprojectionradiusArithAvg_legacy', 'orgavgpol_pHdependentMax_legacy', 'IonizationMinWeighted_legacy', 'orgmaximalprojectionareaMax_legacy', 'AtomicRadiusMaxWeighted_legacy', 'oxlikeminimalprojectionsizeMin_legacy', 'orgmaximalprojectionsizeMin_legacy', 'PaulingElectronegMinWeighted_legacy', 'oxlikeASA_PGeomAvg_legacy', 'orgASAArithAvg_legacy', 'numberOrg_legacy', 'orgavgpolMin_legacy', 'C_legacy', 'orgrefractivityGeomAvg_legacy', 'oxlikeminimalprojectionareaGeomAvg_legacy', 'oxlikeavgpol_pHdependentMax_legacy', 'AtomicRadiusMinWeighted_legacy', 'G11_legacy', 'Lanthanide_legacy', 'hardnessMax_legacy', 'orgpolarsurfaceareaMax_legacy', 'oxlikemaximalprojectionradiusMin_legacy', 'orghbdamsaccArithAvg_legacy', 'P7_legacy', 'oxlikemaximalprojectionsizeMin_legacy', 'oxlikeminimalprojectionsizeGeomAvg_legacy', 'orgvanderwaalsArithAvg_legacy', 'leak_legacy', 'P5_legacy', 'orgmaximalprojectionareaGeomAvg_legacy', 'oxlikeASA_PArithAvg_legacy', 'oxlikeminimalprojectionareaMax_legacy', 'oxlikemaximalprojectionradiusGeomAvg_legacy', 'AtomicRadiusMeanWeighted_legacy', 'AtomicRadiusMax_legacy', 'orgASAMin_legacy', 'oxlikeASA_PMax_legacy', 'Mo_legacy', 'P2_legacy', 'orgavgpolGeomAvg_legacy', 'oxlikeASAArithAvg_legacy', 'P1_legacy', 'P6_legacy', 'Ga_legacy', 'P4_legacy', 'orgASA+ArithAvg_legacy', 'orgmolpolArithAvg_legacy', 'G15_legacy', 'K_legacy', 'orgdon-wateraccratio_legacy', 'oxlikevanderwaalsArithAvg_legacy', 'orgASAMax_legacy', 'orgavgpolMax_legacy', 'oxlikemolpolMin_legacy', 'oxlikerefractivityArithAvg_legacy', 'oxlikeASA_PMin_legacy', 'AtomicRadiusMin_legacy', 'O_legacy', 'Cr_legacy', 'orgASA_PArithAvg_legacy', 'oxlikeASAGeomAvg_legacy', 'G7_legacy', 'EAMinWeighted_legacy', 'Zn_legacy', 'IonizationMin_legacy', 'orgavgpol_pHdependentArithAvg_legacy', 'G6_legacy', 'oxlikeASA+ArithAvg_legacy', 'orgpolarsurfaceareaArithAvg_legacy', 'oxlikemolpolMax_legacy', 'orgASA_HMax_legacy', 'Cu_legacy', 'PearsonElectronegGeom_legacy', 'orghbdamsdonMax_legacy', 'oxlikemaximalprojectionsizeArithAvg_legacy', 'oxlikepolarsurfaceareaGeomAvg_legacy', 'AtomicRadiusMean_legacy', 'orgASA_HMin_legacy', 'PaulingElectronegMax_legacy', 'orgavgpol_pHdependentGeomAvg_legacy', 'oxlikehbdamsdonGeomAvg_legacy', 'oxlikeASAMin_legacy', 'oxlikeASAMax_legacy', 'PearsonElectronegMeanWeighted_legacy', 'numberComponents_legacy', 'orgmaximalprojectionradiusGeomAvg_legacy', 'Actinide_legacy', 'oxlikeminimalprojectionradiusGeomAvg_legacy', 'G9_legacy', 'orgminimalprojectionradiusArithAvg_legacy', 'orgvanderwaalsMax_legacy', 'orgvanderwaalsMin_legacy', 'pH_legacy', 'G8_legacy', 'S_legacy', 'IonizationMax_legacy', 'PearsonElectronegMinWeighted_legacy', 'oxlikemaximalprojectionareaGeomAvg_legacy', 'orgmaximalprojectionsizeGeomAvg_legacy', 'orghbdamsaccMin_legacy', 'PaulingElectronegMin_legacy', 'IonizationMean_legacy', 'numberInorg_legacy', 'PearsonElectronegGeomWeighted_legacy', 'orgminimalprojectionradiusGeomAvg_legacy', 'oxlikemolpolGeomAvg_legacy', 'orgminimalprojectionsizeMin_legacy', 'orgASA+Min_legacy', 'orghbdamsaccMax_legacy', 'orgminimalprojectionsizeGeomAvg_legacy', 'F_legacy', 'oxlikerefractivityGeomAvg_legacy', 'orgASA+Max_legacy', 'orgASA_PMax_legacy', 'N_legacy', 'orgASA_PGeomAvg_legacy', 'EAGeom_legacy', 'V_legacy', 'G17_legacy', 'oxlikemaximalprojectionradiusMax_legacy', 'oxlikeavgpolMax_legacy', 'G14_legacy', 'G13_legacy', 'G12_legacy', 'Se_legacy', 'G10_legacy', 'PaulingElectronegGeom_legacy', 'Co_legacy', 'temp_legacy', 'Cl_legacy', 'orgvanderwaalsGeomAvg_legacy', 'PaulingElectronegMean_legacy', 'oxlikeminimalprojectionradiusArithAvg_legacy', 'oxlikemaximalprojectionareaArithAvg_legacy', 'oxlikeavgpolMin_legacy', 'AtomicRadiusGeomWeighted_legacy', 'orgpolarsurfaceareaMin_legacy', 'oxlikeASA_HArithAvg_legacy', 'oxlikepolarsurfaceareaMin_legacy', 'IonizationMeanWeighted_legacy', 'inorg-org-moleratio_legacy', 'orgminimalprojectionareaGeomAvg_legacy', 'orghbdamsdonGeomAvg_legacy', 'orgASA-Min_legacy', 'PaulingElectronegMeanWeighted_legacy', 'PearsonElectronegMean_legacy', 'oxlikeavgpolGeomAvg_legacy', 'oxlikerefractivityMin_legacy', 'P3_legacy', 'orgASA-Max_legacy', 'AtomicRadiusGeom_legacy', 'Li_legacy', 'orgminimalprojectionareaArithAvg_legacy', 'orgrefractivityMin_legacy', 'orgASA_HGeomAvg_legacy', 'orghbdamsdonArithAvg_legacy', 'Te_legacy', 'hardnessMeanWeighted_legacy', 'oxlikeavgpol_pHdependentMin_legacy', 'orgASA_PMin_legacy', 'inorg-water-moleratio_legacy', 'orgASA+GeomAvg_legacy', 'notwater-water-moleratio_legacy', 'IonizationGeom_legacy', 'EAMeanWeighted_legacy', 'oxlikemaximalprojectionareaMax_legacy', 'V0_legacy', 'V1_legacy', 'V2_legacy', 'oxlikemolpolArithAvg_legacy', 'V4_legacy', 'V5_legacy', 'V6_legacy', 'V7_legacy', 'orgrefractivityMax_legacy', 'oxlikehbdamsdonArithAvg_legacy', 'oxlikehbdamsdonMin_legacy', 'G18_legacy', 'oxlikemaximalprojectionareaMin_legacy', 'orgminimalprojectionradiusMin_legacy', 'orgminimalprojectionareaMax_legacy', 'PaulingElectronegGeomWeighted_legacy', 'time_legacy', 'hardnessMean_legacy', 'oxlikeASA+Min_legacy', 'orgavgpolArithAvg_legacy', 'oxlikehbdamsaccArithAvg_legacy', 'oxlikeASA-GeomAvg_legacy', 'oxlikemaximalprojectionsizeGeomAvg_legacy', 'orgmaximalprojectionradiusArithAvg_legacy', 'orgminimalprojectionsizeMax_legacy', 'IonizationGeomWeighted_legacy', 'I_legacy', 'orgminimalprojectionareaMin_legacy', 'oxlikepolarsurfaceareaMax_legacy', 'orgmolpolGeomAvg_legacy', 'oxlikeASA-ArithAvg_legacy', 'PearsonElectronegMaxWeighted_legacy', 'hardnessGeom_legacy', 'org-water-moleratio_legacy', 'orgavgpol_pHdependentMin_legacy', 'oxlikeavgpol_pHdependentGeomAvg_legacy', 'orgASA-GeomAvg_legacy', 'PaulingElectronegMaxWeighted_legacy', 'hardnessMinWeighted_legacy', 'orgrefractivityArithAvg_legacy', 'orgminimalprojectionradiusMax_legacy', 'orghbdamsaccGeomAvg_legacy', 'slowCool_legacy', 'G16_legacy', 'EAMin_legacy'], reaction_set_name='valid_legacy_rxns_nonzero_compound', response_headers=['boolean_outcome_legacy'], splitter='MutualInfoSplitter', splitter_options="{'num_splits': 15}", test_set_name=None, training_set_name=None, verbose=True, visitor_options="{'puk_sigma':7, 'puk_omega':0.5}")
Splitting using MutualInfoSplitter
Split into train (2188), test (954)
Split into train (2187), test (955)
Split into train (2199), test (943)
Split into train (2195), test (947)
Split into train (2195), test (947)
Split into train (2186), test (956)
Split into train (2196), test (946)
Split into train (2196), test (946)
Split into train (2197), test (945)
Split into train (2186), test (956)
Split into train (2199), test (943)
Split into train (2180), test (962)
Split into train (2184), test (958)
Split into train (2187), test (955)
Split into train (2195), test (947)
Starting building at 2016-04-16 06:39:29.756772
2016-04-16 06:39:29.758612 statsModel 25165, saving to /home/gmartinn/DRP_main/DRP_repo/models/1943_25165_weka_SVM_PUK.model, training...
Writing arff to /home/gmartinn/DRP_main/DRP_repo/tmp/25165_34dee421-185f-4a01-bf14-c6ed2519d918.arff
Running in Shell:
export CLASSPATH=$CLASSPATH:/usr/share/java/weka.jar; java weka.classifiers.functions.SMO -t /home/gmartinn/DRP_main/DRP_repo/tmp/25165_34dee421-185f-4a01-bf14-c6ed2519d918.arff -d /home/gmartinn/DRP_main/DRP_repo/models/1943_25165_weka_SVM_PUK.model -p 0 -c 15 -K "weka.classifiers.functions.supportVector.Puk -O 0.5 -S 7"
	...Trained. Finished at 2016-04-16 06:41:15.008649. Saving statsModel... saved
Predicting test set...
Writing arff to /home/gmartinn/DRP_main/DRP_repo/tmp/25165_dcf2c3cc-06aa-4ef9-809a-0a0d79a858e4.arff
Writing results to /home/gmartinn/DRP_main/DRP_repo/tmp/25165_7338fa4a-9a7a-42fc-b9eb-7783164b3d8a.out
Running in Shell:
export CLASSPATH=$CLASSPATH:/usr/share/java/weka.jar; java weka.classifiers.functions.SMO -T /home/gmartinn/DRP_main/DRP_repo/tmp/25165_dcf2c3cc-06aa-4ef9-809a-0a0d79a858e4.arff -l /home/gmartinn/DRP_main/DRP_repo/models/1943_25165_weka_SVM_PUK.model -p 0 -c 15 1> /home/gmartinn/DRP_main/DRP_repo/tmp/25165_7338fa4a-9a7a-42fc-b9eb-7783164b3d8a.out
	...finished predicting. Storing predictions... predictions stored.
Confusion matrix for boolean_outcome_legacy_prediction_1943_component_25165:
      False  True 
False   66    62  
 True  207   619  
Accuracy: 0.718
BCR: 0.575
2016-04-16 06:41:38.171648. 1 of 15 models built.
Elapsed model building time: 0:02:08.414054. Expected completion time: 2016-04-16 07:11:35.968404
2016-04-16 06:41:38.171769 statsModel 25166, saving to /home/gmartinn/DRP_main/DRP_repo/models/1943_25166_weka_SVM_PUK.model, training...
Writing arff to /home/gmartinn/DRP_main/DRP_repo/tmp/25166_6f9c877f-91ed-467f-a8ca-092cbb6242e3.arff
Running in Shell:
export CLASSPATH=$CLASSPATH:/usr/share/java/weka.jar; java weka.classifiers.functions.SMO -t /home/gmartinn/DRP_main/DRP_repo/tmp/25166_6f9c877f-91ed-467f-a8ca-092cbb6242e3.arff -d /home/gmartinn/DRP_main/DRP_repo/models/1943_25166_weka_SVM_PUK.model -p 0 -c 15 -K "weka.classifiers.functions.supportVector.Puk -O 0.5 -S 7"
	...Trained. Finished at 2016-04-16 06:43:23.059335. Saving statsModel... saved
Predicting test set...
Writing arff to /home/gmartinn/DRP_main/DRP_repo/tmp/25166_0c0e76b9-3966-458f-8047-f4de5e5e57fe.arff
Writing results to /home/gmartinn/DRP_main/DRP_repo/tmp/25166_1dfc8823-0192-4bd4-9889-3168642557d1.out
Running in Shell:
export CLASSPATH=$CLASSPATH:/usr/share/java/weka.jar; java weka.classifiers.functions.SMO -T /home/gmartinn/DRP_main/DRP_repo/tmp/25166_0c0e76b9-3966-458f-8047-f4de5e5e57fe.arff -l /home/gmartinn/DRP_main/DRP_repo/models/1943_25166_weka_SVM_PUK.model -p 0 -c 15 1> /home/gmartinn/DRP_main/DRP_repo/tmp/25166_1dfc8823-0192-4bd4-9889-3168642557d1.out
	...finished predicting. Storing predictions... predictions stored.
Confusion matrix for boolean_outcome_legacy_prediction_1943_component_25166:
      False  True 
False   39    46  
 True  183   687  
Accuracy: 0.76
BCR: 0.556
2016-04-16 06:43:45.966213. 2 of 15 models built.
Elapsed model building time: 0:04:16.208619. Expected completion time: 2016-04-16 07:11:31.322236
2016-04-16 06:43:45.966336 statsModel 25167, saving to /home/gmartinn/DRP_main/DRP_repo/models/1943_25167_weka_SVM_PUK.model, training...
Writing arff to /home/gmartinn/DRP_main/DRP_repo/tmp/25167_f5bedad7-beed-41a5-b6c5-c28086b5c21d.arff
Running in Shell:
export CLASSPATH=$CLASSPATH:/usr/share/java/weka.jar; java weka.classifiers.functions.SMO -t /home/gmartinn/DRP_main/DRP_repo/tmp/25167_f5bedad7-beed-41a5-b6c5-c28086b5c21d.arff -d /home/gmartinn/DRP_main/DRP_repo/models/1943_25167_weka_SVM_PUK.model -p 0 -c 15 -K "weka.classifiers.functions.supportVector.Puk -O 0.5 -S 7"
	...Trained. Finished at 2016-04-16 06:45:32.697629. Saving statsModel... saved
Predicting test set...
Writing arff to /home/gmartinn/DRP_main/DRP_repo/tmp/25167_3766e4d1-46ab-47c9-85fb-a9e4746ab06c.arff
Writing results to /home/gmartinn/DRP_main/DRP_repo/tmp/25167_d43309f9-c877-4735-adb0-689ce5ea0f7c.out
Running in Shell:
export CLASSPATH=$CLASSPATH:/usr/share/java/weka.jar; java weka.classifiers.functions.SMO -T /home/gmartinn/DRP_main/DRP_repo/tmp/25167_3766e4d1-46ab-47c9-85fb-a9e4746ab06c.arff -l /home/gmartinn/DRP_main/DRP_repo/models/1943_25167_weka_SVM_PUK.model -p 0 -c 15 1> /home/gmartinn/DRP_main/DRP_repo/tmp/25167_d43309f9-c877-4735-adb0-689ce5ea0f7c.out
	...finished predicting. Storing predictions... predictions stored.
Confusion matrix for boolean_outcome_legacy_prediction_1943_component_25167:
      False  True 
False   63    66  
 True  177   637  
Accuracy: 0.742
BCR: 0.584
2016-04-16 06:45:55.270060. 3 of 15 models built.
Elapsed model building time: 0:06:25.512466. Expected completion time: 2016-04-16 07:11:37.319924
2016-04-16 06:45:55.270176 statsModel 25168, saving to /home/gmartinn/DRP_main/DRP_repo/models/1943_25168_weka_SVM_PUK.model, training...
Writing arff to /home/gmartinn/DRP_main/DRP_repo/tmp/25168_c0bc7333-c5d6-46fd-bd60-3f0ea6bc86bf.arff
Running in Shell:
export CLASSPATH=$CLASSPATH:/usr/share/java/weka.jar; java weka.classifiers.functions.SMO -t /home/gmartinn/DRP_main/DRP_repo/tmp/25168_c0bc7333-c5d6-46fd-bd60-3f0ea6bc86bf.arff -d /home/gmartinn/DRP_main/DRP_repo/models/1943_25168_weka_SVM_PUK.model -p 0 -c 15 -K "weka.classifiers.functions.supportVector.Puk -O 0.5 -S 7"
	...Trained. Finished at 2016-04-16 06:47:36.483861. Saving statsModel... saved
Predicting test set...
Writing arff to /home/gmartinn/DRP_main/DRP_repo/tmp/25168_b8c33e12-49e6-427e-a22b-1f502de1f29c.arff
Writing results to /home/gmartinn/DRP_main/DRP_repo/tmp/25168_31efcc0d-7bc8-4919-897a-6ab12707a7b4.out
Running in Shell:
export CLASSPATH=$CLASSPATH:/usr/share/java/weka.jar; java weka.classifiers.functions.SMO -T /home/gmartinn/DRP_main/DRP_repo/tmp/25168_b8c33e12-49e6-427e-a22b-1f502de1f29c.arff -l /home/gmartinn/DRP_main/DRP_repo/models/1943_25168_weka_SVM_PUK.model -p 0 -c 15 1> /home/gmartinn/DRP_main/DRP_repo/tmp/25168_31efcc0d-7bc8-4919-897a-6ab12707a7b4.out
	...finished predicting. Storing predictions... predictions stored.
Confusion matrix for boolean_outcome_legacy_prediction_1943_component_25168:
      False  True 
False   39    51  
 True  198   659  
Accuracy: 0.737
BCR: 0.546
2016-04-16 06:47:59.128541. 4 of 15 models built.
Elapsed model building time: 0:08:29.370947. Expected completion time: 2016-04-16 07:11:19.898645
2016-04-16 06:47:59.128661 statsModel 25169, saving to /home/gmartinn/DRP_main/DRP_repo/models/1943_25169_weka_SVM_PUK.model, training...
Writing arff to /home/gmartinn/DRP_main/DRP_repo/tmp/25169_86d70c52-2bd2-4037-9e03-0f464e29950a.arff
Running in Shell:
export CLASSPATH=$CLASSPATH:/usr/share/java/weka.jar; java weka.classifiers.functions.SMO -t /home/gmartinn/DRP_main/DRP_repo/tmp/25169_86d70c52-2bd2-4037-9e03-0f464e29950a.arff -d /home/gmartinn/DRP_main/DRP_repo/models/1943_25169_weka_SVM_PUK.model -p 0 -c 15 -K "weka.classifiers.functions.supportVector.Puk -O 0.5 -S 7"
	...Trained. Finished at 2016-04-16 06:49:35.901927. Saving statsModel... saved
Predicting test set...
Writing arff to /home/gmartinn/DRP_main/DRP_repo/tmp/25169_17383dc0-78e2-496b-9908-139a6cf89e00.arff
Writing results to /home/gmartinn/DRP_main/DRP_repo/tmp/25169_e681f052-6030-4022-8cdf-c8a98c9e431a.out
Running in Shell:
export CLASSPATH=$CLASSPATH:/usr/share/java/weka.jar; java weka.classifiers.functions.SMO -T /home/gmartinn/DRP_main/DRP_repo/tmp/25169_17383dc0-78e2-496b-9908-139a6cf89e00.arff -l /home/gmartinn/DRP_main/DRP_repo/models/1943_25169_weka_SVM_PUK.model -p 0 -c 15 1> /home/gmartinn/DRP_main/DRP_repo/tmp/25169_e681f052-6030-4022-8cdf-c8a98c9e431a.out
	...finished predicting. Storing predictions... predictions stored.
Confusion matrix for boolean_outcome_legacy_prediction_1943_component_25169:
      False  True 
False   80    55  
 True  222   590  
Accuracy: 0.707
BCR: 0.59
2016-04-16 06:49:58.577106. 5 of 15 models built.
Elapsed model building time: 0:10:28.819512. Expected completion time: 2016-04-16 07:10:56.216130
2016-04-16 06:49:58.577226 statsModel 25170, saving to /home/gmartinn/DRP_main/DRP_repo/models/1943_25170_weka_SVM_PUK.model, training...
Writing arff to /home/gmartinn/DRP_main/DRP_repo/tmp/25170_9f47ee2b-82c6-44af-b245-ecf42576358f.arff
Running in Shell:
export CLASSPATH=$CLASSPATH:/usr/share/java/weka.jar; java weka.classifiers.functions.SMO -t /home/gmartinn/DRP_main/DRP_repo/tmp/25170_9f47ee2b-82c6-44af-b245-ecf42576358f.arff -d /home/gmartinn/DRP_main/DRP_repo/models/1943_25170_weka_SVM_PUK.model -p 0 -c 15 -K "weka.classifiers.functions.supportVector.Puk -O 0.5 -S 7"
	...Trained. Finished at 2016-04-16 06:51:41.349524. Saving statsModel... saved
Predicting test set...
Writing arff to /home/gmartinn/DRP_main/DRP_repo/tmp/25170_ff84504e-32dd-4195-b36c-d33959af1f92.arff
Writing results to /home/gmartinn/DRP_main/DRP_repo/tmp/25170_967fc139-c881-41f4-b382-969b4657f575.out
Running in Shell:
export CLASSPATH=$CLASSPATH:/usr/share/java/weka.jar; java weka.classifiers.functions.SMO -T /home/gmartinn/DRP_main/DRP_repo/tmp/25170_ff84504e-32dd-4195-b36c-d33959af1f92.arff -l /home/gmartinn/DRP_main/DRP_repo/models/1943_25170_weka_SVM_PUK.model -p 0 -c 15 1> /home/gmartinn/DRP_main/DRP_repo/tmp/25170_967fc139-c881-41f4-b382-969b4657f575.out
	...finished predicting. Storing predictions... predictions stored.
Confusion matrix for boolean_outcome_legacy_prediction_1943_component_25170:
      False  True 
False   65    33  
 True  204   654  
Accuracy: 0.752
BCR: 0.597
2016-04-16 06:52:04.170214. 6 of 15 models built.
Elapsed model building time: 0:12:34.412620. Expected completion time: 2016-04-16 07:10:55.789144
2016-04-16 06:52:04.170340 statsModel 25171, saving to /home/gmartinn/DRP_main/DRP_repo/models/1943_25171_weka_SVM_PUK.model, training...
Writing arff to /home/gmartinn/DRP_main/DRP_repo/tmp/25171_b0280c80-f448-4caf-bccf-86e9bcd14e20.arff
Running in Shell:
export CLASSPATH=$CLASSPATH:/usr/share/java/weka.jar; java weka.classifiers.functions.SMO -t /home/gmartinn/DRP_main/DRP_repo/tmp/25171_b0280c80-f448-4caf-bccf-86e9bcd14e20.arff -d /home/gmartinn/DRP_main/DRP_repo/models/1943_25171_weka_SVM_PUK.model -p 0 -c 15 -K "weka.classifiers.functions.supportVector.Puk -O 0.5 -S 7"
	...Trained. Finished at 2016-04-16 06:53:45.445148. Saving statsModel... saved
Predicting test set...
Writing arff to /home/gmartinn/DRP_main/DRP_repo/tmp/25171_798362ac-472f-4542-a7a4-ec6ae8769401.arff
Writing results to /home/gmartinn/DRP_main/DRP_repo/tmp/25171_b1f460a0-17d8-47d9-8794-2c4a3707e4d4.out
Running in Shell:
export CLASSPATH=$CLASSPATH:/usr/share/java/weka.jar; java weka.classifiers.functions.SMO -T /home/gmartinn/DRP_main/DRP_repo/tmp/25171_798362ac-472f-4542-a7a4-ec6ae8769401.arff -l /home/gmartinn/DRP_main/DRP_repo/models/1943_25171_weka_SVM_PUK.model -p 0 -c 15 1> /home/gmartinn/DRP_main/DRP_repo/tmp/25171_b1f460a0-17d8-47d9-8794-2c4a3707e4d4.out
	...finished predicting. Storing predictions... predictions stored.
Confusion matrix for boolean_outcome_legacy_prediction_1943_component_25171:
      False  True 
False   61    35  
 True  201   649  
Accuracy: 0.751
BCR: 0.591
2016-04-16 06:54:08.127322. 7 of 15 models built.
Elapsed model building time: 0:14:38.369728. Expected completion time: 2016-04-16 07:10:51.978440
2016-04-16 06:54:08.127529 statsModel 25172, saving to /home/gmartinn/DRP_main/DRP_repo/models/1943_25172_weka_SVM_PUK.model, training...
Writing arff to /home/gmartinn/DRP_main/DRP_repo/tmp/25172_cf976084-0b3b-4a70-9736-24aa9734d3a3.arff
Running in Shell:
export CLASSPATH=$CLASSPATH:/usr/share/java/weka.jar; java weka.classifiers.functions.SMO -t /home/gmartinn/DRP_main/DRP_repo/tmp/25172_cf976084-0b3b-4a70-9736-24aa9734d3a3.arff -d /home/gmartinn/DRP_main/DRP_repo/models/1943_25172_weka_SVM_PUK.model -p 0 -c 15 -K "weka.classifiers.functions.supportVector.Puk -O 0.5 -S 7"
	...Trained. Finished at 2016-04-16 06:55:54.005742. Saving statsModel... saved
Predicting test set...
Writing arff to /home/gmartinn/DRP_main/DRP_repo/tmp/25172_218ca006-2e02-4b59-97d5-9074a853f544.arff
Writing results to /home/gmartinn/DRP_main/DRP_repo/tmp/25172_6fca8ac0-8a4e-4726-8fbf-9441e9a9d84c.out
Running in Shell:
export CLASSPATH=$CLASSPATH:/usr/share/java/weka.jar; java weka.classifiers.functions.SMO -T /home/gmartinn/DRP_main/DRP_repo/tmp/25172_218ca006-2e02-4b59-97d5-9074a853f544.arff -l /home/gmartinn/DRP_main/DRP_repo/models/1943_25172_weka_SVM_PUK.model -p 0 -c 15 1> /home/gmartinn/DRP_main/DRP_repo/tmp/25172_6fca8ac0-8a4e-4726-8fbf-9441e9a9d84c.out
	...finished predicting. Storing predictions... predictions stored.
Confusion matrix for boolean_outcome_legacy_prediction_1943_component_25172:
      False  True 
False   92    41  
 True  196   617  
Accuracy: 0.749
BCR: 0.629
2016-04-16 06:56:16.639488. 8 of 15 models built.
Elapsed model building time: 0:16:46.881894. Expected completion time: 2016-04-16 07:10:57.661145
2016-04-16 06:56:16.639612 statsModel 25173, saving to /home/gmartinn/DRP_main/DRP_repo/models/1943_25173_weka_SVM_PUK.model, training...
Writing arff to /home/gmartinn/DRP_main/DRP_repo/tmp/25173_597f4eb0-1656-407d-8427-5e5a02d8689f.arff
Running in Shell:
export CLASSPATH=$CLASSPATH:/usr/share/java/weka.jar; java weka.classifiers.functions.SMO -t /home/gmartinn/DRP_main/DRP_repo/tmp/25173_597f4eb0-1656-407d-8427-5e5a02d8689f.arff -d /home/gmartinn/DRP_main/DRP_repo/models/1943_25173_weka_SVM_PUK.model -p 0 -c 15 -K "weka.classifiers.functions.supportVector.Puk -O 0.5 -S 7"
	...Trained. Finished at 2016-04-16 06:57:58.265855. Saving statsModel... saved
Predicting test set...
Writing arff to /home/gmartinn/DRP_main/DRP_repo/tmp/25173_2e8e0464-891f-405b-8cd9-268d449452e2.arff
Writing results to /home/gmartinn/DRP_main/DRP_repo/tmp/25173_f738dc15-f74e-4bd6-a74a-4e408a246dde.out
Running in Shell:
export CLASSPATH=$CLASSPATH:/usr/share/java/weka.jar; java weka.classifiers.functions.SMO -T /home/gmartinn/DRP_main/DRP_repo/tmp/25173_2e8e0464-891f-405b-8cd9-268d449452e2.arff -l /home/gmartinn/DRP_main/DRP_repo/models/1943_25173_weka_SVM_PUK.model -p 0 -c 15 1> /home/gmartinn/DRP_main/DRP_repo/tmp/25173_f738dc15-f74e-4bd6-a74a-4e408a246dde.out
	...finished predicting. Storing predictions... predictions stored.
Confusion matrix for boolean_outcome_legacy_prediction_1943_component_25173:
      False  True 
False   78    62  
 True  179   626  
Accuracy: 0.745
BCR: 0.607
2016-04-16 06:58:21.075252. 9 of 15 models built.
Elapsed model building time: 0:18:51.317658. Expected completion time: 2016-04-16 07:10:55.287024
2016-04-16 06:58:21.075378 statsModel 25174, saving to /home/gmartinn/DRP_main/DRP_repo/models/1943_25174_weka_SVM_PUK.model, training...
Writing arff to /home/gmartinn/DRP_main/DRP_repo/tmp/25174_8c11b046-adfc-4345-b9d7-97fe6b469058.arff
Running in Shell:
export CLASSPATH=$CLASSPATH:/usr/share/java/weka.jar; java weka.classifiers.functions.SMO -t /home/gmartinn/DRP_main/DRP_repo/tmp/25174_8c11b046-adfc-4345-b9d7-97fe6b469058.arff -d /home/gmartinn/DRP_main/DRP_repo/models/1943_25174_weka_SVM_PUK.model -p 0 -c 15 -K "weka.classifiers.functions.supportVector.Puk -O 0.5 -S 7"
	...Trained. Finished at 2016-04-16 07:00:06.365339. Saving statsModel... saved
Predicting test set...
Writing arff to /home/gmartinn/DRP_main/DRP_repo/tmp/25174_ef941105-8720-41bf-a95e-6a587d4c7cf7.arff
Writing results to /home/gmartinn/DRP_main/DRP_repo/tmp/25174_1ba62712-08bf-4b26-b408-19a8b90705fa.out
Running in Shell:
export CLASSPATH=$CLASSPATH:/usr/share/java/weka.jar; java weka.classifiers.functions.SMO -T /home/gmartinn/DRP_main/DRP_repo/tmp/25174_ef941105-8720-41bf-a95e-6a587d4c7cf7.arff -l /home/gmartinn/DRP_main/DRP_repo/models/1943_25174_weka_SVM_PUK.model -p 0 -c 15 1> /home/gmartinn/DRP_main/DRP_repo/tmp/25174_1ba62712-08bf-4b26-b408-19a8b90705fa.out
	...finished predicting. Storing predictions... predictions stored.
Confusion matrix for boolean_outcome_legacy_prediction_1943_component_25174:
      False  True 
False   76    85  
 True  164   631  
Accuracy: 0.74
BCR: 0.599
2016-04-16 07:00:29.327792. 10 of 15 models built.
Elapsed model building time: 0:20:59.570198. Expected completion time: 2016-04-16 07:10:59.112891
2016-04-16 07:00:29.327963 statsModel 25175, saving to /home/gmartinn/DRP_main/DRP_repo/models/1943_25175_weka_SVM_PUK.model, training...
Writing arff to /home/gmartinn/DRP_main/DRP_repo/tmp/25175_89655ccd-f351-4d2e-8feb-d7c3c821ce36.arff
Running in Shell:
export CLASSPATH=$CLASSPATH:/usr/share/java/weka.jar; java weka.classifiers.functions.SMO -t /home/gmartinn/DRP_main/DRP_repo/tmp/25175_89655ccd-f351-4d2e-8feb-d7c3c821ce36.arff -d /home/gmartinn/DRP_main/DRP_repo/models/1943_25175_weka_SVM_PUK.model -p 0 -c 15 -K "weka.classifiers.functions.supportVector.Puk -O 0.5 -S 7"
	...Trained. Finished at 2016-04-16 07:02:10.101588. Saving statsModel... saved
Predicting test set...
Writing arff to /home/gmartinn/DRP_main/DRP_repo/tmp/25175_e2bc011d-743a-472b-961c-63f5c630390d.arff
Writing results to /home/gmartinn/DRP_main/DRP_repo/tmp/25175_8001dbfa-80c5-4ac6-9a6c-a01504e7d621.out
Running in Shell:
export CLASSPATH=$CLASSPATH:/usr/share/java/weka.jar; java weka.classifiers.functions.SMO -T /home/gmartinn/DRP_main/DRP_repo/tmp/25175_e2bc011d-743a-472b-961c-63f5c630390d.arff -l /home/gmartinn/DRP_main/DRP_repo/models/1943_25175_weka_SVM_PUK.model -p 0 -c 15 1> /home/gmartinn/DRP_main/DRP_repo/tmp/25175_8001dbfa-80c5-4ac6-9a6c-a01504e7d621.out
	...finished predicting. Storing predictions... predictions stored.
Confusion matrix for boolean_outcome_legacy_prediction_1943_component_25175:
      False  True 
False   57    52  
 True  169   665  
Accuracy: 0.766
BCR: 0.59
2016-04-16 07:02:32.757026. 11 of 15 models built.
Elapsed model building time: 0:23:02.999432. Expected completion time: 2016-04-16 07:10:55.665910
2016-04-16 07:02:32.757168 statsModel 25176, saving to /home/gmartinn/DRP_main/DRP_repo/models/1943_25176_weka_SVM_PUK.model, training...
Writing arff to /home/gmartinn/DRP_main/DRP_repo/tmp/25176_634e7255-2a76-41da-8d51-0ff1156567ac.arff
Running in Shell:
export CLASSPATH=$CLASSPATH:/usr/share/java/weka.jar; java weka.classifiers.functions.SMO -t /home/gmartinn/DRP_main/DRP_repo/tmp/25176_634e7255-2a76-41da-8d51-0ff1156567ac.arff -d /home/gmartinn/DRP_main/DRP_repo/models/1943_25176_weka_SVM_PUK.model -p 0 -c 15 -K "weka.classifiers.functions.supportVector.Puk -O 0.5 -S 7"
	...Trained. Finished at 2016-04-16 07:04:13.681515. Saving statsModel... saved
Predicting test set...
Writing arff to /home/gmartinn/DRP_main/DRP_repo/tmp/25176_4fab4062-b713-441f-8d13-f742e0af798c.arff
Writing results to /home/gmartinn/DRP_main/DRP_repo/tmp/25176_4426f680-27c5-4fe3-aee2-cd93eec67ced.out
Running in Shell:
export CLASSPATH=$CLASSPATH:/usr/share/java/weka.jar; java weka.classifiers.functions.SMO -T /home/gmartinn/DRP_main/DRP_repo/tmp/25176_4fab4062-b713-441f-8d13-f742e0af798c.arff -l /home/gmartinn/DRP_main/DRP_repo/models/1943_25176_weka_SVM_PUK.model -p 0 -c 15 1> /home/gmartinn/DRP_main/DRP_repo/tmp/25176_4426f680-27c5-4fe3-aee2-cd93eec67ced.out
	...finished predicting. Storing predictions... predictions stored.
Confusion matrix for boolean_outcome_legacy_prediction_1943_component_25176:
      False  True 
False   66    43  
 True  188   665  
Accuracy: 0.76
BCR: 0.6
2016-04-16 07:04:36.648776. 12 of 15 models built.
Elapsed model building time: 0:25:06.891182. Expected completion time: 2016-04-16 07:10:53.371572
2016-04-16 07:04:36.648998 statsModel 25177, saving to /home/gmartinn/DRP_main/DRP_repo/models/1943_25177_weka_SVM_PUK.model, training...
Writing arff to /home/gmartinn/DRP_main/DRP_repo/tmp/25177_66819f0a-678e-4e26-8256-494feb0c31d6.arff
Running in Shell:
export CLASSPATH=$CLASSPATH:/usr/share/java/weka.jar; java weka.classifiers.functions.SMO -t /home/gmartinn/DRP_main/DRP_repo/tmp/25177_66819f0a-678e-4e26-8256-494feb0c31d6.arff -d /home/gmartinn/DRP_main/DRP_repo/models/1943_25177_weka_SVM_PUK.model -p 0 -c 15 -K "weka.classifiers.functions.supportVector.Puk -O 0.5 -S 7"
	...Trained. Finished at 2016-04-16 07:06:20.247323. Saving statsModel... saved
Predicting test set...
Writing arff to /home/gmartinn/DRP_main/DRP_repo/tmp/25177_0fe27909-f6f4-4cc8-b0b5-343657136812.arff
Writing results to /home/gmartinn/DRP_main/DRP_repo/tmp/25177_c82a4d3c-ee0f-45a5-9b16-864ad2146b01.out
Running in Shell:
export CLASSPATH=$CLASSPATH:/usr/share/java/weka.jar; java weka.classifiers.functions.SMO -T /home/gmartinn/DRP_main/DRP_repo/tmp/25177_0fe27909-f6f4-4cc8-b0b5-343657136812.arff -l /home/gmartinn/DRP_main/DRP_repo/models/1943_25177_weka_SVM_PUK.model -p 0 -c 15 1> /home/gmartinn/DRP_main/DRP_repo/tmp/25177_c82a4d3c-ee0f-45a5-9b16-864ad2146b01.out
	...finished predicting. Storing predictions... predictions stored.
Confusion matrix for boolean_outcome_legacy_prediction_1943_component_25177:
      False  True 
False   72    26  
 True  216   644  
Accuracy: 0.747
BCR: 0.606
2016-04-16 07:06:43.285178. 13 of 15 models built.
Elapsed model building time: 0:27:13.527584. Expected completion time: 2016-04-16 07:10:54.597114
2016-04-16 07:06:43.285332 statsModel 25178, saving to /home/gmartinn/DRP_main/DRP_repo/models/1943_25178_weka_SVM_PUK.model, training...
Writing arff to /home/gmartinn/DRP_main/DRP_repo/tmp/25178_13e73324-a4f1-4f50-b53c-a09421d42b32.arff
Running in Shell:
export CLASSPATH=$CLASSPATH:/usr/share/java/weka.jar; java weka.classifiers.functions.SMO -t /home/gmartinn/DRP_main/DRP_repo/tmp/25178_13e73324-a4f1-4f50-b53c-a09421d42b32.arff -d /home/gmartinn/DRP_main/DRP_repo/models/1943_25178_weka_SVM_PUK.model -p 0 -c 15 -K "weka.classifiers.functions.supportVector.Puk -O 0.5 -S 7"
	...Trained. Finished at 2016-04-16 07:08:25.858295. Saving statsModel... saved
Predicting test set...
Writing arff to /home/gmartinn/DRP_main/DRP_repo/tmp/25178_6c01a419-8863-4c86-811e-79291109c600.arff
Writing results to /home/gmartinn/DRP_main/DRP_repo/tmp/25178_6571cbdd-806c-4563-a353-2bd910c1c029.out
Running in Shell:
export CLASSPATH=$CLASSPATH:/usr/share/java/weka.jar; java weka.classifiers.functions.SMO -T /home/gmartinn/DRP_main/DRP_repo/tmp/25178_6c01a419-8863-4c86-811e-79291109c600.arff -l /home/gmartinn/DRP_main/DRP_repo/models/1943_25178_weka_SVM_PUK.model -p 0 -c 15 1> /home/gmartinn/DRP_main/DRP_repo/tmp/25178_6571cbdd-806c-4563-a353-2bd910c1c029.out
	...finished predicting. Storing predictions... predictions stored.
Confusion matrix for boolean_outcome_legacy_prediction_1943_component_25178:
      False  True 
False   67    31  
 True  206   651  
Accuracy: 0.752
BCR: 0.6
2016-04-16 07:08:48.620293. 14 of 15 models built.
Elapsed model building time: 0:29:18.862699. Expected completion time: 2016-04-16 07:10:54.253343
2016-04-16 07:08:48.620490 statsModel 25179, saving to /home/gmartinn/DRP_main/DRP_repo/models/1943_25179_weka_SVM_PUK.model, training...
Writing arff to /home/gmartinn/DRP_main/DRP_repo/tmp/25179_009ba3e6-ed28-480f-be19-ca33118b3073.arff
Running in Shell:
export CLASSPATH=$CLASSPATH:/usr/share/java/weka.jar; java weka.classifiers.functions.SMO -t /home/gmartinn/DRP_main/DRP_repo/tmp/25179_009ba3e6-ed28-480f-be19-ca33118b3073.arff -d /home/gmartinn/DRP_main/DRP_repo/models/1943_25179_weka_SVM_PUK.model -p 0 -c 15 -K "weka.classifiers.functions.supportVector.Puk -O 0.5 -S 7"
	...Trained. Finished at 2016-04-16 07:10:36.644509. Saving statsModel... saved
Predicting test set...
Writing arff to /home/gmartinn/DRP_main/DRP_repo/tmp/25179_239a4b47-e1c2-45d6-b7f7-7203d81ace6f.arff
Writing results to /home/gmartinn/DRP_main/DRP_repo/tmp/25179_93685267-4152-4283-8601-e8dac4341c8f.out
Running in Shell:
export CLASSPATH=$CLASSPATH:/usr/share/java/weka.jar; java weka.classifiers.functions.SMO -T /home/gmartinn/DRP_main/DRP_repo/tmp/25179_239a4b47-e1c2-45d6-b7f7-7203d81ace6f.arff -l /home/gmartinn/DRP_main/DRP_repo/models/1943_25179_weka_SVM_PUK.model -p 0 -c 15 1> /home/gmartinn/DRP_main/DRP_repo/tmp/25179_93685267-4152-4283-8601-e8dac4341c8f.out
	...finished predicting. Storing predictions... predictions stored.
Confusion matrix for boolean_outcome_legacy_prediction_1943_component_25179:
      False  True 
False   78    96  
 True  124   649  
Accuracy: 0.768
BCR: 0.629
2016-04-16 07:10:59.478015. 15 of 15 models built.
Elapsed model building time: 0:31:29.720421. Expected completion time: 2016-04-16 07:10:59.478015
Storing overall model predictions... Predictions stored
Finished at 2016-04-16 07:11:04.907959
Confusion matrix for boolean_outcome_legacy_prediction_1943_summative__:
      False  True 
False  141   111  
 True  399   1352 
Accuracy: 0.745
BCR: 0.593
Matthews: 0.248
Confusion matrix for boolean_outcome_legacy_prediction_1943_component_25165__:
      False  True 
False   66    62  
 True  207   619  
Accuracy: 0.718
BCR: 0.575
Matthews: 0.2
Confusion matrix for boolean_outcome_legacy_prediction_1943_component_25166__:
      False  True 
False   39    46  
 True  183   687  
Accuracy: 0.76
BCR: 0.556
Matthews: 0.168
Confusion matrix for boolean_outcome_legacy_prediction_1943_component_25167__:
      False  True 
False   63    66  
 True  177   637  
Accuracy: 0.742
BCR: 0.584
Matthews: 0.214
Confusion matrix for boolean_outcome_legacy_prediction_1943_component_25168__:
      False  True 
False   39    51  
 True  198   659  
Accuracy: 0.737
BCR: 0.546
Matthews: 0.137
Confusion matrix for boolean_outcome_legacy_prediction_1943_component_25169__:
      False  True 
False   80    55  
 True  222   590  
Accuracy: 0.707
BCR: 0.59
Matthews: 0.239
Confusion matrix for boolean_outcome_legacy_prediction_1943_component_25170__:
      False  True 
False   65    33  
 True  204   654  
Accuracy: 0.752
BCR: 0.597
Matthews: 0.287
Confusion matrix for boolean_outcome_legacy_prediction_1943_component_25171__:
      False  True 
False   61    35  
 True  201   649  
Accuracy: 0.751
BCR: 0.591
Matthews: 0.269
Confusion matrix for boolean_outcome_legacy_prediction_1943_component_25172__:
      False  True 
False   92    41  
 True  196   617  
Accuracy: 0.749
BCR: 0.629
Matthews: 0.34
Confusion matrix for boolean_outcome_legacy_prediction_1943_component_25173__:
      False  True 
False   78    62  
 True  179   626  
Accuracy: 0.745
BCR: 0.607
Matthews: 0.267
Confusion matrix for boolean_outcome_legacy_prediction_1943_component_25174__:
      False  True 
False   76    85  
 True  164   631  
Accuracy: 0.74
BCR: 0.599
Matthews: 0.229
Confusion matrix for boolean_outcome_legacy_prediction_1943_component_25175__:
      False  True 
False   57    52  
 True  169   665  
Accuracy: 0.766
BCR: 0.59
Matthews: 0.24
Confusion matrix for boolean_outcome_legacy_prediction_1943_component_25176__:
      False  True 
False   66    43  
 True  188   665  
Accuracy: 0.76
BCR: 0.6
Matthews: 0.277
Confusion matrix for boolean_outcome_legacy_prediction_1943_component_25177__:
      False  True 
False   72    26  
 True  216   644  
Accuracy: 0.747
BCR: 0.606
Matthews: 0.32
Confusion matrix for boolean_outcome_legacy_prediction_1943_component_25178__:
      False  True 
False   67    31  
 True  206   651  
Accuracy: 0.752
BCR: 0.6
Matthews: 0.298
Confusion matrix for boolean_outcome_legacy_prediction_1943_component_25179__:
      False  True 
False   78    96  
 True  124   649  
Accuracy: 0.768
BCR: 0.629
Matthews: 0.272
 Average accuracy: 0.746
 Average BCR: 0.593
 Average Matthews: 0.25
