2016-03-02 09:36:03.339957, saving to /home/gmartinn/DRP_main/DRP_repo/metrics/ITML_15, training on 4193 reactions...
	...Trained. Finished at 2016-03-04 06:00:19.192798.
Traceback (most recent call last):
  File "build_metric.py", line 78, in <module>
    epilog="Prefix arguments with '@' to specify a file containing newline"
  File "build_metric.py", line 32, in prepare_build_metric
    
  File "/home/gmartinn/DRP_main/DRP_venv/local/lib/python2.7/site-packages/django/db/models/base.py", line 734, in save
    force_update=force_update, update_fields=update_fields)
  File "/home/gmartinn/DRP_main/DRP_venv/local/lib/python2.7/site-packages/django/db/models/base.py", line 759, in save_base
    with transaction.atomic(using=using, savepoint=False):
  File "/home/gmartinn/DRP_main/DRP_venv/local/lib/python2.7/site-packages/django/db/transaction.py", line 186, in __enter__
    connection.set_autocommit(False)
  File "/home/gmartinn/DRP_main/DRP_venv/local/lib/python2.7/site-packages/django/db/backends/base/base.py", line 295, in set_autocommit
    self._set_autocommit(autocommit)
  File "/home/gmartinn/DRP_main/DRP_venv/local/lib/python2.7/site-packages/django/db/backends/mysql/base.py", line 301, in _set_autocommit
    self.connection.autocommit(autocommit)
  File "/home/gmartinn/DRP_main/DRP_venv/local/lib/python2.7/site-packages/django/db/utils.py", line 98, in __exit__
    six.reraise(dj_exc_type, dj_exc_value, traceback)
  File "/home/gmartinn/DRP_main/DRP_venv/local/lib/python2.7/site-packages/django/db/backends/mysql/base.py", line 301, in _set_autocommit
    self.connection.autocommit(autocommit)
django.db.utils.OperationalError: (2006, 'MySQL server has gone away')

RESTART

Calling transform
Transforming training set
2016-03-04 18:38:08.982112 Generating transformed descriptors for 4193 reactions
Transforming...
	...transformed
No existing descriptors found for this metric container. Creating them...
	...created
Inputting values for given reactions...
Done with descriptor 0 of 387
Done with descriptor 1 of 387
Done with descriptor 2 of 387
Done with descriptor 3 of 387
Done with descriptor 4 of 387
Done with descriptor 5 of 387
Done with descriptor 6 of 387
Done with descriptor 7 of 387
Done with descriptor 8 of 387
Done with descriptor 9 of 387
Done with descriptor 10 of 387
Done with descriptor 11 of 387
Done with descriptor 12 of 387
Done with descriptor 13 of 387
Done with descriptor 14 of 387
Done with descriptor 15 of 387
Done with descriptor 16 of 387
Done with descriptor 17 of 387
Done with descriptor 18 of 387
Done with descriptor 19 of 387
Done with descriptor 20 of 387
Done with descriptor 21 of 387
Done with descriptor 22 of 387
Done with descriptor 23 of 387
Done with descriptor 24 of 387
Done with descriptor 25 of 387
Done with descriptor 26 of 387
Done with descriptor 27 of 387
Done with descriptor 28 of 387
Done with descriptor 29 of 387
Done with descriptor 30 of 387
Done with descriptor 31 of 387
Done with descriptor 32 of 387
Done with descriptor 33 of 387
Done with descriptor 34 of 387
Done with descriptor 35 of 387
Done with descriptor 36 of 387
Done with descriptor 37 of 387
Done with descriptor 38 of 387
Done with descriptor 39 of 387
Done with descriptor 40 of 387
Done with descriptor 41 of 387
Done with descriptor 42 of 387
Done with descriptor 43 of 387
Done with descriptor 44 of 387
Done with descriptor 45 of 387
Done with descriptor 46 of 387
Done with descriptor 47 of 387
Done with descriptor 48 of 387
Done with descriptor 49 of 387
Done with descriptor 50 of 387
Done with descriptor 51 of 387
Done with descriptor 52 of 387
Done with descriptor 53 of 387
Done with descriptor 54 of 387
Done with descriptor 55 of 387
Done with descriptor 56 of 387
Done with descriptor 57 of 387
Done with descriptor 58 of 387
Done with descriptor 59 of 387
Done with descriptor 60 of 387
Done with descriptor 61 of 387
Done with descriptor 62 of 387
Done with descriptor 63 of 387
Done with descriptor 64 of 387
Done with descriptor 65 of 387
Done with descriptor 66 of 387
Done with descriptor 67 of 387
Done with descriptor 68 of 387
Done with descriptor 69 of 387
Done with descriptor 70 of 387
Done with descriptor 71 of 387
Done with descriptor 72 of 387
Done with descriptor 73 of 387
Done with descriptor 74 of 387
Done with descriptor 75 of 387
Done with descriptor 76 of 387
Done with descriptor 77 of 387
Done with descriptor 78 of 387
Done with descriptor 79 of 387
Done with descriptor 80 of 387
Done with descriptor 81 of 387
Done with descriptor 82 of 387
Done with descriptor 83 of 387
Done with descriptor 84 of 387
Done with descriptor 85 of 387
Done with descriptor 86 of 387
Done with descriptor 87 of 387
Done with descriptor 88 of 387
Done with descriptor 89 of 387
Done with descriptor 90 of 387
Done with descriptor 91 of 387
Done with descriptor 92 of 387
Done with descriptor 93 of 387
Done with descriptor 94 of 387
Done with descriptor 95 of 387
Done with descriptor 96 of 387
Done with descriptor 97 of 387
Done with descriptor 98 of 387
Done with descriptor 99 of 387
Done with descriptor 100 of 387
Done with descriptor 101 of 387
Done with descriptor 102 of 387
Done with descriptor 103 of 387
Done with descriptor 104 of 387
Done with descriptor 105 of 387
Done with descriptor 106 of 387
Done with descriptor 107 of 387
Done with descriptor 108 of 387
Done with descriptor 109 of 387
Done with descriptor 110 of 387
Done with descriptor 111 of 387
Done with descriptor 112 of 387
Done with descriptor 113 of 387
Done with descriptor 114 of 387
Done with descriptor 115 of 387
Done with descriptor 116 of 387
Done with descriptor 117 of 387
Done with descriptor 118 of 387
Done with descriptor 119 of 387
Done with descriptor 120 of 387
Done with descriptor 121 of 387
Done with descriptor 122 of 387
Done with descriptor 123 of 387
Done with descriptor 124 of 387
Done with descriptor 125 of 387
Done with descriptor 126 of 387
Done with descriptor 127 of 387
Done with descriptor 128 of 387
Done with descriptor 129 of 387
Done with descriptor 130 of 387
Done with descriptor 131 of 387
Done with descriptor 132 of 387
Done with descriptor 133 of 387
Done with descriptor 134 of 387
Done with descriptor 135 of 387
Done with descriptor 136 of 387
Done with descriptor 137 of 387
Done with descriptor 138 of 387
Done with descriptor 139 of 387
Done with descriptor 140 of 387
Done with descriptor 141 of 387
Done with descriptor 142 of 387
Done with descriptor 143 of 387
Done with descriptor 144 of 387
Done with descriptor 145 of 387
Done with descriptor 146 of 387
Done with descriptor 147 of 387
Done with descriptor 148 of 387
Done with descriptor 149 of 387
Done with descriptor 150 of 387
Done with descriptor 151 of 387
Done with descriptor 152 of 387
Done with descriptor 153 of 387
Done with descriptor 154 of 387
Done with descriptor 155 of 387
Done with descriptor 156 of 387
Done with descriptor 157 of 387
Done with descriptor 158 of 387
Done with descriptor 159 of 387
Done with descriptor 160 of 387
Done with descriptor 161 of 387
Done with descriptor 162 of 387
Done with descriptor 163 of 387
Done with descriptor 164 of 387
Done with descriptor 165 of 387
Done with descriptor 166 of 387
Done with descriptor 167 of 387
Done with descriptor 168 of 387
Done with descriptor 169 of 387
Done with descriptor 170 of 387
Done with descriptor 171 of 387
Done with descriptor 172 of 387
Done with descriptor 173 of 387
Done with descriptor 174 of 387
Done with descriptor 175 of 387
Done with descriptor 176 of 387
Done with descriptor 177 of 387
Done with descriptor 178 of 387
Done with descriptor 179 of 387
Done with descriptor 180 of 387
Done with descriptor 181 of 387
Done with descriptor 182 of 387
Done with descriptor 183 of 387
Done with descriptor 184 of 387
Done with descriptor 185 of 387
Done with descriptor 186 of 387
Done with descriptor 187 of 387
Done with descriptor 188 of 387
Done with descriptor 189 of 387
Done with descriptor 190 of 387
Done with descriptor 191 of 387
Done with descriptor 192 of 387
Done with descriptor 193 of 387
Done with descriptor 194 of 387
Done with descriptor 195 of 387
Done with descriptor 196 of 387
Done with descriptor 197 of 387
Done with descriptor 198 of 387
Done with descriptor 199 of 387
Done with descriptor 200 of 387
Done with descriptor 201 of 387
Done with descriptor 202 of 387
Done with descriptor 203 of 387
Done with descriptor 204 of 387
Done with descriptor 205 of 387
Done with descriptor 206 of 387
Done with descriptor 207 of 387
Done with descriptor 208 of 387
Done with descriptor 209 of 387
Done with descriptor 210 of 387
Done with descriptor 211 of 387
Done with descriptor 212 of 387
Done with descriptor 213 of 387
Done with descriptor 214 of 387
Done with descriptor 215 of 387
Done with descriptor 216 of 387
Done with descriptor 217 of 387
Done with descriptor 218 of 387
Done with descriptor 219 of 387
Done with descriptor 220 of 387
Done with descriptor 221 of 387
Done with descriptor 222 of 387
Done with descriptor 223 of 387
Done with descriptor 224 of 387
Done with descriptor 225 of 387
Done with descriptor 226 of 387
Done with descriptor 227 of 387
Done with descriptor 228 of 387
Done with descriptor 229 of 387
Done with descriptor 230 of 387
Done with descriptor 231 of 387
Done with descriptor 232 of 387
Done with descriptor 233 of 387
Done with descriptor 234 of 387
Done with descriptor 235 of 387
Done with descriptor 236 of 387
Done with descriptor 237 of 387
Done with descriptor 238 of 387
Done with descriptor 239 of 387
Done with descriptor 240 of 387
Done with descriptor 241 of 387
Done with descriptor 242 of 387
Done with descriptor 243 of 387
Done with descriptor 244 of 387
Done with descriptor 245 of 387
Done with descriptor 246 of 387
Done with descriptor 247 of 387
Done with descriptor 248 of 387
Done with descriptor 249 of 387
Done with descriptor 250 of 387
Done with descriptor 251 of 387
Done with descriptor 252 of 387
Done with descriptor 253 of 387
Done with descriptor 254 of 387
Done with descriptor 255 of 387
Done with descriptor 256 of 387
Done with descriptor 257 of 387
Done with descriptor 258 of 387
Done with descriptor 259 of 387
Done with descriptor 260 of 387
Done with descriptor 261 of 387
Done with descriptor 262 of 387
Done with descriptor 263 of 387
Done with descriptor 264 of 387
Done with descriptor 265 of 387
Done with descriptor 266 of 387
Done with descriptor 267 of 387
Done with descriptor 268 of 387
Done with descriptor 269 of 387
Done with descriptor 270 of 387
Done with descriptor 271 of 387
Done with descriptor 272 of 387
Done with descriptor 273 of 387
Done with descriptor 274 of 387
Done with descriptor 275 of 387
Done with descriptor 276 of 387
Done with descriptor 277 of 387
Done with descriptor 278 of 387
Done with descriptor 279 of 387
Done with descriptor 280 of 387
Done with descriptor 281 of 387
Done with descriptor 282 of 387
Done with descriptor 283 of 387
Done with descriptor 284 of 387
Done with descriptor 285 of 387
Done with descriptor 286 of 387
Done with descriptor 287 of 387
Done with descriptor 288 of 387
Done with descriptor 289 of 387
Done with descriptor 290 of 387
Done with descriptor 291 of 387
Done with descriptor 292 of 387
Done with descriptor 293 of 387
Done with descriptor 294 of 387
Done with descriptor 295 of 387
Done with descriptor 296 of 387
Done with descriptor 297 of 387
Done with descriptor 298 of 387
Done with descriptor 299 of 387
Done with descriptor 300 of 387
Done with descriptor 301 of 387
Done with descriptor 302 of 387
Done with descriptor 303 of 387
Done with descriptor 304 of 387
Done with descriptor 305 of 387
Done with descriptor 306 of 387
Done with descriptor 307 of 387
Done with descriptor 308 of 387
Done with descriptor 309 of 387
Done with descriptor 310 of 387
Done with descriptor 311 of 387
Done with descriptor 312 of 387
Done with descriptor 313 of 387
Done with descriptor 314 of 387
Done with descriptor 315 of 387
Done with descriptor 316 of 387
Done with descriptor 317 of 387
Done with descriptor 318 of 387
Done with descriptor 319 of 387
Done with descriptor 320 of 387
Done with descriptor 321 of 387
Done with descriptor 322 of 387
Done with descriptor 323 of 387
Done with descriptor 324 of 387
Done with descriptor 325 of 387
Done with descriptor 326 of 387
Done with descriptor 327 of 387
Done with descriptor 328 of 387
Done with descriptor 329 of 387
Done with descriptor 330 of 387
Done with descriptor 331 of 387
Done with descriptor 332 of 387
Done with descriptor 333 of 387
Done with descriptor 334 of 387
Done with descriptor 335 of 387
Done with descriptor 336 of 387
Done with descriptor 337 of 387
Done with descriptor 338 of 387
Done with descriptor 339 of 387
Done with descriptor 340 of 387
Done with descriptor 341 of 387
Done with descriptor 342 of 387
Done with descriptor 343 of 387
Done with descriptor 344 of 387
Done with descriptor 345 of 387
Done with descriptor 346 of 387
Done with descriptor 347 of 387
Done with descriptor 348 of 387
Done with descriptor 349 of 387
Done with descriptor 350 of 387
Done with descriptor 351 of 387
Done with descriptor 352 of 387
Done with descriptor 353 of 387
Done with descriptor 354 of 387
Done with descriptor 355 of 387
Done with descriptor 356 of 387
Done with descriptor 357 of 387
Done with descriptor 358 of 387
Done with descriptor 359 of 387
Done with descriptor 360 of 387
Done with descriptor 361 of 387
Done with descriptor 362 of 387
Done with descriptor 363 of 387
Done with descriptor 364 of 387
Done with descriptor 365 of 387
Done with descriptor 366 of 387
Done with descriptor 367 of 387
Done with descriptor 368 of 387
Done with descriptor 369 of 387
Done with descriptor 370 of 387
Done with descriptor 371 of 387
Done with descriptor 372 of 387
Done with descriptor 373 of 387
Done with descriptor 374 of 387
Done with descriptor 375 of 387
Done with descriptor 376 of 387
Done with descriptor 377 of 387
Done with descriptor 378 of 387
Done with descriptor 379 of 387
Done with descriptor 380 of 387
Done with descriptor 381 of 387
Done with descriptor 382 of 387
Done with descriptor 383 of 387
Done with descriptor 384 of 387
Done with descriptor 385 of 387
Done with descriptor 386 of 387
	...finished at 2016-03-04 19:40:53.842826
Writing descriptors to file
Tranforming test set to new space
2016-03-04 19:40:53.861604 Generating transformed descriptors for 2065 reactions
Transforming...
	...transformed
Existing transformed descriptors found. Skipping creation.
Inputting values for given reactions...
Done with descriptor 0 of 387
Done with descriptor 1 of 387
Done with descriptor 2 of 387
Done with descriptor 3 of 387
Done with descriptor 4 of 387
Done with descriptor 5 of 387
Done with descriptor 6 of 387
Done with descriptor 7 of 387
Done with descriptor 8 of 387
Done with descriptor 9 of 387
Done with descriptor 10 of 387
Done with descriptor 11 of 387
Done with descriptor 12 of 387
Done with descriptor 13 of 387
Done with descriptor 14 of 387
Done with descriptor 15 of 387
Done with descriptor 16 of 387
Done with descriptor 17 of 387
Done with descriptor 18 of 387
Done with descriptor 19 of 387
Done with descriptor 20 of 387
Done with descriptor 21 of 387
Done with descriptor 22 of 387
Done with descriptor 23 of 387
Done with descriptor 24 of 387
Done with descriptor 25 of 387
Done with descriptor 26 of 387
Done with descriptor 27 of 387
Done with descriptor 28 of 387
Done with descriptor 29 of 387
Done with descriptor 30 of 387
Done with descriptor 31 of 387
Done with descriptor 32 of 387
Done with descriptor 33 of 387
Done with descriptor 34 of 387
Done with descriptor 35 of 387
Done with descriptor 36 of 387
Done with descriptor 37 of 387
Done with descriptor 38 of 387
Done with descriptor 39 of 387
Done with descriptor 40 of 387
Done with descriptor 41 of 387
Done with descriptor 42 of 387
Done with descriptor 43 of 387
Done with descriptor 44 of 387
Done with descriptor 45 of 387
Done with descriptor 46 of 387
Done with descriptor 47 of 387
Done with descriptor 48 of 387
Done with descriptor 49 of 387
Done with descriptor 50 of 387
Done with descriptor 51 of 387
Done with descriptor 52 of 387
Done with descriptor 53 of 387
Done with descriptor 54 of 387
Done with descriptor 55 of 387
Done with descriptor 56 of 387
Done with descriptor 57 of 387
Done with descriptor 58 of 387
Done with descriptor 59 of 387
Done with descriptor 60 of 387
Done with descriptor 61 of 387
Done with descriptor 62 of 387
Done with descriptor 63 of 387
Done with descriptor 64 of 387
Done with descriptor 65 of 387
Done with descriptor 66 of 387
Done with descriptor 67 of 387
Done with descriptor 68 of 387
Done with descriptor 69 of 387
Done with descriptor 70 of 387
Done with descriptor 71 of 387
Done with descriptor 72 of 387
Done with descriptor 73 of 387
Done with descriptor 74 of 387
Done with descriptor 75 of 387
Done with descriptor 76 of 387
Done with descriptor 77 of 387
Done with descriptor 78 of 387
Done with descriptor 79 of 387
Done with descriptor 80 of 387
Done with descriptor 81 of 387
Done with descriptor 82 of 387
Done with descriptor 83 of 387
Done with descriptor 84 of 387
Done with descriptor 85 of 387
Done with descriptor 86 of 387
Done with descriptor 87 of 387
Done with descriptor 88 of 387
Done with descriptor 89 of 387
Done with descriptor 90 of 387
Done with descriptor 91 of 387
Done with descriptor 92 of 387
Done with descriptor 93 of 387
Done with descriptor 94 of 387
Done with descriptor 95 of 387
Done with descriptor 96 of 387
Done with descriptor 97 of 387
Done with descriptor 98 of 387
Done with descriptor 99 of 387
Done with descriptor 100 of 387
Done with descriptor 101 of 387
Done with descriptor 102 of 387
Done with descriptor 103 of 387
Done with descriptor 104 of 387
Done with descriptor 105 of 387
Done with descriptor 106 of 387
Done with descriptor 107 of 387
Done with descriptor 108 of 387
Done with descriptor 109 of 387
Done with descriptor 110 of 387
Done with descriptor 111 of 387
Done with descriptor 112 of 387
Done with descriptor 113 of 387
Done with descriptor 114 of 387
Done with descriptor 115 of 387
Done with descriptor 116 of 387
Done with descriptor 117 of 387
Done with descriptor 118 of 387
Done with descriptor 119 of 387
Done with descriptor 120 of 387
Done with descriptor 121 of 387
Done with descriptor 122 of 387
Done with descriptor 123 of 387
Done with descriptor 124 of 387
Done with descriptor 125 of 387
Done with descriptor 126 of 387
Done with descriptor 127 of 387
Done with descriptor 128 of 387
Done with descriptor 129 of 387
Done with descriptor 130 of 387
Done with descriptor 131 of 387
Done with descriptor 132 of 387
Done with descriptor 133 of 387
Done with descriptor 134 of 387
Done with descriptor 135 of 387
Done with descriptor 136 of 387
Done with descriptor 137 of 387
Done with descriptor 138 of 387
Done with descriptor 139 of 387
Done with descriptor 140 of 387
Done with descriptor 141 of 387
Done with descriptor 142 of 387
Done with descriptor 143 of 387
Done with descriptor 144 of 387
Done with descriptor 145 of 387
Done with descriptor 146 of 387
Done with descriptor 147 of 387
Done with descriptor 148 of 387
Done with descriptor 149 of 387
Done with descriptor 150 of 387
Done with descriptor 151 of 387
Done with descriptor 152 of 387
Done with descriptor 153 of 387
Done with descriptor 154 of 387
Done with descriptor 155 of 387
Done with descriptor 156 of 387
Done with descriptor 157 of 387
Done with descriptor 158 of 387
Done with descriptor 159 of 387
Done with descriptor 160 of 387
Done with descriptor 161 of 387
Done with descriptor 162 of 387
Done with descriptor 163 of 387
Done with descriptor 164 of 387
Done with descriptor 165 of 387
Done with descriptor 166 of 387
Done with descriptor 167 of 387
Done with descriptor 168 of 387
Done with descriptor 169 of 387
Done with descriptor 170 of 387
Done with descriptor 171 of 387
Done with descriptor 172 of 387
Done with descriptor 173 of 387
Done with descriptor 174 of 387
Done with descriptor 175 of 387
Done with descriptor 176 of 387
Done with descriptor 177 of 387
Done with descriptor 178 of 387
Done with descriptor 179 of 387
Done with descriptor 180 of 387
Done with descriptor 181 of 387
Done with descriptor 182 of 387
Done with descriptor 183 of 387
Done with descriptor 184 of 387
Done with descriptor 185 of 387
Done with descriptor 186 of 387
Done with descriptor 187 of 387
Done with descriptor 188 of 387
Done with descriptor 189 of 387
Done with descriptor 190 of 387
Done with descriptor 191 of 387
Done with descriptor 192 of 387
Done with descriptor 193 of 387
Done with descriptor 194 of 387
Done with descriptor 195 of 387
Done with descriptor 196 of 387
Done with descriptor 197 of 387
Done with descriptor 198 of 387
Done with descriptor 199 of 387
Done with descriptor 200 of 387
Done with descriptor 201 of 387
Done with descriptor 202 of 387
Done with descriptor 203 of 387
Done with descriptor 204 of 387
Done with descriptor 205 of 387
Done with descriptor 206 of 387
Done with descriptor 207 of 387
Done with descriptor 208 of 387
Done with descriptor 209 of 387
Done with descriptor 210 of 387
Done with descriptor 211 of 387
Done with descriptor 212 of 387
Done with descriptor 213 of 387
Done with descriptor 214 of 387
Done with descriptor 215 of 387
Done with descriptor 216 of 387
Done with descriptor 217 of 387
Done with descriptor 218 of 387
Done with descriptor 219 of 387
Done with descriptor 220 of 387
Done with descriptor 221 of 387
Done with descriptor 222 of 387
Done with descriptor 223 of 387
Done with descriptor 224 of 387
Done with descriptor 225 of 387
Done with descriptor 226 of 387
Done with descriptor 227 of 387
Done with descriptor 228 of 387
Done with descriptor 229 of 387
Done with descriptor 230 of 387
Done with descriptor 231 of 387
Done with descriptor 232 of 387
Done with descriptor 233 of 387
Done with descriptor 234 of 387
Done with descriptor 235 of 387
Done with descriptor 236 of 387
Done with descriptor 237 of 387
Done with descriptor 238 of 387
Done with descriptor 239 of 387
Done with descriptor 240 of 387
Done with descriptor 241 of 387
Done with descriptor 242 of 387
Done with descriptor 243 of 387
Done with descriptor 244 of 387
Done with descriptor 245 of 387
Done with descriptor 246 of 387
Done with descriptor 247 of 387
Done with descriptor 248 of 387
Done with descriptor 249 of 387
Done with descriptor 250 of 387
Done with descriptor 251 of 387
Done with descriptor 252 of 387
Done with descriptor 253 of 387
Done with descriptor 254 of 387
Done with descriptor 255 of 387
Done with descriptor 256 of 387
Done with descriptor 257 of 387
Done with descriptor 258 of 387
Done with descriptor 259 of 387
Done with descriptor 260 of 387
Done with descriptor 261 of 387
Done with descriptor 262 of 387
Done with descriptor 263 of 387
Done with descriptor 264 of 387
Done with descriptor 265 of 387
Done with descriptor 266 of 387
Done with descriptor 267 of 387
Done with descriptor 268 of 387
Done with descriptor 269 of 387
Done with descriptor 270 of 387
Done with descriptor 271 of 387
Done with descriptor 272 of 387
Done with descriptor 273 of 387
Done with descriptor 274 of 387
Done with descriptor 275 of 387
Done with descriptor 276 of 387
Done with descriptor 277 of 387
Done with descriptor 278 of 387
Done with descriptor 279 of 387
Done with descriptor 280 of 387
Done with descriptor 281 of 387
Done with descriptor 282 of 387
Done with descriptor 283 of 387
Done with descriptor 284 of 387
Done with descriptor 285 of 387
Done with descriptor 286 of 387
Done with descriptor 287 of 387
Done with descriptor 288 of 387
Done with descriptor 289 of 387
Done with descriptor 290 of 387
Done with descriptor 291 of 387
Done with descriptor 292 of 387
Done with descriptor 293 of 387
Done with descriptor 294 of 387
Done with descriptor 295 of 387
Done with descriptor 296 of 387
Done with descriptor 297 of 387
Done with descriptor 298 of 387
Done with descriptor 299 of 387
Done with descriptor 300 of 387
Done with descriptor 301 of 387
Done with descriptor 302 of 387
Done with descriptor 303 of 387
Done with descriptor 304 of 387
Done with descriptor 305 of 387
Done with descriptor 306 of 387
Done with descriptor 307 of 387
Done with descriptor 308 of 387
Done with descriptor 309 of 387
Done with descriptor 310 of 387
Done with descriptor 311 of 387
Done with descriptor 312 of 387
Done with descriptor 313 of 387
Done with descriptor 314 of 387
Done with descriptor 315 of 387
Done with descriptor 316 of 387
Done with descriptor 317 of 387
Done with descriptor 318 of 387
Done with descriptor 319 of 387
Done with descriptor 320 of 387
Done with descriptor 321 of 387
Done with descriptor 322 of 387
Done with descriptor 323 of 387
Done with descriptor 324 of 387
Done with descriptor 325 of 387
Done with descriptor 326 of 387
Done with descriptor 327 of 387
Done with descriptor 328 of 387
Done with descriptor 329 of 387
Done with descriptor 330 of 387
Done with descriptor 331 of 387
Done with descriptor 332 of 387
Done with descriptor 333 of 387
Done with descriptor 334 of 387
Done with descriptor 335 of 387
Done with descriptor 336 of 387
Done with descriptor 337 of 387
Done with descriptor 338 of 387
Done with descriptor 339 of 387
Done with descriptor 340 of 387
Done with descriptor 341 of 387
Done with descriptor 342 of 387
Done with descriptor 343 of 387
Done with descriptor 344 of 387
Done with descriptor 345 of 387
Done with descriptor 346 of 387
Done with descriptor 347 of 387
Done with descriptor 348 of 387
Done with descriptor 349 of 387
Done with descriptor 350 of 387
Done with descriptor 351 of 387
Done with descriptor 352 of 387
Done with descriptor 353 of 387
Done with descriptor 354 of 387
Done with descriptor 355 of 387
Done with descriptor 356 of 387
Done with descriptor 357 of 387
Done with descriptor 358 of 387
Done with descriptor 359 of 387
Done with descriptor 360 of 387
Done with descriptor 361 of 387
Done with descriptor 362 of 387
Done with descriptor 363 of 387
Done with descriptor 364 of 387
Done with descriptor 365 of 387
Done with descriptor 366 of 387
Done with descriptor 367 of 387
Done with descriptor 368 of 387
Done with descriptor 369 of 387
Done with descriptor 370 of 387
Done with descriptor 371 of 387
Done with descriptor 372 of 387
Done with descriptor 373 of 387
Done with descriptor 374 of 387
Done with descriptor 375 of 387
Done with descriptor 376 of 387
Done with descriptor 377 of 387
Done with descriptor 378 of 387
Done with descriptor 379 of 387
Done with descriptor 380 of 387
Done with descriptor 381 of 387
Done with descriptor 382 of 387
Done with descriptor 383 of 387
Done with descriptor 384 of 387
Done with descriptor 385 of 387
Done with descriptor 386 of 387
	...finished at 2016-03-04 20:10:50.256852
