Found 192 matching predictors and 1 matching responses
2016-04-03 23:43:21.736209, training on 3142 reactions...
Writing arff to /home/gmartinn/DRP_main/DRP_repo/tmp/featureSelection_20_0c8edb99-4c37-4813-931f-17561aa382ed.arff
Running in Shell:
export CLASSPATH=$CLASSPATH:/usr/share/java/weka.jar; java weka.attributeSelection.CfsSubsetEval -s weka.attributeSelection.BestFirst -i /home/gmartinn/DRP_main/DRP_repo/tmp/featureSelection_20_0c8edb99-4c37-4813-931f-17561aa382ed.arff -c 6


=== Attribute Selection on all input data ===

Search Method:
	Best first.
	Start set: no attributes
	Search direction: forward
	Stale search after 5 node expansions
	Total number of subsets evaluated: 2234
	Merit of best subset found:    0.127

Attribute Subset Evaluator (supervised, Class (nominal): 6 boolean_outcome_legacy_legacy_):
	CFS Subset Evaluator
	Including locally predictive attributes

Selected attributes: 7,49,82,130,140,155,160,191 : 8
                     leak_legacy_legacy_
                     AtomicRadiusMeanWeighted_legacy_legacy_
                     time_legacy_legacy_
                     Inorg_amount_count_DRP_0.02
                     Na_mols_DRP_0.02
                     Ox_amount_molarity_DRP_0.02
                     H_mols_DRP_0.02
                     reaction_time_manual_0


	...Trained. Finished at 2016-04-03 23:44:20.464845.
