Found 102 matching predictors and 1 matching responses
2016-04-03 00:34:05.253382, training on 3142 reactions...
Writing arff to /home/gmartinn/DRP_main/DRP_repo/tmp/featureSelection_13_f4061323-8be5-488d-96d5-d8f0a267923f.arff
Running in Shell:
export CLASSPATH=$CLASSPATH:/usr/share/java/weka.jar; java weka.attributeSelection.CfsSubsetEval -s weka.attributeSelection.BestFirst -i /home/gmartinn/DRP_main/DRP_repo/tmp/featureSelection_13_f4061323-8be5-488d-96d5-d8f0a267923f.arff -c 1


=== Attribute Selection on all input data ===

Search Method:
	Best first.
	Start set: no attributes
	Search direction: forward
	Stale search after 5 node expansions
	Total number of subsets evaluated: 887
	Merit of best subset found:    0.12 

Attribute Subset Evaluator (supervised, Class (nominal): 1 boolean_outcome_legacy_legacy_):
	CFS Subset Evaluator
	Including locally predictive attributes

Selected attributes: 41,51,66,71,102 : 5
                     Inorg_amount_count_DRP_0.02
                     Na_mols_DRP_0.02
                     Ox_amount_molarity_DRP_0.02
                     H_mols_DRP_0.02
                     reaction_time_manual_0


	...Trained. Finished at 2016-04-03 00:34:29.655672.
