Found 274 matching predictors and 1 matching responses
2016-03-08 15:13:24.940238, training on 3905 reactions...


=== Attribute Selection on all input data ===

Search Method:
	Attribute ranking.

Attribute Evaluator (supervised, Class (nominal): 15 boolean_outcome_legacy_legacy_):
	Information Gain Ranking Filter

Ranked attributes:
 0.08512865229    249 time_legacy_legacy_
 0.06485023253    170 orgASA_HMin_legacy_legacy_
 0.06371753325    142 orgASAMin_legacy_legacy_
 0.06371753325    182 orgvanderwaalsMin_legacy_legacy_
 0.06179098822     90 orgASA_HArithAvg_legacy_legacy_
 0.06140932985    202 orgASA_PGeomAvg_legacy_legacy_
 0.05599037145    261 orgmolpolGeomAvg_legacy_legacy_
 0.05467250056    122 orgASAArithAvg_legacy_legacy_
 0.05467250056    135 orgvanderwaalsArithAvg_legacy_legacy_
 0.05309257262     80 orgASAGeomAvg_legacy_legacy_
 0.05309257262    208 orgvanderwaalsGeomAvg_legacy_legacy_
 0.0518103137      66 orgmolpolMin_legacy_legacy_
 0.04902490847    181 orgvanderwaalsMax_legacy_legacy_
 0.04902490847    150 orgASAMax_legacy_legacy_
 0.04843986145    156 orgASA_PArithAvg_legacy_legacy_
 0.04775383437    147 orgmolpolArithAvg_legacy_legacy_
 0.04757018557    230 orgASA_HGeomAvg_legacy_legacy_
 0.04699826309    222 PaulingElectronegMeanWeighted_legacy_legacy_
 0.04618594001    207 temp_legacy_legacy_
 0.04610359523    201 orgASA_PMax_legacy_legacy_
 0.04577203013     82 orgmolpolMax_legacy_legacy_
 0.04491380823    266 orgavgpol_pHdependentMin_legacy_legacy_
 0.04356508922    125 orgrefractivityGeomAvg_legacy_legacy_
 0.04282277309    140 AtomicRadiusMeanWeighted_legacy_legacy_
 0.04239542605    269 PaulingElectronegMaxWeighted_legacy_legacy_
 0.0415657623     259 orgminimalprojectionareaMin_legacy_legacy_
 0.04125157967    236 orgASA+GeomAvg_legacy_legacy_
 0.04097903612    144 orgavgpolGeomAvg_legacy_legacy_
 0.03948951188    229 orgrefractivityMin_legacy_legacy_
 0.03881347996     91 orgmaximalprojectionsizeMax_legacy_legacy_
 0.03823626525    124 orgavgpolMin_legacy_legacy_
 0.03796827533    164 orgASA_HMax_legacy_legacy_
 0.0369309253     248 PaulingElectronegGeomWeighted_legacy_legacy_
 0.03691545157    252 orgavgpolArithAvg_legacy_legacy_
 0.03682842865     69 orgmaximalprojectionsizeArithAvg_legacy_legacy_
 0.03679703438    235 inorg-water-moleratio_legacy_legacy_
 0.03597460062    172 orgavgpol_pHdependentGeomAvg_legacy_legacy_
 0.03594789426    160 orgavgpol_pHdependentArithAvg_legacy_legacy_
 0.0359065851     234 orgASA_PMin_legacy_legacy_
 0.0346970274     151 orgavgpolMax_legacy_legacy_
 0.03451130311    228 orgminimalprojectionareaArithAvg_legacy_legacy_
 0.03444047079    219 orgminimalprojectionareaGeomAvg_legacy_legacy_
 0.03377013069     81 orgmaximalprojectionradiusMin_legacy_legacy_
 0.03372780407    114 orgavgpol_pHdependentMax_legacy_legacy_
 0.03259284274    200 orgASA+Max_legacy_legacy_
 0.03134374673    187 orgmaximalprojectionsizeGeomAvg_legacy_legacy_
 0.03091242277    120 PaulingElectronegMinWeighted_legacy_legacy_
 0.03056883342    146 orgASA+ArithAvg_legacy_legacy_
 0.03021179507    158 EAMinWeighted_legacy_legacy_
 0.03015804428    119 orgmaximalprojectionsizeMin_legacy_legacy_
 0.02872873492    197 orghbdamsaccMax_legacy_legacy_
 0.02827479324    117 AtomicRadiusMaxWeighted_legacy_legacy_
 0.02818457137    132 orghbdamsaccArithAvg_legacy_legacy_
 0.02771207544    100 orgmaximalprojectionareaMin_legacy_legacy_
 0.0273733822     258 IonizationGeomWeighted_legacy_legacy_
 0.02706893671    178 orgmaximalprojectionradiusGeomAvg_legacy_legacy_
 0.02683473882    106 EAMean_legacy_legacy_
 0.02683473882    203 EAGeom_legacy_legacy_
 0.02683265172    101 orgmaximalprojectionradiusMax_legacy_legacy_
 0.02677936986    223 PearsonElectronegMean_legacy_legacy_
 0.02668896118    264 hardnessGeom_legacy_legacy_
 0.02668896118    238 IonizationGeom_legacy_legacy_
 0.02668896118    190 IonizationMean_legacy_legacy_
 0.02668896118    250 hardnessMean_legacy_legacy_
 0.02668772361    242 orgrefractivityMax_legacy_legacy_
 0.02665818324    165 PearsonElectronegGeom_legacy_legacy_
 0.02663861834    213 AtomicRadiusGeomWeighted_legacy_legacy_
 0.02659909778    256 orgmaximalprojectionradiusArithAvg_legacy_legacy_
 0.02579533894    265 org-water-moleratio_legacy_legacy_
 0.02499440737    247 orgminimalprojectionareaMax_legacy_legacy_
 0.0249318941     155 AtomicRadiusMin_legacy_legacy_
 0.02486304427     92 PearsonElectronegMax_legacy_legacy_
 0.02486304427    184 IonizationMax_legacy_legacy_
 0.02482790447    109 hardnessGeomWeighted_legacy_legacy_
 0.02480612986    171 PaulingElectronegMax_legacy_legacy_
 0.02471951582     64 EAMax_legacy_legacy_
 0.02451513902    271 orgrefractivityArithAvg_legacy_legacy_
 0.02408452787    237 notwater-water-moleratio_legacy_legacy_
 0.02331544242     96 EAGeomWeighted_legacy_legacy_
 0.0230635709     231 orghbdamsdonArithAvg_legacy_legacy_
 0.02296987781    220 orghbdamsdonGeomAvg_legacy_legacy_
 0.02265171529    227 AtomicRadiusGeom_legacy_legacy_
 0.02265037098     74 orghbdamsdonMin_legacy_legacy_
 0.02259145506    209 PaulingElectronegMean_legacy_legacy_
 0.02259145506    206 PaulingElectronegGeom_legacy_legacy_
 0.02226118111    198 orgminimalprojectionsizeGeomAvg_legacy_legacy_
 0.02143735333    129 hardnessMax_legacy_legacy_
 0.02088860571    270 hardnessMinWeighted_legacy_legacy_
 0.02030925635    196 orgASA+Min_legacy_legacy_
 0.01987459781     63 EAMaxWeighted_legacy_legacy_
 0.01954197198    195 orgminimalprojectionsizeMin_legacy_legacy_
 0.01943141064    169 AtomicRadiusMean_legacy_legacy_
 0.01751671083     75 orgminimalprojectionsizeArithAvg_legacy_legacy_
 0.01718325085    192 PearsonElectronegGeomWeighted_legacy_legacy_
 0.01703318529     73 hardnessMaxWeighted_legacy_legacy_
 0.0169302154     263 PearsonElectronegMaxWeighted_legacy_legacy_
 0.01685731563    180 orgminimalprojectionradiusArithAvg_legacy_legacy_
 0.01685731563    193 orgminimalprojectionradiusGeomAvg_legacy_legacy_
 0.01678654868    232 hardnessMeanWeighted_legacy_legacy_
 0.01667013891    246 orgminimalprojectionradiusMin_legacy_legacy_
 0.01631725704    272 orgminimalprojectionradiusMax_legacy_legacy_
 0.0161997439     166 orghbdamsdonMax_legacy_legacy_
 0.01613857328    176 PearsonElectronegMeanWeighted_legacy_legacy_
 0.01539852084    128 AtomicRadiusMinWeighted_legacy_legacy_
 0.01535602436    257 orgminimalprojectionsizeMax_legacy_legacy_
 0.01529699908    115 IonizationMinWeighted_legacy_legacy_
 0.01475019785    273 orghbdamsaccGeomAvg_legacy_legacy_
 0.01473291164     17 leak_legacy_legacy_
 0.0135696552     239 EAMeanWeighted_legacy_legacy_
 0.01303605027    185 PearsonElectronegMinWeighted_legacy_legacy_
 0.01293206414      8 Na_legacy_legacy_
 0.01187699895     85 orgASA-ArithAvg_legacy_legacy_
 0.01152931001     62 IonizationMaxWeighted_legacy_legacy_
 0.01099018324    221 orgASA-Min_legacy_legacy_
 0.00901786009    217 IonizationMeanWeighted_legacy_legacy_
 0.00887573836    226 orgASA-Max_legacy_legacy_
 0.00859998959     67 orgmaximalprojectionareaArithAvg_legacy_legacy_
 0.00848882956    136 orgmaximalprojectionareaGeomAvg_legacy_legacy_
 0.00819249351     89 hardnessMin_legacy_legacy_
 0.00807958974    268 orgASA-GeomAvg_legacy_legacy_
 0.00798097582     44 Se_legacy_legacy_
 0.00716892022    116 orgmaximalprojectionareaMax_legacy_legacy_
 0.00684277825     50 Te_legacy_legacy_
 0.00646366601    218 inorg-org-moleratio_legacy_legacy_
 0.00567167091    214 orgpolarsurfaceareaMin_legacy_legacy_
 0.00486963845     28 Cr_legacy_legacy_
 0.00486442782    183 pH_legacy_legacy_
 0.00430361033     26 K_legacy_legacy_
 0.00425222362     88 oxlikehbdamsaccMin_legacy_legacy_
 0.00425222362    104 oxlikepolarsurfaceareaArithAvg_legacy_legacy_
 0.00425222362     98 oxlikeASA-Min_legacy_legacy_
 0.00425222362    102 oxlikehbdamsaccGeomAvg_legacy_legacy_
 0.00425222362    103 oxlikeASA-Max_legacy_legacy_
 0.00425222362    216 oxlikepolarsurfaceareaMin_legacy_legacy_
 0.00425222362     93 oxlikehbdamsaccMax_legacy_legacy_
 0.00425222362     97 oxlikevanderwaalsMax_legacy_legacy_
 0.00425222362    112 oxlikevanderwaalsGeomAvg_legacy_legacy_
 0.00425222362    149 oxlikevanderwaalsArithAvg_legacy_legacy_
 0.00425222362    262 oxlikeASA-ArithAvg_legacy_legacy_
 0.00425222362     83 oxlikevanderwaalsMin_legacy_legacy_
 0.00425222362    157 oxlikeASAGeomAvg_legacy_legacy_
 0.00425222362    254 oxlikeASA-GeomAvg_legacy_legacy_
 0.00425222362    260 oxlikepolarsurfaceareaMax_legacy_legacy_
 0.00425222362    253 oxlikehbdamsaccArithAvg_legacy_legacy_
 0.00425222362    175 oxlikeASAMax_legacy_legacy_
 0.00425222362    168 oxlikepolarsurfaceareaGeomAvg_legacy_legacy_
 0.00425222362    174 oxlikeASAMin_legacy_legacy_
 0.00425222362    145 oxlikeASAArithAvg_legacy_legacy_
 0.00347826164     23 Ga_legacy_legacy_
 0.00347826164      6 V3_legacy_legacy_
 0.00347826164     42 G13_legacy_legacy_
 0.00347826164    111 PearsonElectronegMin_legacy_legacy_
 0.00347826164    159 IonizationMin_legacy_legacy_
 0.00254743551     60 slowCool_legacy_legacy_
 0.0024946763      95 oxlikeASA_HMin_legacy_legacy_
 0.0024946763     108 oxlikeASA_HMax_legacy_legacy_
 0.0024946763      78 oxlikeASA_HGeomAvg_legacy_legacy_
 0.0024946763     215 oxlikeASA_HArithAvg_legacy_legacy_
 0.00233987714     59 I_legacy_legacy_
 0.00232097308    137 oxlikeASA_PArithAvg_legacy_legacy_
 0.00232097308    143 oxlikeASA_PMax_legacy_legacy_
 0.00232097308    154 oxlikeASA_PMin_legacy_legacy_
 0.00232097308    121 oxlikeASA_PGeomAvg_legacy_legacy_
 0.00224049916     11 P_legacy_legacy_
 0.00207715595     18 P5_legacy_legacy_
 0.00185872507    177 numberComponents_legacy_legacy_
 0.00172280616     56 V6_legacy_legacy_
 0.00132499149     77 oxlikeminimalprojectionradiusMin_legacy_legacy_
 0.00132499149     87 oxlikemaximalprojectionsizeMax_legacy_legacy_
 0.00132499149     86 oxlikeminimalprojectionradiusMax_legacy_legacy_
 0.00132499149     84 oxlikeminimalprojectionareaMin_legacy_legacy_
 0.00132499149     72 numberOxlike_legacy_legacy_
 0.00132499149     94 oxlikeminimalprojectionsizeMax_legacy_legacy_
 0.00132499149     68 oxlikeminimalprojectionsizeArithAvg_legacy_legacy_
 0.00132499149     65 oxlikeminimalprojectionareaArithAvg_legacy_legacy_
 0.00132499149    199 oxlikerefractivityGeomAvg_legacy_legacy_
 0.00132499149    205 oxlikeavgpolMax_legacy_legacy_
 0.00132499149    204 oxlikemaximalprojectionradiusMax_legacy_legacy_
 0.00132499149    167 oxlikemaximalprojectionsizeArithAvg_legacy_legacy_
 0.00132499149    153 oxlikerefractivityArithAvg_legacy_legacy_
 0.00132499149    186 oxlikemaximalprojectionareaGeomAvg_legacy_legacy_
 0.00132499149    179 oxlikeminimalprojectionradiusGeomAvg_legacy_legacy_
 0.00132499149    240 oxlikemaximalprojectionareaMax_legacy_legacy_
 0.00132499149    225 oxlikerefractivityMin_legacy_legacy_
 0.00132499149    255 oxlikemaximalprojectionsizeGeomAvg_legacy_legacy_
 0.00132499149    245 oxlikemaximalprojectionareaMin_legacy_legacy_
 0.00132499149    211 oxlikemaximalprojectionareaArithAvg_legacy_legacy_
 0.00132499149    210 oxlikeminimalprojectionradiusArithAvg_legacy_legacy_
 0.00132499149    224 oxlikeavgpolGeomAvg_legacy_legacy_
 0.00132499149    212 oxlikeavgpolMin_legacy_legacy_
 0.00132499149    134 oxlikeminimalprojectionsizeGeomAvg_legacy_legacy_
 0.00132499149    133 oxlikemaximalprojectionsizeMin_legacy_legacy_
 0.00132499149    110 oxlikerefractivityMax_legacy_legacy_
 0.00132499149    138 oxlikeminimalprojectionareaMax_legacy_legacy_
 0.00132499149    126 oxlikeminimalprojectionareaGeomAvg_legacy_legacy_
 0.00132499149    131 oxlikemaximalprojectionradiusMin_legacy_legacy_
 0.00132499149    113 oxlikemaximalprojectionradiusArithAvg_legacy_legacy_
 0.00132499149    118 oxlikeminimalprojectionsizeMin_legacy_legacy_
 0.00132499149    139 oxlikemaximalprojectionradiusGeomAvg_legacy_legacy_
 0.00132499149     99 oxlikeavgpolArithAvg_legacy_legacy_
 0.00103055775     55 V5_legacy_legacy_
 0.00103055775      1 G5_legacy_legacy_
 0.00103055775     39 V_legacy_legacy_
 0.00075076063     19 Mo_legacy_legacy_
 0.00075076063     24 P4_legacy_legacy_
 0.00061805928     43 G12_legacy_legacy_
 0.00061805928     30 Zn_legacy_legacy_
 0.00061805928     53 V2_legacy_legacy_
 0.00059997531     37 F_legacy_legacy_
 0.00042982897     61 G16_legacy_legacy_
 0.00038681308      7 Br_legacy_legacy_
 0.00025783586     54 V4_legacy_legacy_
 0.00025783586     34 G9_legacy_legacy_
 0.00025783586     46 Co_legacy_legacy_
 0.0000813848      47 Cl_legacy_legacy_
 0.00000812127     31 G6_legacy_legacy_
 0.0000075731      36 S_legacy_legacy_
 0.00000000873     38 N_legacy_legacy_
 0                 21 P1_legacy_legacy_
 0                105 oxlikeavgpol_pHdependentArithAvg_legacy_legacy_
 0                251 oxlikeASA+Min_legacy_legacy_
 0                 20 P2_legacy_legacy_
 0                152 oxlikemolpolMin_legacy_legacy_
 0                243 oxlikehbdamsdonArithAvg_legacy_legacy_
 0                241 oxlikemolpolArithAvg_legacy_legacy_
 0                 27 O_legacy_legacy_
 0                244 oxlikehbdamsdonMin_legacy_legacy_
 0                 22 P6_legacy_legacy_
 0                 25 G15_legacy_legacy_
 0                161 oxlikeASA+ArithAvg_legacy_legacy_
 0                  5 G1_legacy_legacy_
 0                194 oxlikemolpolGeomAvg_legacy_legacy_
 0                274 EAMin_legacy_legacy_
 0                  2 G4_legacy_legacy_
 0                141 AtomicRadiusMax_legacy_legacy_
 0                  4 G2_legacy_legacy_
 0                  3 G3_legacy_legacy_
 0                 13 G11_legacy_legacy_
 0                 12 C_legacy_legacy_
 0                 16 P7_legacy_legacy_
 0                 14 Lanthanide_legacy_legacy_
 0                  9 Cs_legacy_legacy_
 0                267 oxlikeavgpol_pHdependentGeomAvg_legacy_legacy_
 0                148 orgdon-wateraccratio_legacy_legacy_
 0                 10 AlkaliMetal_legacy_legacy_
 0                 49 Li_legacy_legacy_
 0                 51 V0_legacy_legacy_
 0                 76 oxlikeASA+Max_legacy_legacy_
 0                127 oxlikeavgpol_pHdependentMax_legacy_legacy_
 0                 45 G10_legacy_legacy_
 0                 48 P3_legacy_legacy_
 0                188 orghbdamsaccMin_legacy_legacy_
 0                 70 oxlikeASA+GeomAvg_legacy_legacy_
 0                 58 G18_legacy_legacy_
 0                 57 V7_legacy_legacy_
 0                173 oxlikehbdamsdonGeomAvg_legacy_legacy_
 0                 52 V1_legacy_legacy_
 0                 71 oxlikehbdamsdonMax_legacy_legacy_
 0                189 PaulingElectronegMin_legacy_legacy_
 0                 33 Actinide_legacy_legacy_
 0                 35 G8_legacy_legacy_
 0                191 numberInorg_legacy_legacy_
 0                 79 orgpolarsurfaceareaGeomAvg_legacy_legacy_
 0                 29 G7_legacy_legacy_
 0                 32 Cu_legacy_legacy_
 0                123 numberOrg_legacy_legacy_
 0                107 orgacc-waterdonratio_legacy_legacy_
 0                233 oxlikeavgpol_pHdependentMin_legacy_legacy_
 0                163 oxlikemolpolMax_legacy_legacy_
 0                162 orgpolarsurfaceareaArithAvg_legacy_legacy_
 0                130 orgpolarsurfaceareaMax_legacy_legacy_
 0                 41 G14_legacy_legacy_
 0                 40 G17_legacy_legacy_

Selected attributes: 249,170,142,182,90,202,261,122,135,80,208,66,181,150,156,147,230,222,207,201,82,266,125,140,269,259,236,144,229,91,124,164,248,252,69,235,172,160,234,151,228,219,81,114,200,187,120,146,158,119,197,117,132,100,258,178,106,203,101,223,264,238,190,250,242,165,213,256,265,247,155,92,184,109,171,64,271,237,96,231,220,227,74,209,206,198,129,270,196,63,195,169,75,192,73,263,180,193,232,246,272,166,176,128,257,115,273,17,239,185,8,85,62,221,217,226,67,136,89,268,44,116,50,218,214,28,183,26,88,104,98,102,103,216,93,97,112,149,262,83,157,254,260,253,175,168,174,145,23,6,42,111,159,60,95,108,78,215,59,137,143,154,121,11,18,177,56,77,87,86,84,72,94,68,65,199,205,204,167,153,186,179,240,225,255,245,211,210,224,212,134,133,110,138,126,131,113,118,139,99,55,1,39,19,24,43,30,53,37,61,7,54,34,46,47,31,36,38,21,105,251,20,152,243,241,27,244,22,25,161,5,194,274,2,141,4,3,13,12,16,14,9,267,148,10,49,51,76,127,45,48,188,70,58,57,173,52,71,189,33,35,191,79,29,32,123,107,233,163,162,130,41,40 : 273


	...Trained. Finished at 2016-03-08 15:15:44.300571.
