197
Done with Ammonium oxido(dioxo)vanadium (NH4VO3) (1/197)
Done with Vanadium(V) oxide (V2O5) (2/197)
Done with Sodium metavanadate (NaVO3) (3/197)
Done with Oxovanadium(2+) sulfate (VOSO4) (4/197)
Done with Disodium tellurite (Na2TeO3) (5/197)
/usr/lib/python2.7/dist-packages/scipy/stats/stats.py:538: RuntimeWarning: divide by zero encountered in log
  log_a = np.log(np.array(a, dtype=dtype))

Done with NaVTeO5 (NaVTeO5) (6/197)
Done with Selenium dioxide (SeO2) (7/197)
Done with sodium carbonate (Na2CO3) (8/197)
Done with Copper(II) chloride dihydrate (CuCl2*2H2O) (9/197)
Done with Oxotellane oxide (TeO2) (10/197)
Done with Lithium carbonate (Li2CO3) (11/197)
Done with lithium;oxygen(2-);vanadium(5+) (LiVO3) (12/197)
Done with NaVTeO3 (NaVTeO3) (13/197)
Done with (R)-(+)-3-Aminoquinuclidine 2HCl (R-aqnHCl) (14/197)
Done with LiVTeO5 (LiVTeO5) (15/197)
Done with CsVTeO5 (CsVTeO5) (16/197)
Done with Molybdenum(VI) oxide (MoO3) (17/197)
Done with Molybdenum (Mo) (18/197)
Done with Zinc oxide (ZnO) (19/197)
Done with Zinc nitrate (Zn(NO3)2) (20/197)
Done with digallium;oxygen(2-) (Ga2O3) (21/197)
Done with Gallium trinitrate (Ga(NO3)3) (22/197)
Done with cobalt nitrate (Co(NO3)2) (23/197)
Done with Potassium oxido(dioxo)vanadium (KVO3) (24/197)
Done with Sodium molybdate (Na2MoO4) (25/197)
Done with Sodium fluoride (NaF) (26/197)
Done with Selenious acid (H2SeO3) (27/197)
Done with Selenic acid (H2SeO4) (28/197)
Done with N,N'-dimethylethylenediamine (dmed) (29/197)
Done with 1,4-Bis(3-aminopropyl)piperazine (bapp) (30/197)
Done with Potassium nitrate (KNO3) (31/197)
Done with dioxoniobiooxy(dioxo)niobium (Nb2O5) (32/197)
Done with Sodium selenite (Na2SeO3) (33/197)
Done with Ethylenediamine (en) (34/197)
Done with DABCO (dabco) (35/197)
Done with 1,3-Diaminopropane (1,3-dap) (36/197)
Done with putrescine (1,4-dab) (37/197)
Done with Cadaverine (1,5-dap) (38/197)
Done with Piperazine (pip) (39/197)
Done with methylpiperazine (1-mpip) (40/197)
Done with Tris(2-aminoethyl)amine (tren) (41/197)
Done with 2-Methylpiperazine (2-mpip) (42/197)
Done with 1,4-Dimethylpiperazine (1,4-dmpip) (43/197)
Done with 2,5-Dimethylpiperazine (2,5-dmpip) (44/197)
Done with 2,6-Dimethylpiperazin (2,6-dmpip) (45/197)
Done with 1-Ethylpiperazine (1-epip) (46/197)
Done with N-Ethyl-N,N'-dimethyl-1,2-ethanediamine (dmeed) (47/197)
Done with TMEDA (tmed) (48/197)
Done with Hydrazine (N2H4) (49/197)
Done with 1,2-Diaminopropane (1,2-dap) (50/197)
Done with cyclohexan-1,2-diamin (1,2-dach) (51/197)
Done with 1,6-HEXANEDIAMINE (1,6-dah) (52/197)
Done with 1,8-Diaminooctane (1,8-dao) (53/197)
Done with sodium tetraoxovanadate(3-) (Na2VO3) (54/197)
Done with n,n'-diethylethan-1,2-diamin (deed) (55/197)
Done with 2,2'-Bipyridine (2,2-dip) (56/197)
Done with nonan-1,9-diamin (1,9-dan) (57/197)
Done with heptan-1,7-diamin (1,7-dah) (58/197)
Done with 1,7-diaminoheptane sulfate (1,7-dah sulfate) (59/197)
Done with diaminomethane (dam) (60/197)
Done with 4-Aminopyridinium (4AP) (61/197)
Done with Palladium (PD) (62/197)
Done with α,α'-diamino-p-xylene (XD) (63/197)
Done with 1,4-diaminohexane (1,4-dah) (64/197)
Done with 4-(Aminomethyl)aniline (4AB) (65/197)
Done with L-(+)-Lysine (Lys) (66/197)
Done with DL-Alanine (Ala) (67/197)
Done with methylaminoheptane (1-mha) (68/197)
Done with (.+/-.)-sec-Butylamine (S2BA) (69/197)
Done with 3-Aminoquinuclidine (AQN) (70/197)
Done with cyclohexylethylamine (chea) (71/197)
Done with 3-(1-Pyrrolidinyl)-1-butanamine (amep) (72/197)
Done with 3,4-Dimethoxyphenethylamine (DMPEA) (73/197)
Done with 1,2-Diphenylethylenediamine (dped) (74/197)
Done with Water (water) (75/197)
Done with Decan-1,10-diamin (1,10-dad) (76/197)
Done with potassium dichromate (K2Cr2O7) (77/197)
Done with Ammonium fluoride (NH4F) (78/197)
Done with Phosphonic acid (H3PO3) (79/197)
Done with Hydrofluoric acid (HF) (80/197)
Done with Sodium Pentafluorooxoniobate (Na2NbOF5) (81/197)
Done with 3-n-propylaminopropylamine (N-ppda) (82/197)
Done with N-METHYL-1,3-PROPANEDIAMINE (N-m-1,3-dap) (83/197)
Done with N,N,2,2-TETRAMETHYL-1,3-PROPANEDIAMINE (N,N,2,2-tmpd) (84/197)
Done with Novoldiamine (2-adeap) (85/197)
Done with TMPDA (tmpda) (86/197)
Done with N,N-DIBUTYL-1,3-PROPANEDIAMINE (3-dbapa) (87/197)
Done with 4-Aminomethyl piperidine (4-ampip) (88/197)
Done with 3-Dimethylamino-N-methylpropylamine (N,N,N'-tmpda) (89/197)
Done with 2-(1-Piperidinyl)ethanamine (1-2-aepip) (90/197)
Done with N-Propylethylenediamine (N-peda) (91/197)
Done with N-Methylethanediamine (N-meda) (92/197)
Done with 3-(dimethylamino)-1-propylamine (3-dmpa) (93/197)
Done with N-ISOPROPYL-1,3-PROPANEDIAMINE (N-ippda) (94/197)
Done with 2-Picolylamine (2-amp) (95/197)
Done with 3-Pyrrolidinamine dihydrochloride (3-apyrHCl) (96/197)
Done with 4-Piperidinamine (4-apip) (97/197)
Done with 1-Octylpiperazine (1-opip) (98/197)
Done with n,n'-diisopropyl-ethylenediamine (N,N'-dipeda) (99/197)
Done with N,N'-Dimethyl-1,3-propanediamine (N,N'-dmpda) (100/197)
Done with 2-aminomethyl-1-ethylpyrrolidine (2-amep) (101/197)
Done with Rutile (TiO2) (102/197)
Done with Potassium chromate (K2CrO4) (103/197)
Done with (3R)-Piperidin-3-amindihydrochlorid (R-3-apdinHCl) (104/197)
Done with (S)-3-Aminopiperidine 2HCl (S-3-apdinHCl) (105/197)
Done with (3S)-3-Pyrrolidinamine (S-3-apyr) (106/197)
Done with (3-(Dimethylamino)propyl)ethylcarbodiimide (N-(3-dmaprop)-N'-ethylcarbodiimide) (107/197)
Done with N,N-Dimethyl-2-(1-piperazinyl)ethanamine (1-[2-(dma)ethyl]pip) (108/197)
Done with 4-Aminobenzamidine Dihydrochloride (4-aba dihydro) (109/197)
Done with Cyclam (1,4,8,11-tetraazacyclotetradecane) (110/197)
Done with 4-(1-Piperazinyl)aniline (1-(4-aminophenyl)pip) (111/197)
Done with Auramine O (Auramine O) (112/197)
Done with 1,3-Cyclohexanediyldimethanamine (1,3-chbma) (113/197)
Done with 2-Pyrrolidin-1-ylethanamine (1-2-aep) (114/197)
Done with N,N,N',N'-TETRAMETHYL-1,4-BUTANEDIAMINE (N,N,N',N'-tmbd) (115/197)
Done with Pyrimidin-2,4,6-triamin (2,4,6-tapyr) (116/197)
Done with 4-Methyl-1-piperazinamine (1-amino-4-mpip) (117/197)
Done with Piperidin-3-amindihydrochlorid (3-apdinHCl) (118/197)
Done with 1,3,5-Trimethyl-1,3,5-triazinane (tmhhta) (119/197)
Done with Isophorone diamine (5-atmchma) (120/197)
Done with bis(4-amino-3-methylcyclohexyl)methane (4,4'-mbmcha) (121/197)
Done with butane-1,4-diaminium dichloride (1,4-Diaminobutane dihydrochloride) (122/197)
Done with 4-(1-Pyrrolidinyl)piperidine (4-1-pp) (123/197)
Done with 3-Aminoquinuclidine dihydrochloride (aqnHCl) (124/197)
Done with Diethylenetriamine (deta) (125/197)
Done with Triethylenetetramine (teta) (126/197)
Done with 1,4-Diazepane (hpip) (127/197)
Done with Hexamine (hmta) (128/197)
Done with (R)-2-methylpiperazine (R-2-mpip) (129/197)
Done with (2S)-2-Methylpiperazine (S-2-mpip) (130/197)
Done with 2-Piperazinoethylamine (aep) (131/197)
Done with (3S)-quinuclidin-3-amine dichlorhydrate (S-aqnHCl) (132/197)
Done with 1,4-dimethylpiperazine hydrochloride (1,4-dmpipHCl) (133/197)
Done with Sodium oxalate (Na2C2O4) (134/197)
Done with methylpyrazine (2-mpyz) (135/197)
Done with 2,5-Dimethylpyrazine (2,5-dmpyz) (136/197)
Done with Ethanol (EtOH) (137/197)
Done with Ethylene glycol (Ethylene glycol) (138/197)
Done with N,N'-Bis(2-aminoethyl)-1,2-ethanediamine hydrate (1:1) (teth) (139/197)
Done with Tetra-n-butylammonium bromide (tbaBr) (140/197)
Done with Lithium hydroxide (LiOH) (141/197)
Done with Caesium hydroxide (CsOH) (142/197)
Done with Imidazole (imid) (143/197)
Done with Octane (1-mhep) (144/197)
Done with 2-Octanamine (2-aoct) (145/197)
Done with Sulfuric acid (H2SO4) (146/197)
Done with Iodic acid (HIO3) (147/197)
Done with 3-Pyridinamine hydrochloride (1:1) (3-apyrhHCl) (148/197)
Done with Pyrazine (pyz) (149/197)
Done with pentaethylenehexamine (peha) (150/197)
Done with tetraethylenepentamine (tepa) (151/197)
Done with Pyrazinoic acid (pyz-COOH) (152/197)
Done with N,N-Diethylpropan-1,3-diamin (3-deap) (153/197)
Done with 1,3-Di-4-piperidylpropane (tmdp) (154/197)
Done with N,N,N',N'-Tetramethyl-1,3-butanediamine (tmbda) (155/197)
Done with 1-Cyclohexylpiperazine (1-chp) (156/197)
Done with N,N'-DIMETHYL-1,6-HEXANEDIAMINE (N,N'-dmhda) (157/197)
Done with 2,3-Dimethylpiperazin (2,3-dmp) (158/197)
Done with N-Methyl-2-(2-aminoethyl)pyrrolidine (2-aemp) (159/197)
Done with 2,2,6,6-Tetramethyl-4-piperidinamine (4-a-2,2,6,6-tmp) (160/197)
Done with N-Methyl-4-piperidinamine (4-mapip) (161/197)
Done with 3-Aminomethyl piperidine (3-ampip) (162/197)
Done with 3-Pyrrolidinopropylamine (1-3-app) (163/197)
Done with 2-Piperidinamine (2-apip) (164/197)
Done with 1-Butylpiperazine (1-bpip) (165/197)
Done with N,N-Dimethyl-3-pyrrolidinamine (N,N-dm-3-pa) (166/197)
Done with Spermine (Spermine) (167/197)
Done with Water (H2O) (168/197)
Done with 2,3,4-Collidine (4,4'-tmpip) (169/197)
Done with (3S)-Pyrrolidin-3-amindihydrochlorid (S-3-apyrHCl) (170/197)
Done with 2,2-Dimethyl-1,3-propanediamine (2,2-dmpda) (171/197)
Done with 2-amino-1-dimethylaminopropane (dmapa) (172/197)
Done with 4,4'-propane-1,3-diylbis(1-methylpiperidine) (4,4'-tmbmp) (173/197)
Done with 2-(1-Piperidinyl)-1-butanamine (2-pba) (174/197)
Done with N,N,N',N`-Tetramethylhexanediamine (tmhda) (175/197)
Done with DYTEK A amine (1,5-damp) (176/197)
Done with spermidine (spermidine) (177/197)
Done with N,N-Dimethyl-3-(1-piperazinyl)-1-propanamine (1-[3-(dma)propyl]pip) (178/197)
Done with melamine (Melamine) (179/197)
Done with 2-Guanidinobenzimidazole (2-Guanidinobenzimidazole) (180/197)
Done with Phthalimide diimide (1,3-Diiminoisoindoline) (181/197)
Done with Diethylamine (diethylamine) (182/197)
Done with Acetic acid (Ac) (183/197)
Done with Malonic acid (malH2) (184/197)
Done with Disodium malonate (Na2mal) (185/197)
Done with Squaric acid (squH2) (186/197)
Done with Phthalic acid (phtH2) (187/197)
Done with Isophthalic acid (i-phtH2) (188/197)
Done with lambda~5~-Boranylidynetungsten (bwH2) (189/197)
Done with 1,4-Benzenediol hydrochloride (1:1) (Cl2bqH2) (190/197)
Done with p-Phthalic acid (H2Te) (191/197)
Done with Potassium fluoride (KF) (192/197)
Done with 1-Butyl-3-methylimidazolium Bromide (Bmim Br) (193/197)
Done with 1-(1-Methyl-4-piperidinyl)piperazine (1-(1-Methyl-4-piperidinyl)piperazine) (194/197)
Done with Hydrochloric acid (HCl) (195/197)
Done with Sodium hydroxide (NaOH) (196/197)
Done with R-3-aminopyrrolidine dihydrochloride (R-3-apyrHCl) (197/197)
Done with <module 'DRP.plugins.moldescriptors.drp' from '/home/geoffrey/repos/DRP_main/DRP_repo/DRP/plugins/moldescriptors/drp.pyc'>
Deleting old descriptors
Filtering out compounds without valid SMILES or INCHI
/home/geoffrey/repos/DRP_main/DRP_repo/DRP/plugins/moldescriptors/chemaxon.py:198: UserWarning: Compound not found
  warnings.warn("Compound not found")

Calculating descriptors for 186 compounds with valid SMILES/INCHI
Traceback (most recent call last):
  File "/usr/lib/python2.7/runpy.py", line 162, in _run_module_as_main
    "__main__", fname, loader, pkg_name)
  File "/usr/lib/python2.7/runpy.py", line 72, in _run_code
    exec code in run_globals
  File "/usr/lib/python2.7/cProfile.py", line 199, in <module>
    main()
  File "/usr/lib/python2.7/cProfile.py", line 192, in main
    runctx(code, globs, None, options.outfile, options.sort)
  File "/usr/lib/python2.7/cProfile.py", line 49, in runctx
    prof = prof.runctx(statement, globals, locals)
  File "/usr/lib/python2.7/cProfile.py", line 140, in runctx
    exec cmd in globals, locals
  File "run_things.py", line 11, in <module>
    compounds.calculate_descriptors(verbose=True)
  File "/home/geoffrey/repos/DRP_main/DRP_repo/DRP/models/Compound.py", line 161, in calculate_descriptors
    descriptorPlugin.calculate_many(self, verbose=verbose)
  File "/home/geoffrey/repos/DRP_main/DRP_repo/DRP/plugins/moldescriptors/chemaxon.py", line 169, in calculate_many
    _calculate_with_lec(filtered_compounds, verbose=verbose)
  File "/home/geoffrey/repos/DRP_main/DRP_repo/DRP/plugins/moldescriptors/chemaxon.py", line 209, in _calculate_with_lec
    print "Calculating descriptors for {} compounds with valid SMILES/INCHI".format(len(compound_dict))
  File "/usr/lib/python2.7/subprocess.py", line 1376, in wait
    pid, sts = _eintr_retry_call(os.waitpid, self.pid, 0)
  File "/usr/lib/python2.7/subprocess.py", line 476, in _eintr_retry_call
    return func(*args)
KeyboardInterrupt
