G4_legacy excluded because all non-None values are the same
G3_legacy excluded because all non-None values are the same
G2_legacy excluded because all non-None values are the same
G1_legacy excluded because all non-None values are the same
Cs_legacy excluded because all non-None values are the same
AlkaliMetal_legacy excluded because all non-None values are the same
C_legacy excluded because all non-None values are the same
G11_legacy excluded because all non-None values are the same
Lanthanide_legacy excluded because all non-None values are the same
P7_legacy excluded because all non-None values are the same
P2_legacy excluded because all non-None values are the same
P1_legacy excluded because all non-None values are the same
P6_legacy excluded because all non-None values are the same
G15_legacy excluded because all non-None values are the same
O_legacy excluded because all non-None values are the same
Cr_legacy excluded because all non-None values are the same
G7_legacy excluded because all non-None values are the same
Cu_legacy excluded because all non-None values are the same
Actinide_legacy excluded because all non-None values are the same
G8_legacy excluded because all non-None values are the same
F_legacy excluded because all non-None values are the same
G17_legacy excluded because all non-None values are the same
G14_legacy excluded because all non-None values are the same
G10_legacy excluded because all non-None values are the same
P3_legacy excluded because all non-None values are the same
Li_legacy excluded because all non-None values are the same
V0_legacy excluded because all non-None values are the same
V1_legacy excluded because all non-None values are the same
V7_legacy excluded because all non-None values are the same
G18_legacy excluded because all non-None values are the same
Kept 246 of 276 descriptors
