Calling transform
Transforming training set
2016-03-04 18:38:08.982112 Generating transformed descriptors for 4193 reactions
Transforming...
	...transformed
No existing descriptors found for this metric container. Creating them...
	...created
Inputting values for given reactions...
Done with descriptor 0 of 387
Done with descriptor 1 of 387
Done with descriptor 2 of 387
Done with descriptor 3 of 387
Done with descriptor 4 of 387
Done with descriptor 5 of 387
Done with descriptor 6 of 387
Done with descriptor 7 of 387
Done with descriptor 8 of 387
Done with descriptor 9 of 387
Done with descriptor 10 of 387
Done with descriptor 11 of 387
Done with descriptor 12 of 387
Done with descriptor 13 of 387
Done with descriptor 14 of 387
Done with descriptor 15 of 387
Done with descriptor 16 of 387
Done with descriptor 17 of 387
Done with descriptor 18 of 387
Done with descriptor 19 of 387
Done with descriptor 20 of 387
Done with descriptor 21 of 387
Done with descriptor 22 of 387
Done with descriptor 23 of 387
Done with descriptor 24 of 387
Done with descriptor 25 of 387
Done with descriptor 26 of 387
Done with descriptor 27 of 387
Done with descriptor 28 of 387
Done with descriptor 29 of 387
Done with descriptor 30 of 387
Done with descriptor 31 of 387
Done with descriptor 32 of 387
Done with descriptor 33 of 387
Done with descriptor 34 of 387
Done with descriptor 35 of 387
Done with descriptor 36 of 387
Done with descriptor 37 of 387
Done with descriptor 38 of 387
Done with descriptor 39 of 387
Done with descriptor 40 of 387
Done with descriptor 41 of 387
Done with descriptor 42 of 387
Done with descriptor 43 of 387
Done with descriptor 44 of 387
Done with descriptor 45 of 387
Done with descriptor 46 of 387
Done with descriptor 47 of 387
Done with descriptor 48 of 387
Done with descriptor 49 of 387
Done with descriptor 50 of 387
Done with descriptor 51 of 387
Done with descriptor 52 of 387
Done with descriptor 53 of 387
Done with descriptor 54 of 387
Done with descriptor 55 of 387
Done with descriptor 56 of 387
Done with descriptor 57 of 387
Done with descriptor 58 of 387
Done with descriptor 59 of 387
Done with descriptor 60 of 387
Done with descriptor 61 of 387
Done with descriptor 62 of 387
Done with descriptor 63 of 387
Done with descriptor 64 of 387
Done with descriptor 65 of 387
Done with descriptor 66 of 387
Done with descriptor 67 of 387
Done with descriptor 68 of 387
Done with descriptor 69 of 387
Done with descriptor 70 of 387
Done with descriptor 71 of 387
Done with descriptor 72 of 387
Done with descriptor 73 of 387
Done with descriptor 74 of 387
Done with descriptor 75 of 387
Done with descriptor 76 of 387
Done with descriptor 77 of 387
Done with descriptor 78 of 387
Done with descriptor 79 of 387
Done with descriptor 80 of 387
Done with descriptor 81 of 387
Done with descriptor 82 of 387
Done with descriptor 83 of 387
Done with descriptor 84 of 387
Done with descriptor 85 of 387
Done with descriptor 86 of 387
Done with descriptor 87 of 387
Done with descriptor 88 of 387
Done with descriptor 89 of 387
Done with descriptor 90 of 387
Done with descriptor 91 of 387
Done with descriptor 92 of 387
Done with descriptor 93 of 387
Done with descriptor 94 of 387
Done with descriptor 95 of 387
Done with descriptor 96 of 387
Done with descriptor 97 of 387
Done with descriptor 98 of 387
Done with descriptor 99 of 387
Done with descriptor 100 of 387
Done with descriptor 101 of 387
Done with descriptor 102 of 387
Done with descriptor 103 of 387
Done with descriptor 104 of 387
Done with descriptor 105 of 387
Done with descriptor 106 of 387
Done with descriptor 107 of 387
Done with descriptor 108 of 387
Done with descriptor 109 of 387
Done with descriptor 110 of 387
Done with descriptor 111 of 387
Done with descriptor 112 of 387
Done with descriptor 113 of 387
Done with descriptor 114 of 387
Done with descriptor 115 of 387
Done with descriptor 116 of 387
Done with descriptor 117 of 387
Done with descriptor 118 of 387
Done with descriptor 119 of 387
Done with descriptor 120 of 387
Done with descriptor 121 of 387
Done with descriptor 122 of 387
Done with descriptor 123 of 387
Done with descriptor 124 of 387
Done with descriptor 125 of 387
Done with descriptor 126 of 387
Done with descriptor 127 of 387
Done with descriptor 128 of 387
Done with descriptor 129 of 387
Done with descriptor 130 of 387
Done with descriptor 131 of 387
Done with descriptor 132 of 387
Done with descriptor 133 of 387
Done with descriptor 134 of 387
Done with descriptor 135 of 387
Done with descriptor 136 of 387
Done with descriptor 137 of 387
Done with descriptor 138 of 387
Done with descriptor 139 of 387
Done with descriptor 140 of 387
Done with descriptor 141 of 387
Done with descriptor 142 of 387
Done with descriptor 143 of 387
Done with descriptor 144 of 387
Done with descriptor 145 of 387
Done with descriptor 146 of 387
Done with descriptor 147 of 387
Done with descriptor 148 of 387
Done with descriptor 149 of 387
Done with descriptor 150 of 387
Done with descriptor 151 of 387
Done with descriptor 152 of 387
Done with descriptor 153 of 387
Done with descriptor 154 of 387
Done with descriptor 155 of 387
Done with descriptor 156 of 387
Done with descriptor 157 of 387
Done with descriptor 158 of 387
Done with descriptor 159 of 387
Done with descriptor 160 of 387
Done with descriptor 161 of 387
Done with descriptor 162 of 387
Done with descriptor 163 of 387
Done with descriptor 164 of 387
Done with descriptor 165 of 387
Done with descriptor 166 of 387
Done with descriptor 167 of 387
Done with descriptor 168 of 387
Done with descriptor 169 of 387
Done with descriptor 170 of 387
Done with descriptor 171 of 387
Done with descriptor 172 of 387
Done with descriptor 173 of 387
Done with descriptor 174 of 387
Done with descriptor 175 of 387
Done with descriptor 176 of 387
Done with descriptor 177 of 387
Done with descriptor 178 of 387
Done with descriptor 179 of 387
Done with descriptor 180 of 387
Done with descriptor 181 of 387
Done with descriptor 182 of 387
Done with descriptor 183 of 387
Done with descriptor 184 of 387
Done with descriptor 185 of 387
Done with descriptor 186 of 387
Done with descriptor 187 of 387
Done with descriptor 188 of 387
Done with descriptor 189 of 387
Done with descriptor 190 of 387
Done with descriptor 191 of 387
Done with descriptor 192 of 387
Done with descriptor 193 of 387
Done with descriptor 194 of 387
Done with descriptor 195 of 387
Done with descriptor 196 of 387
Done with descriptor 197 of 387
Done with descriptor 198 of 387
Done with descriptor 199 of 387
Done with descriptor 200 of 387
Done with descriptor 201 of 387
