Starting building at 2016-03-04 20:15:33.363548
No splitter. Using given test and training sets.
2016-03-04 20:16:05.948778 statsModel 203, saving to /home/gmartinn/DRP_main/DRP_repo/models/186_203, training...
Writing arff to /home/gmartinn/DRP_main/DRP_repo/tmp/203_e67b432b-5414-4063-bf99-2f071007fa81.arff
Running in Shell:
export CLASSPATH=$CLASSPATH:/usr/share/java/weka.jar; java weka.classifiers.trees.J48 -t /home/gmartinn/DRP_main/DRP_repo/tmp/203_e67b432b-5414-4063-bf99-2f071007fa81.arff -d /home/gmartinn/DRP_main/DRP_repo/models/186_203 -p 0 -c 1
	...Trained. Finished at 2016-03-04 20:31:44.879346. Saving statsModel... saved
Predicting test set...
Writing results to /home/gmartinn/DRP_main/DRP_repo/tmp/203_47529c06-e18c-4cf8-aad8-e0e0e5d42ac2.out
	...finished predicting. Storing predictions... predictions stored.
Storing overall model predictions... predictions stored.
Finished at 2016-03-04 20:37:31.127062
Confusion matrix for boolean_crystallisation_outcome_prediction_186_summative__:
      False  True 
False  323   201  
 True  311   1230 
Accuracy: 0.752
BCR: 0.685
Confusion matrix for boolean_crystallisation_outcome_prediction_186_component_203__:
      False  True 
False  323   201  
 True  311   1230 
Accuracy: 0.752
BCR: 0.685
