Starting building at 2016-03-04 20:15:33.363485
No splitter. Using given test and training sets.
2016-03-04 20:16:05.915373 statsModel 201, saving to /home/gmartinn/DRP_main/DRP_repo/models/187_201, training...
Writing arff to /home/gmartinn/DRP_main/DRP_repo/tmp/201_177d6f80-8ecf-4b5b-84cc-ec3bb8cd6500.arff
Running in Shell:
export CLASSPATH=$CLASSPATH:/usr/share/java/weka.jar; java weka.classifiers.lazy.IBk -t /home/gmartinn/DRP_main/DRP_repo/tmp/201_177d6f80-8ecf-4b5b-84cc-ec3bb8cd6500.arff -d /home/gmartinn/DRP_main/DRP_repo/models/187_201 -p 0 -c 1
	...Trained. Finished at 2016-03-04 20:27:36.910734. Saving statsModel... saved
Predicting test set...
Writing results to /home/gmartinn/DRP_main/DRP_repo/tmp/201_1ab53846-a995-4b36-9041-bf03c35ccd94.out
	...finished predicting. Storing predictions... predictions stored.
Storing overall model predictions... predictions stored.
Finished at 2016-03-04 20:47:20.683732
Confusion matrix for boolean_crystallisation_outcome_prediction_187_summative__:
      False  True 
False  313   268  
 True  321   1163 
Accuracy: 0.715
BCR: 0.653
Confusion matrix for boolean_crystallisation_outcome_prediction_187_component_201__:
      False  True 
False  313   268  
 True  321   1163 
Accuracy: 0.715
BCR: 0.653
