Starting building at 2016-03-03 22:14:03.547910
No splitter. Using given test and training sets.
2016-03-03 22:14:10.595210 statsModel 168, saving to /home/gmartinn/DRP_main/DRP_repo/models/150_168, training...
Writing arff to /home/gmartinn/DRP_main/DRP_repo/tmp/168_fc75a11e-37b3-4f21-b2ab-b80ebc409311.arff
Running in Shell:
export CLASSPATH=$CLASSPATH:/usr/share/java/weka.jar; java weka.classifiers.functions.SMO -t /home/gmartinn/DRP_main/DRP_repo/tmp/168_fc75a11e-37b3-4f21-b2ab-b80ebc409311.arff -d /home/gmartinn/DRP_main/DRP_repo/models/150_168 -K "weka.classifiers.functions.supportVector.Puk -O 0.5 -S 7.0" -p 0 -c 1
	...Trained. Finished at 2016-03-03 22:31:46.212549. Saving statsModel... saved
Predicting test set...
Writing results to /home/gmartinn/DRP_main/DRP_repo/tmp/168_051a6d87-24d9-4ad4-a3bd-e223a7afa711.out
	...finished predicting. Storing predictions... predictions stored.
Storing overall model predictions... predictions stored.
Finished at 2016-03-03 22:36:08.634274
Confusion matrix for boolean_crystallisation_outcome_prediction_150_summative__:
      False  True 
False   0     0   
 True  634   1431 
Accuracy: 0.693
BCR: 0.5
Confusion matrix for boolean_crystallisation_outcome_prediction_150_component_168__:
      False  True 
False   0     0   
 True  634   1431 
Accuracy: 0.693
BCR: 0.5
