Starting building at 2016-03-04 20:15:33.399013
No splitter. Using given test and training sets.
2016-03-04 20:16:05.915363 statsModel 202, saving to /home/gmartinn/DRP_main/DRP_repo/models/189_202, training...
Writing arff to /home/gmartinn/DRP_main/DRP_repo/tmp/202_f9f38c8a-8f94-4452-a75c-0302073af361.arff
Running in Shell:
export CLASSPATH=$CLASSPATH:/usr/share/java/weka.jar; java weka.classifiers.functions.SMO -t /home/gmartinn/DRP_main/DRP_repo/tmp/202_f9f38c8a-8f94-4452-a75c-0302073af361.arff -d /home/gmartinn/DRP_main/DRP_repo/models/189_202 -K "weka.classifiers.functions.supportVector.Puk -O 0.5 -S 7.0" -p 0 -c 1
	...Trained. Finished at 2016-03-04 20:41:48.428261. Saving statsModel... saved
Predicting test set...
Writing results to /home/gmartinn/DRP_main/DRP_repo/tmp/202_2db3cf2d-0310-4f61-888a-aef2631daed3.out
	...finished predicting. Storing predictions... predictions stored.
Storing overall model predictions... predictions stored.
Finished at 2016-03-04 20:46:57.178613
Confusion matrix for boolean_crystallisation_outcome_prediction_189_summative__:
      False  True 
False   0     0   
 True  634   1431 
Accuracy: 0.693
BCR: 0.5
Confusion matrix for boolean_crystallisation_outcome_prediction_189_component_202__:
      False  True 
False   0     0   
 True  634   1431 
Accuracy: 0.693
BCR: 0.5
